2023-09-04 00:22:02.577 [HikariPool-28 housekeeper] WARN  com.zaxxer.hikari.pool.HikariPool - HikariPool-28 - Thread starvation or clock leap detected (housekeeper delta=3h1s500ms214µs).
2023-09-04 00:28:49.995 [HikariPool-28 housekeeper] WARN  com.zaxxer.hikari.pool.HikariPool - HikariPool-28 - Thread starvation or clock leap detected (housekeeper delta=5m51s781ms486µs700ns).
2023-09-04 00:30:01.292 [File Watcher] INFO  o.s.b.d.a.LocalDevToolsAutoConfiguration$RestartingClassPathChangeChangedEventListener - Restarting due to 1 class path change (0 additions, 0 deletions, 1 modification)
2023-09-04 00:30:04.062 [Thread-110] INFO  o.a.coyote.http11.Http11NioProtocol - Pausing ProtocolHandler ["http-nio-2023"]
2023-09-04 00:30:04.063 [Thread-110] INFO  o.a.catalina.core.StandardService - Stopping service [Tomcat]
2023-09-04 00:30:04.067 [Thread-110] INFO  o.a.coyote.http11.Http11NioProtocol - Stopping ProtocolHandler ["http-nio-2023"]
2023-09-04 00:30:04.074 [Thread-110] INFO  o.a.coyote.http11.Http11NioProtocol - Destroying ProtocolHandler ["http-nio-2023"]
2023-09-04 00:30:04.078 [Thread-110] INFO  o.s.o.j.LocalContainerEntityManagerFactoryBean - Closing JPA EntityManagerFactory for persistence unit 'default'
2023-09-04 00:30:04.078 [Thread-110] INFO  com.zaxxer.hikari.HikariDataSource - HikariPool-28 - Shutdown initiated...
2023-09-04 00:30:04.091 [Thread-110] INFO  com.zaxxer.hikari.HikariDataSource - HikariPool-28 - Shutdown completed.
2023-09-04 00:30:04.227 [restartedMain] INFO  com.inn.RoomManagementApplication - Starting RoomManagementApplication using Java 11.0.12 on RINIPC583 with PID 27220 (C:\Final_Room_Management\Room_Management\Room_Management\target\classes started by sarfaraz.alam in C:\Final_Room_Management\Room_Management\Room_Management)
2023-09-04 00:30:04.228 [restartedMain] INFO  com.inn.RoomManagementApplication - No active profile set, falling back to 1 default profile: "default"
2023-09-04 00:30:04.638 [restartedMain] INFO  o.s.d.r.c.RepositoryConfigurationDelegate - Bootstrapping Spring Data JPA repositories in DEFAULT mode.
2023-09-04 00:30:04.716 [restartedMain] INFO  o.s.d.r.c.RepositoryConfigurationDelegate - Finished Spring Data repository scanning in 78 ms. Found 9 JPA repository interfaces.
2023-09-04 00:30:04.852 [restartedMain] INFO  o.s.b.w.e.tomcat.TomcatWebServer - Tomcat initialized with port(s): 2023 (http)
2023-09-04 00:30:04.853 [restartedMain] INFO  o.a.coyote.http11.Http11NioProtocol - Initializing ProtocolHandler ["http-nio-2023"]
2023-09-04 00:30:04.853 [restartedMain] INFO  o.a.catalina.core.StandardService - Starting service [Tomcat]
2023-09-04 00:30:04.853 [restartedMain] INFO  o.a.catalina.core.StandardEngine - Starting Servlet engine: [Apache Tomcat/9.0.78]
2023-09-04 00:30:04.900 [restartedMain] INFO  o.a.c.c.C.[Tomcat-1].[localhost].[/] - Initializing Spring embedded WebApplicationContext
2023-09-04 00:30:04.900 [restartedMain] INFO  o.s.b.w.s.c.ServletWebServerApplicationContext - Root WebApplicationContext: initialization completed in 669 ms
2023-09-04 00:30:04.996 [restartedMain] INFO  o.h.jpa.internal.util.LogHelper - HHH000204: Processing PersistenceUnitInfo [name: default]
2023-09-04 00:30:05.007 [restartedMain] INFO  com.zaxxer.hikari.HikariDataSource - HikariPool-29 - Starting...
2023-09-04 00:30:05.035 [restartedMain] INFO  com.zaxxer.hikari.HikariDataSource - HikariPool-29 - Start completed.
2023-09-04 00:30:05.035 [restartedMain] INFO  org.hibernate.dialect.Dialect - HHH000400: Using dialect: org.hibernate.dialect.MySQL5InnoDBDialect
2023-09-04 00:30:05.201 [restartedMain] INFO  o.h.e.t.j.p.i.JtaPlatformInitiator - HHH000490: Using JtaPlatform implementation: [org.hibernate.engine.transaction.jta.platform.internal.NoJtaPlatform]
2023-09-04 00:30:05.202 [restartedMain] INFO  o.s.o.j.LocalContainerEntityManagerFactoryBean - Initialized JPA EntityManagerFactory for persistence unit 'default'
2023-09-04 00:30:05.585 [restartedMain] WARN  o.s.b.a.o.j.JpaBaseConfiguration$JpaWebConfiguration - spring.jpa.open-in-view is enabled by default. Therefore, database queries may be performed during view rendering. Explicitly configure spring.jpa.open-in-view to disable this warning
2023-09-04 00:30:05.769 [restartedMain] INFO  o.s.b.d.a.OptionalLiveReloadServer - LiveReload server is running on port 35729
2023-09-04 00:30:05.775 [restartedMain] INFO  o.s.b.a.e.web.EndpointLinksResolver - Exposing 1 endpoint(s) beneath base path '/actuator'
2023-09-04 00:30:05.798 [restartedMain] INFO  o.a.coyote.http11.Http11NioProtocol - Starting ProtocolHandler ["http-nio-2023"]
2023-09-04 00:30:05.802 [restartedMain] INFO  o.s.b.w.e.tomcat.TomcatWebServer - Tomcat started on port(s): 2023 (http) with context path ''
2023-09-04 00:30:05.815 [restartedMain] INFO  com.inn.RoomManagementApplication - Started RoomManagementApplication in 1.642 seconds (JVM running for 26583.201)
2023-09-04 00:30:05.819 [restartedMain] INFO  o.s.b.d.a.ConditionEvaluationDeltaLoggingListener - Condition evaluation unchanged
2023-09-04 00:30:33.901 [http-nio-2023-exec-1] INFO  o.a.c.c.C.[Tomcat-1].[localhost].[/] - Initializing Spring DispatcherServlet 'dispatcherServlet'
2023-09-04 00:30:33.914 [http-nio-2023-exec-1] INFO  o.s.web.servlet.DispatcherServlet - Initializing Servlet 'dispatcherServlet'
2023-09-04 00:30:33.931 [http-nio-2023-exec-1] INFO  o.s.web.servlet.DispatcherServlet - Completed initialization in 4 ms
2023-09-04 00:30:33.961 [http-nio-2023-exec-1] INFO  c.i.c.i.NotificationDetailControllerImpl - Inside the method updateNotificationDetailStatusByExcelSheet
2023-09-04 00:30:33.963 [http-nio-2023-exec-1] INFO  c.i.s.i.NotificationDetailServiceImpl - Inside the method updateNotificationDetailStatusByExcelSheet
2023-09-04 00:30:33.971 [http-nio-2023-exec-1] INFO  c.i.s.i.NotificationDetailServiceImpl - Inside  Method createFileUploadInfo FileName=UpdateStausBySheet.xlsx
2023-09-04 00:30:33.973 [http-nio-2023-exec-1] INFO  c.i.s.i.NotificationDetailServiceImpl - Inside the  Method storeImportExcelFile fileName FileName=UpdateStausBySheet.xlsx
2023-09-04 00:30:33.974 [http-nio-2023-exec-1] INFO  c.i.s.i.NotificationDetailServiceImpl - Date format :Date=20230904003033
2023-09-04 00:30:33.977 [http-nio-2023-exec-1] INFO  c.i.s.i.NotificationDetailServiceImpl - File path :filePath::=C:\Final_Room_Management\Room_Management\UploadDocument\20230904003033\
2023-09-04 00:30:33.979 [http-nio-2023-exec-1] INFO  c.i.s.i.NotificationDetailServiceImpl - File Path FilePath=C:\Final_Room_Management\Room_Management\UploadDocument\20230904003033\ 
2023-09-04 00:30:34.114 [http-nio-2023-exec-1] INFO  c.i.s.i.NotificationDetailServiceImpl - After set the values in returnMap :
2023-09-04 00:30:34.117 [http-nio-2023-exec-1] INFO  c.i.s.i.DocumentAttachmentServiceImpl - Inside the method create documentAttachment=DocumentAttachment(id=null, identifier=DOC-1F93A4, fileName=UpdateStausBySheet.xlsx, filePath=C:\Final_Room_Management\Room_Management\UploadDocument\20230904003033\, fileSize=510770802688, extension=xlsx, status=null, responseFilePath=null, isHeaderMatched=null, isProcessed=false, createdDate=null, createdTime=null, modifiedDate=null, modifiedTime=null)
2023-09-04 00:30:34.153 [http-nio-2023-exec-1] INFO  c.i.s.i.NotificationDetailServiceImpl - simdetailsSheetGlobal:::: 3
2023-09-04 00:30:34.153 [http-nio-2023-exec-1] INFO  c.i.s.i.NotificationDetailServiceImpl - Inside the method headerMatched
2023-09-04 00:30:34.154 [http-nio-2023-exec-1] INFO  c.i.s.i.NotificationDetailServiceImpl - Inside the if cond ...
2023-09-04 00:30:34.154 [http-nio-2023-exec-1] INFO  c.i.s.i.NotificationDetailServiceImpl - PURCHASE ID<------->PURCHASE ID
2023-09-04 00:30:34.155 [http-nio-2023-exec-1] INFO  c.i.s.i.NotificationDetailServiceImpl - USERNAME<------->USERNAME
2023-09-04 00:30:34.155 [http-nio-2023-exec-1] INFO  c.i.s.i.NotificationDetailServiceImpl - STATUS<------->STATUS
2023-09-04 00:30:34.155 [http-nio-2023-exec-1] INFO  c.i.s.i.NotificationDetailServiceImpl - COMFIRMED<------->COMFIRMED
2023-09-04 00:30:34.155 [http-nio-2023-exec-1] INFO  c.i.s.i.NotificationDetailServiceImpl - Is Header Match IsheaderMatch=true
2023-09-04 00:30:34.155 [http-nio-2023-exec-1] INFO  c.i.s.i.DocumentAttachmentServiceImpl - Inside the method create documentAttachment=DocumentAttachment(id=5, identifier=DOC-1F93A4, fileName=UpdateStausBySheet.xlsx, filePath=C:\Final_Room_Management\Room_Management\UploadDocument\20230904003033\, fileSize=510770802688, extension=xlsx, status=null, responseFilePath=null, isHeaderMatched=true, isProcessed=false, createdDate=2023-09-04, createdTime=00:30 AM, modifiedDate=null, modifiedTime=null)
2023-09-04 00:30:34.170 [http-nio-2023-exec-1] INFO  c.i.s.i.NotificationDetailServiceImpl - check genericSchedularImport  end return Mon Sep 04 00:30:34 IST 2023
2023-09-04 00:30:34.171 [http-nio-2023-exec-1] INFO  c.i.s.i.DocumentAttachmentServiceImpl - Inside the method create documentAttachment=DocumentAttachment(id=5, identifier=DOC-1F93A4, fileName=UpdateStausBySheet.xlsx, filePath=C:\Final_Room_Management\Room_Management\UploadDocument\20230904003033\, fileSize=510770802688, extension=xlsx, status=Pending, responseFilePath=null, isHeaderMatched=true, isProcessed=false, createdDate=2023-09-04, createdTime=00:30 AM, modifiedDate=null, modifiedTime=null)
2023-09-04 00:31:01.615 [http-nio-2023-exec-2] INFO  c.i.c.i.NotificationDetailControllerImpl - Inside the method processNotificationDetailStatusByExcelSheet 
2023-09-04 00:31:01.617 [http-nio-2023-exec-2] INFO  c.i.s.i.NotificationDetailServiceImpl - Inside the method processNotificationDetailStatusByExcelSheet 
2023-09-04 00:31:01.618 [http-nio-2023-exec-2] INFO  c.i.s.i.DocumentAttachmentServiceImpl - Inside the method getDocumentAttachmentListByStatus 
2023-09-04 00:31:01.623 [http-nio-2023-exec-2] INFO  c.i.s.i.NotificationDetailServiceImpl - Inside the method readExcelSheetData :
2023-09-04 00:31:01.626 [http-nio-2023-exec-2] INFO  c.i.s.i.NotificationDetailServiceImpl - Inside the method getHeaderList :
2023-09-04 00:31:01.687 [http-nio-2023-exec-2] INFO  c.i.s.i.NotificationDetailServiceImpl - PO-22918F 
2023-09-04 00:31:01.688 [http-nio-2023-exec-2] INFO  c.i.s.i.NotificationDetailServiceImpl - sarfarazalam 
2023-09-04 00:31:01.688 [http-nio-2023-exec-2] INFO  c.i.s.i.NotificationDetailServiceImpl - Approved 
2023-09-04 00:31:01.688 [http-nio-2023-exec-2] INFO  c.i.s.i.NotificationDetailServiceImpl - Yes 
2023-09-04 00:31:01.688 [http-nio-2023-exec-2] INFO  c.i.s.i.NotificationDetailServiceImpl - PO-6A0F37 
2023-09-04 00:31:01.688 [http-nio-2023-exec-2] INFO  c.i.s.i.NotificationDetailServiceImpl - abhimaynukumar 
2023-09-04 00:31:01.689 [http-nio-2023-exec-2] INFO  c.i.s.i.NotificationDetailServiceImpl - Approved 
2023-09-04 00:31:01.689 [http-nio-2023-exec-2] INFO  c.i.s.i.NotificationDetailServiceImpl - Yes 
2023-09-04 00:31:01.689 [http-nio-2023-exec-2] INFO  c.i.s.i.NotificationDetailServiceImpl - PO-003 
2023-09-04 00:31:01.689 [http-nio-2023-exec-2] INFO  c.i.s.i.NotificationDetailServiceImpl - vikashKumar 
2023-09-04 00:31:01.689 [http-nio-2023-exec-2] INFO  c.i.s.i.NotificationDetailServiceImpl - Approved 
2023-09-04 00:31:01.690 [http-nio-2023-exec-2] INFO  c.i.s.i.NotificationDetailServiceImpl - Yes 
2023-09-04 00:31:01.690 [http-nio-2023-exec-2] INFO  c.i.s.i.NotificationDetailServiceImpl - Map Result resultMap={PO-22918F={PURCHASE ID=PO-22918F, USERNAME=sarfarazalam, STATUS=Approved, COMFIRMED=Yes}, PO-6A0F37={PURCHASE ID=PO-6A0F37, USERNAME=abhimaynukumar, STATUS=Approved, COMFIRMED=Yes}, PO-003={PURCHASE ID=PO-003, USERNAME=vikashKumar, STATUS=Approved, COMFIRMED=Yes}}
2023-09-04 00:31:01.690 [http-nio-2023-exec-2] INFO  c.i.s.i.NotificationDetailServiceImpl - Map data  mapdata=PO-22918F
2023-09-04 00:31:01.690 [http-nio-2023-exec-2] INFO  c.i.s.i.NotificationDetailServiceImpl - Inside the method updateStatusNotificationDetail 
2023-09-04 00:31:01.690 [http-nio-2023-exec-2] INFO  c.i.s.i.NotificationDetailServiceImpl - confirmed,username,status,purchaseId confirmed=Yes username=sarfarazalam status=Approved purchaseId=PO-22918F {}
2023-09-04 00:31:01.714 [http-nio-2023-exec-2] INFO  c.i.s.i.NotificationDetailServiceImpl - Error List  ERROR_LIST=[Status updated Successfully.]
2023-09-04 00:31:01.714 [http-nio-2023-exec-2] INFO  c.i.s.i.DocumentAttachmentServiceImpl - Inside the method create documentAttachment=DocumentAttachment(id=5, identifier=DOC-1F93A4, fileName=UpdateStausBySheet.xlsx, filePath=C:\Final_Room_Management\Room_Management\UploadDocument\20230904003033\, fileSize=510770802688, extension=xlsx, status=Completed, responseFilePath=null, isHeaderMatched=true, isProcessed=true, createdDate=2023-09-04, createdTime=00:30 AM, modifiedDate=2023-09-04, modifiedTime=00:31 AM)
2023-09-04 00:31:01.726 [http-nio-2023-exec-2] INFO  c.i.s.i.NotificationDetailServiceImpl - Map data  mapdata=PO-6A0F37
2023-09-04 00:31:01.726 [http-nio-2023-exec-2] INFO  c.i.s.i.NotificationDetailServiceImpl - Inside the method updateStatusNotificationDetail 
2023-09-04 00:31:01.726 [http-nio-2023-exec-2] INFO  c.i.s.i.NotificationDetailServiceImpl - confirmed,username,status,purchaseId confirmed=Yes username=abhimaynukumar status=Approved purchaseId=PO-6A0F37 {}
2023-09-04 00:31:01.739 [http-nio-2023-exec-2] INFO  c.i.s.i.NotificationDetailServiceImpl - Error List  ERROR_LIST=[Status updated Successfully., Status updated Successfully.]
2023-09-04 00:31:01.740 [http-nio-2023-exec-2] INFO  c.i.s.i.DocumentAttachmentServiceImpl - Inside the method create documentAttachment=DocumentAttachment(id=5, identifier=DOC-1F93A4, fileName=UpdateStausBySheet.xlsx, filePath=C:\Final_Room_Management\Room_Management\UploadDocument\20230904003033\, fileSize=510770802688, extension=xlsx, status=Completed, responseFilePath=null, isHeaderMatched=true, isProcessed=true, createdDate=2023-09-04, createdTime=00:31 AM, modifiedDate=2023-09-04, modifiedTime=00:31 AM)
2023-09-04 00:31:01.742 [http-nio-2023-exec-2] INFO  c.i.s.i.NotificationDetailServiceImpl - Map data  mapdata=PO-003
2023-09-04 00:31:01.743 [http-nio-2023-exec-2] INFO  c.i.s.i.NotificationDetailServiceImpl - Inside the method updateStatusNotificationDetail 
2023-09-04 00:31:01.743 [http-nio-2023-exec-2] INFO  c.i.s.i.NotificationDetailServiceImpl - confirmed,username,status,purchaseId confirmed=Yes username=vikashKumar status=Approved purchaseId=PO-003 {}
2023-09-04 00:31:01.746 [http-nio-2023-exec-2] INFO  c.i.s.i.NotificationDetailServiceImpl - Error List  ERROR_LIST=[Status updated Successfully., Status updated Successfully., Invalid Username or purchase Id]
2023-09-04 00:31:01.746 [http-nio-2023-exec-2] INFO  c.i.s.i.DocumentAttachmentServiceImpl - Inside the method create documentAttachment=DocumentAttachment(id=5, identifier=DOC-1F93A4, fileName=UpdateStausBySheet.xlsx, filePath=C:\Final_Room_Management\Room_Management\UploadDocument\20230904003033\, fileSize=510770802688, extension=xlsx, status=Completed, responseFilePath=null, isHeaderMatched=true, isProcessed=true, createdDate=2023-09-04, createdTime=00:31 AM, modifiedDate=2023-09-04, modifiedTime=00:31 AM)
