2023-11-26 00:00:00.013 [scheduling-1] INFO  c.i.s.i.NotificationDetailServiceImpl - Inside the method processSheetToUpdateNotificationDetailStatus 
2023-11-26 00:00:00.054 [scheduling-1] INFO  c.i.s.i.DocumentAttachmentServiceImpl - Inside the method getDocumentAttachmentListByStatus 
2023-11-26 00:00:00.073 [scheduling-1] INFO  c.i.s.i.NotificationDetailServiceImpl - documentAttachmentList documentAttachmentList=[DocumentAttachment(id=2, identifier=DOC-5C76E6, fileName=ChecListSheet.xlsx, filePath=C:\Final_Room_Management\Final_project\Room_Management\UploadDocument\20231125235921\, fileSize=510770802688, extension=xlsx, status=Pending, responseFilePath=null, responseFileName=null, isHeaderMatched=true, isProcessed=false, createdDate=2023-11-25, createdTime=23:59 PM, modifiedDate=null, modifiedTime=null)] documentAttachmentList size=1
2023-11-26 00:00:00.106 [scheduling-1] INFO  c.i.s.i.NotificationDetailServiceImpl - Inside the method readExcelSheetData :
2023-11-26 00:00:00.110 [scheduling-1] INFO  c.i.s.i.NotificationDetailServiceImpl - Inside the method getHeaderList :
2023-11-26 00:00:00.177 [scheduling-1] INFO  c.i.s.i.NotificationDetailServiceImpl - headerList headerList=[PURCHASE ID, USERNAME, STATUS, COMFIRMED]
2023-11-26 00:00:00.245 [scheduling-1] INFO  c.i.s.i.NotificationDetailServiceImpl - PO-60F2B7 
2023-11-26 00:00:00.253 [scheduling-1] INFO  c.i.s.i.NotificationDetailServiceImpl - abhimaynukumar 
2023-11-26 00:00:00.254 [scheduling-1] INFO  c.i.s.i.NotificationDetailServiceImpl - Approved 
2023-11-26 00:00:00.254 [scheduling-1] INFO  c.i.s.i.NotificationDetailServiceImpl - yes 
2023-11-26 00:00:00.255 [scheduling-1] INFO  c.i.s.i.NotificationDetailServiceImpl - resultMap resultMap={PO-60F2B7={PURCHASE ID=PO-60F2B7, USERNAME=abhimaynukumar, STATUS=Approved, COMFIRMED=yes}}
2023-11-26 00:00:00.255 [scheduling-1] INFO  c.i.s.i.NotificationDetailServiceImpl - Map data  mapdata=PO-60F2B7
2023-11-26 00:00:00.256 [scheduling-1] INFO  c.i.s.i.NotificationDetailServiceImpl - Inside the method updateStatusNotificationDetail 
2023-11-26 00:00:00.256 [scheduling-1] INFO  c.i.s.i.NotificationDetailServiceImpl - confirmed,username,status,purchaseId confirmed=yes username=abhimaynukumar status=Approved purchaseId=PO-60F2B7 {}
2023-11-26 00:00:00.272 [scheduling-1] INFO  c.i.s.i.NotificationDetailServiceImpl - Response Map responseMap={ErrorList=[Status updated Successfully.]}
2023-11-26 00:00:00.274 [scheduling-1] INFO  c.i.s.i.NotificationDetailServiceImpl - Error List  ERROR_LIST=[Status updated Successfully.]
2023-11-26 00:00:00.275 [scheduling-1] INFO  c.i.s.i.DocumentAttachmentServiceImpl - Inside the method create documentAttachment=DocumentAttachment(id=2, identifier=DOC-5C76E6, fileName=ChecListSheet.xlsx, filePath=C:\Final_Room_Management\Final_project\Room_Management\UploadDocument\20231125235921\, fileSize=510770802688, extension=xlsx, status=Completed, responseFilePath=null, responseFileName=null, isHeaderMatched=true, isProcessed=true, createdDate=2023-11-25, createdTime=23:59 PM, modifiedDate=2023-11-26, modifiedTime=00:00 AM)
2023-11-26 00:00:00.276 [scheduling-1] INFO  c.i.s.i.NotificationDetailServiceImpl - Inside the method createFileRespone
2023-11-26 00:00:00.277 [scheduling-1] INFO  c.i.s.i.NotificationDetailServiceImpl - Date format :Date=20231126000000
2023-11-26 00:00:00.277 [scheduling-1] INFO  c.i.s.i.NotificationDetailServiceImpl - File path :filePath::=C:\Final_Room_Management\Final_project\Room_Management\DownloadDocument\20231126000000\
2023-11-26 00:00:00.279 [scheduling-1] INFO  c.i.s.i.NotificationDetailServiceImpl - download Path downloadPath=C:\Final_Room_Management\Final_project\Room_Management\DownloadDocument\20231126000000\ 
2023-11-26 00:00:00.327 [scheduling-1] INFO  com.inn.utils.RoomUtil - Inside the XSSFCellStyle method
2023-11-26 00:00:00.348 [scheduling-1] INFO  com.inn.utils.RoomUtil - After set All the value in sheet method :
2023-11-26 00:00:00.402 [scheduling-1] INFO  c.i.s.i.DocumentAttachmentServiceImpl - Inside the method create documentAttachment=DocumentAttachment(id=2, identifier=DOC-5C76E6, fileName=ChecListSheet.xlsx, filePath=C:\Final_Room_Management\Final_project\Room_Management\UploadDocument\20231125235921\, fileSize=510770802688, extension=xlsx, status=Completed, responseFilePath=C:\Final_Room_Management\Final_project\Room_Management\DownloadDocument\20231126000000\, responseFileName=Result_20231126000000.xlsx, isHeaderMatched=true, isProcessed=true, createdDate=2023-11-26, createdTime=00:00 AM, modifiedDate=2023-11-26, modifiedTime=00:00 AM)
2023-11-26 00:00:00.427 [scheduling-1] INFO  c.i.s.i.PurchaseItemDetailServiceImpl - Inside the method updatePurchaseItemDetailStatus :
2023-11-26 00:00:00.428 [scheduling-1] INFO  c.i.s.i.NotificationDetailServiceImpl - Inside the method groupDataByPoIdentifier 
2023-11-26 00:00:00.428 [scheduling-1] INFO  c.i.s.i.NotificationDetailServiceImpl - Inside the method findAll 
2023-11-26 00:00:00.528 [scheduling-1] INFO  c.i.s.i.PurchaseItemDetailServiceImpl - After get the data from groupDataByPoIdentifier :
2023-11-26 00:00:00.529 [scheduling-1] INFO  c.i.s.i.PurchaseItemDetailServiceImpl - Inside the for loop poIdentifier=PO-60F2B7
2023-11-26 00:00:00.532 [scheduling-1] INFO  c.i.s.i.PurchaseItemDetailServiceImpl - value of isApproved IsApproved=true
2023-11-26 00:00:00.534 [scheduling-1] INFO  c.i.s.i.PurchaseItemDetailServiceImpl - value of isCancelled isCancelled=false
2023-11-26 00:00:00.535 [scheduling-1] INFO  c.i.s.i.PurchaseItemDetailServiceImpl - Inside the method findByIdentifier Identifier=PO-60F2B7
2023-11-26 00:00:00.597 [scheduling-1] INFO  c.i.s.i.PurchaseItemDetailServiceImpl - Purchase Item Detail Status : Status=Pending
2023-11-26 00:00:00.625 [scheduling-1] INFO  c.i.s.i.PurchaseItemDetailServiceImpl - Inside the method generateReport identifier=PO-60F2B7
2023-11-26 00:00:00.628 [scheduling-1] INFO  c.i.s.i.PurchaseItemDetailServiceImpl - Download Path DownloadPath=C:\Final_Room_Management\Final_project\Room_Management\DownloadPurchaseItemReport\202311260000\
2023-11-26 00:00:00.629 [scheduling-1] INFO  c.i.s.i.PurchaseItemDetailServiceImpl - sampleFilePath Detail  SampleFilePath=C:\Final_Room_Management\Final_project\Room_Management\Room_Management\target\classes\PurchaseItemDetail.jasper
2023-11-26 00:00:00.634 [scheduling-1] INFO  c.i.s.i.PurchaseItemDetailServiceImpl - Inside the method findByIdentifier Identifier=PO-60F2B7
2023-11-26 00:00:00.648 [scheduling-1] INFO  c.i.s.i.PurchaseItemDetailServiceImpl - After set values in parameter  Parameter={groupName=AA, purchaseDate=2023-08-17, modeOfPayment=CASH, purchaseId=PO-60F2B7, userId=USER-5CD1B7, email=sarfarazalam2702@gmail.com, paymentStatus=DONE, username=sarfarazalam, status=Approved}
2023-11-26 00:00:00.796 [scheduling-1] INFO  c.i.s.i.PurchaseItemDetailServiceImpl - Full file path and file name Full path =C:\Final_Room_Management\Final_project\Room_Management\DownloadPurchaseItemReport\202311260000\sarfarazalam.pdf
2023-11-26 00:00:00.797 [scheduling-1] INFO  c.i.s.i.PurchaseItemDetailServiceImpl - Inside the method createAttachment filepath=C:\Final_Room_Management\Final_project\Room_Management\DownloadPurchaseItemReport\202311260000\sarfarazalam.pdf Identifier=PO-60F2B7 
2023-11-26 00:00:00.804 [scheduling-1] INFO  c.i.s.i.PurchaseItemDetailServiceImpl - Detail of files  fileName=sarfarazalam.pdf filePath=C:\Final_Room_Management\Final_project\Room_Management\DownloadPurchaseItemReport\202311260000\ fileSize=510770802688
2023-11-26 00:00:00.805 [scheduling-1] INFO  c.i.s.impl.AttachmentServiceImpl - Inside the method create UserRegisterationAttachment=Attachment(id=null, identifier=null, userName=sarfarazalam, fileName=sarfarazalam.pdf, filePath=C:\Final_Room_Management\Final_project\Room_Management\DownloadPurchaseItemReport\202311260000\, fileSize=510770802688, userIdentifier=USER-5CD1B7, pidIdentifier=PO-60F2B7, extension=pdf, createdDate=null, createdTime=null, modifiedDateTime=null)
2023-11-26 00:00:00.822 [scheduling-1] INFO  c.i.s.i.PurchaseItemDetailServiceImpl - Inside the sendEmailNotification filePath=C:\Final_Room_Management\Final_project\Room_Management\DownloadPurchaseItemReport\202311260000\sarfarazalam.pdf 
2023-11-26 00:00:00.823 [scheduling-1] INFO  c.i.s.i.NotificationDetailServiceImpl - Inside the method findByPoIdentifier PoIdentifier :=PO-60F2B7
2023-11-26 00:00:00.835 [scheduling-1] INFO  c.i.s.i.PurchaseItemDetailServiceImpl - Email List and GroupName :
2023-11-26 00:00:00.837 [scheduling-1] INFO  c.i.s.impl.EmailDetailServiceImpl - Inside the method sendMailWithAttachment of EmailDetailServiceImpl Details=EmailDetails(recipient=vikashtiwari@gmail.com, msgBody=Purchase Order Id : PO-60F2B7
Buyer UserName : sarfarazalam
Buyer Email : sarfarazalam2702@gmail.com
Status : Approved
Buy below item in pdf., subject=Regardig Status approval., attachment=C:\Final_Room_Management\Final_project\Room_Management\DownloadPurchaseItemReport\202311260000\sarfarazalam.pdf)
2023-11-26 00:00:00.838 [scheduling-1] INFO  c.i.s.impl.EmailDetailServiceImpl - Value of sender and pasword :sarfarazalam1825@gmail.com ccscixhkbfdtqzcy
2023-11-26 00:00:00.839 [scheduling-1] INFO  c.i.s.impl.EmailDetailServiceImpl - Iside the createSession method
2023-11-26 00:00:06.355 [scheduling-1] INFO  c.i.s.impl.EmailDetailServiceImpl - Email sent successfully.......
2023-11-26 00:00:06.355 [scheduling-1] INFO  c.i.s.impl.EmailDetailServiceImpl - Inside the method sendMailWithAttachment of EmailDetailServiceImpl Details=EmailDetails(recipient=sarfarazalam2702@gmail.com, msgBody=Purchase Order Id : PO-60F2B7
Buyer UserName : sarfarazalam
Buyer Email : sarfarazalam2702@gmail.com
Status : Approved
Buy below item in pdf., subject=Regardig Status approval., attachment=C:\Final_Room_Management\Final_project\Room_Management\DownloadPurchaseItemReport\202311260000\sarfarazalam.pdf)
2023-11-26 00:00:06.356 [scheduling-1] INFO  c.i.s.impl.EmailDetailServiceImpl - Value of sender and pasword :sarfarazalam1825@gmail.com ccscixhkbfdtqzcy
2023-11-26 00:00:06.357 [scheduling-1] INFO  c.i.s.impl.EmailDetailServiceImpl - Iside the createSession method
2023-11-26 00:00:11.045 [scheduling-1] INFO  c.i.s.impl.EmailDetailServiceImpl - Email sent successfully.......
2023-11-26 00:00:11.046 [scheduling-1] INFO  c.i.s.impl.EmailDetailServiceImpl - Inside the method sendMailWithAttachment of EmailDetailServiceImpl Details=EmailDetails(recipient=abhimaynukumar@gmail.com, msgBody=Purchase Order Id : PO-60F2B7
Buyer UserName : sarfarazalam
Buyer Email : sarfarazalam2702@gmail.com
Status : Approved
Buy below item in pdf., subject=Regardig Status approval., attachment=C:\Final_Room_Management\Final_project\Room_Management\DownloadPurchaseItemReport\202311260000\sarfarazalam.pdf)
2023-11-26 00:00:11.046 [scheduling-1] INFO  c.i.s.impl.EmailDetailServiceImpl - Value of sender and pasword :sarfarazalam1825@gmail.com ccscixhkbfdtqzcy
2023-11-26 00:00:11.047 [scheduling-1] INFO  c.i.s.impl.EmailDetailServiceImpl - Iside the createSession method
2023-11-26 00:00:15.511 [scheduling-1] INFO  c.i.s.impl.EmailDetailServiceImpl - Email sent successfully.......
2023-11-26 00:01:37.562 [http-nio-2023-exec-3] INFO  c.i.c.i.PurchaseItemDetailControllerImpl - Inside the method create PurchaseItemDetail=PurchaseItemDetail(id=null, identifier=null, userName=abhimaynukumar, emailId=null, userIdentifier=null, createdDate=null, createdTime=null, modifiedDate=null, modifiedTime=null, month=null, day=null, modeOfPayment=CASH, paymentStatus=DONE, status=null, groupName=AA, purchaseDate=2023-08-17, itemDetail=[ItemDetail(id=null, itemName=Sugar, price=50.0, quantity=1.0, unitPrice=50.0, unitOfMeasurement=kg, purchaseItemDetail=null), ItemDetail(id=null, itemName=BISCUIT, price=50.0, quantity=5.0, unitPrice=10.0, unitOfMeasurement=Packet, purchaseItemDetail=null), ItemDetail(id=null, itemName=Oil, price=150.0, quantity=1.0, unitPrice=150.0, unitOfMeasurement=litre, purchaseItemDetail=null), ItemDetail(id=null, itemName=Aata, price=100.0, quantity=2.0, unitPrice=50.0, unitOfMeasurement=kg, purchaseItemDetail=null), ItemDetail(id=null, itemName=Refined Oil, price=100.0, quantity=2.0, unitPrice=50.0, unitOfMeasurement=litre, purchaseItemDetail=null), ItemDetail(id=null, itemName=Clogate, price=200.0, quantity=1.0, unitPrice=200.0, unitOfMeasurement=packet, purchaseItemDetail=null)])
2023-11-26 00:01:37.578 [http-nio-2023-exec-3] INFO  c.i.s.i.PurchaseItemDetailServiceImpl - Inside the method create PurchaseItemDetail=PurchaseItemDetail(id=null, identifier=null, userName=abhimaynukumar, emailId=null, userIdentifier=null, createdDate=null, createdTime=null, modifiedDate=null, modifiedTime=null, month=null, day=null, modeOfPayment=CASH, paymentStatus=DONE, status=null, groupName=AA, purchaseDate=2023-08-17, itemDetail=[ItemDetail(id=null, itemName=Sugar, price=50.0, quantity=1.0, unitPrice=50.0, unitOfMeasurement=kg, purchaseItemDetail=null), ItemDetail(id=null, itemName=BISCUIT, price=50.0, quantity=5.0, unitPrice=10.0, unitOfMeasurement=Packet, purchaseItemDetail=null), ItemDetail(id=null, itemName=Oil, price=150.0, quantity=1.0, unitPrice=150.0, unitOfMeasurement=litre, purchaseItemDetail=null), ItemDetail(id=null, itemName=Aata, price=100.0, quantity=2.0, unitPrice=50.0, unitOfMeasurement=kg, purchaseItemDetail=null), ItemDetail(id=null, itemName=Refined Oil, price=100.0, quantity=2.0, unitPrice=50.0, unitOfMeasurement=litre, purchaseItemDetail=null), ItemDetail(id=null, itemName=Clogate, price=200.0, quantity=1.0, unitPrice=200.0, unitOfMeasurement=packet, purchaseItemDetail=null)])
2023-11-26 00:01:37.588 [http-nio-2023-exec-3] INFO  c.i.s.i.UserRegistrationServiceImpl - Inside the method findByUsername Username=abhimaynukumar
2023-11-26 00:01:37.609 [http-nio-2023-exec-3] INFO  c.i.s.impl.GroupDetailServiceImpl - Inside the method findByGroupName GroupName=AA
2023-11-26 00:01:37.658 [http-nio-2023-exec-3] INFO  c.i.s.i.PurchaseItemDetailServiceImpl - Inside the method generateReport identifier=PO-C4DD9A
2023-11-26 00:01:37.661 [http-nio-2023-exec-3] INFO  c.i.s.i.PurchaseItemDetailServiceImpl - Download Path DownloadPath=C:\Final_Room_Management\Final_project\Room_Management\DownloadPurchaseItemReport\202311260001\
2023-11-26 00:01:37.661 [http-nio-2023-exec-3] INFO  c.i.s.i.PurchaseItemDetailServiceImpl - sampleFilePath Detail  SampleFilePath=C:\Final_Room_Management\Final_project\Room_Management\Room_Management\target\classes\PurchaseItemDetail.jasper
2023-11-26 00:01:37.661 [http-nio-2023-exec-3] INFO  c.i.s.i.PurchaseItemDetailServiceImpl - Inside the method findByIdentifier Identifier=PO-C4DD9A
2023-11-26 00:01:37.666 [http-nio-2023-exec-3] INFO  c.i.s.i.PurchaseItemDetailServiceImpl - After set values in parameter  Parameter={groupName=AA, purchaseDate=2023-08-17, modeOfPayment=CASH, purchaseId=PO-C4DD9A, userId=USER-4F6EA6, email=abhimaynukumar@gmail.com, paymentStatus=DONE, username=abhimaynukumar, status=Pending}
2023-11-26 00:01:37.786 [http-nio-2023-exec-3] INFO  c.i.s.i.PurchaseItemDetailServiceImpl - Full file path and file name Full path =C:\Final_Room_Management\Final_project\Room_Management\DownloadPurchaseItemReport\202311260001\abhimaynukumar.pdf
2023-11-26 00:01:37.786 [http-nio-2023-exec-3] INFO  c.i.s.i.PurchaseItemDetailServiceImpl - Inside the method createAttachment filepath=C:\Final_Room_Management\Final_project\Room_Management\DownloadPurchaseItemReport\202311260001\abhimaynukumar.pdf Identifier=PO-C4DD9A 
2023-11-26 00:01:37.790 [http-nio-2023-exec-3] INFO  c.i.s.i.PurchaseItemDetailServiceImpl - Detail of files  fileName=abhimaynukumar.pdf filePath=C:\Final_Room_Management\Final_project\Room_Management\DownloadPurchaseItemReport\202311260001\ fileSize=510770802688
2023-11-26 00:01:37.791 [http-nio-2023-exec-3] INFO  c.i.s.impl.AttachmentServiceImpl - Inside the method create UserRegisterationAttachment=Attachment(id=null, identifier=null, userName=abhimaynukumar, fileName=abhimaynukumar.pdf, filePath=C:\Final_Room_Management\Final_project\Room_Management\DownloadPurchaseItemReport\202311260001\, fileSize=510770802688, userIdentifier=USER-4F6EA6, pidIdentifier=PO-C4DD9A, extension=pdf, createdDate=null, createdTime=null, modifiedDateTime=null)
2023-11-26 00:01:37.795 [http-nio-2023-exec-3] INFO  c.i.s.i.PurchaseItemDetailServiceImpl - Path and identifier :Identifier :=PO-C4DD9A filePath :=C:\Final_Room_Management\Final_project\Room_Management\DownloadPurchaseItemReport\202311260001\abhimaynukumar.pdf
2023-11-26 00:01:37.796 [http-nio-2023-exec-3] INFO  c.i.s.i.UserGroupMappingServiceImpl - Inside the method findByGroupName GroupName=AA
2023-11-26 00:01:37.809 [http-nio-2023-exec-3] INFO  c.i.s.i.PurchaseItemDetailServiceImpl - email Id List emailList=[vikashtiwari@gmail.com, sarfarazalam2702@gmail.com, abhimaynukumar@gmail.com]
2023-11-26 00:01:37.809 [http-nio-2023-exec-3] INFO  c.i.s.i.PurchaseItemDetailServiceImpl - EmailId :Email ::=vikashtiwari@gmail.com
2023-11-26 00:01:37.810 [http-nio-2023-exec-3] INFO  c.i.s.i.UserRegistrationServiceImpl - Inside the method findByEmail Email=vikashtiwari@gmail.com
2023-11-26 00:01:37.864 [http-nio-2023-exec-3] INFO  c.i.s.i.PurchaseItemDetailServiceImpl - Inside the sendEmailNotification niIdentiifer=NI-607986 FilePath=C:\Final_Room_Management\Final_project\Room_Management\DownloadPurchaseItemReport\202311260001\abhimaynukumar.pdf {} 
2023-11-26 00:01:37.866 [http-nio-2023-exec-3] INFO  c.i.s.impl.EmailDetailServiceImpl - Inside the method sendMailWithAttachment of EmailDetailServiceImpl Details=EmailDetails(recipient=vikashtiwari@gmail.com, msgBody=Purchase Order Id : PO-C4DD9A
Notification Id : NI-607986
Buyer UserName : abhimaynukumar
Buyer Email : abhimaynukumar@gmail.com
Status : Pending
Buy below item in pdf., subject=Regardig new item approval., attachment=C:\Final_Room_Management\Final_project\Room_Management\DownloadPurchaseItemReport\202311260001\abhimaynukumar.pdf)
2023-11-26 00:01:37.868 [http-nio-2023-exec-3] INFO  c.i.s.impl.EmailDetailServiceImpl - Value of sender and pasword :sarfarazalam1825@gmail.com ccscixhkbfdtqzcy
2023-11-26 00:01:37.868 [http-nio-2023-exec-3] INFO  c.i.s.impl.EmailDetailServiceImpl - Iside the createSession method
2023-11-26 00:01:42.487 [http-nio-2023-exec-3] INFO  c.i.s.impl.EmailDetailServiceImpl - Email sent successfully.......
2023-11-26 00:01:42.497 [http-nio-2023-exec-3] INFO  c.i.s.i.PurchaseItemDetailServiceImpl - EmailId :Email ::=sarfarazalam2702@gmail.com
2023-11-26 00:01:42.521 [http-nio-2023-exec-3] INFO  c.i.s.i.UserRegistrationServiceImpl - Inside the method findByEmail Email=sarfarazalam2702@gmail.com
2023-11-26 00:01:42.558 [http-nio-2023-exec-3] INFO  c.i.s.i.PurchaseItemDetailServiceImpl - Inside the sendEmailNotification niIdentiifer=NI-607986 FilePath=C:\Final_Room_Management\Final_project\Room_Management\DownloadPurchaseItemReport\202311260001\abhimaynukumar.pdf {} 
2023-11-26 00:01:42.558 [http-nio-2023-exec-3] INFO  c.i.s.impl.EmailDetailServiceImpl - Inside the method sendMailWithAttachment of EmailDetailServiceImpl Details=EmailDetails(recipient=sarfarazalam2702@gmail.com, msgBody=Purchase Order Id : PO-C4DD9A
Notification Id : NI-607986
Buyer UserName : abhimaynukumar
Buyer Email : abhimaynukumar@gmail.com
Status : Pending
Buy below item in pdf., subject=Regardig new item approval., attachment=C:\Final_Room_Management\Final_project\Room_Management\DownloadPurchaseItemReport\202311260001\abhimaynukumar.pdf)
2023-11-26 00:01:42.559 [http-nio-2023-exec-3] INFO  c.i.s.impl.EmailDetailServiceImpl - Value of sender and pasword :sarfarazalam1825@gmail.com ccscixhkbfdtqzcy
2023-11-26 00:01:42.559 [http-nio-2023-exec-3] INFO  c.i.s.impl.EmailDetailServiceImpl - Iside the createSession method
2023-11-26 00:01:47.222 [http-nio-2023-exec-3] INFO  c.i.s.impl.EmailDetailServiceImpl - Email sent successfully.......
2023-11-26 00:01:47.223 [http-nio-2023-exec-3] INFO  c.i.s.i.PurchaseItemDetailServiceImpl - EmailId :Email ::=abhimaynukumar@gmail.com
2023-11-26 00:01:47.224 [http-nio-2023-exec-3] INFO  c.i.s.i.UserRegistrationServiceImpl - Inside the method findByEmail Email=abhimaynukumar@gmail.com
2023-11-26 00:01:47.252 [http-nio-2023-exec-3] INFO  c.i.s.i.PurchaseItemDetailServiceImpl - Inside the sendEmailNotification niIdentiifer=NI-607986 FilePath=C:\Final_Room_Management\Final_project\Room_Management\DownloadPurchaseItemReport\202311260001\abhimaynukumar.pdf {} 
2023-11-26 00:01:47.257 [http-nio-2023-exec-3] INFO  c.i.s.impl.EmailDetailServiceImpl - Inside the method sendMailWithAttachment of EmailDetailServiceImpl Details=EmailDetails(recipient=abhimaynukumar@gmail.com, msgBody=Purchase Order Id : PO-C4DD9A
Notification Id : NI-607986
Buyer UserName : abhimaynukumar
Buyer Email : abhimaynukumar@gmail.com
Status : Pending
Buy below item in pdf., subject=Regardig new item approval., attachment=C:\Final_Room_Management\Final_project\Room_Management\DownloadPurchaseItemReport\202311260001\abhimaynukumar.pdf)
2023-11-26 00:01:47.259 [http-nio-2023-exec-3] INFO  c.i.s.impl.EmailDetailServiceImpl - Value of sender and pasword :sarfarazalam1825@gmail.com ccscixhkbfdtqzcy
2023-11-26 00:01:47.260 [http-nio-2023-exec-3] INFO  c.i.s.impl.EmailDetailServiceImpl - Iside the createSession method
2023-11-26 00:01:51.623 [http-nio-2023-exec-3] INFO  c.i.s.impl.EmailDetailServiceImpl - Email sent successfully.......
2023-11-26 00:02:25.946 [http-nio-2023-exec-4] INFO  c.i.c.i.PurchaseItemDetailControllerImpl - Inside the method updatePurchaseItemDetailStatus :
2023-11-26 00:02:25.954 [http-nio-2023-exec-4] INFO  c.i.s.i.PurchaseItemDetailServiceImpl - Inside the method updatePurchaseItemDetailStatus :
2023-11-26 00:02:25.956 [http-nio-2023-exec-4] INFO  c.i.s.i.NotificationDetailServiceImpl - Inside the method groupDataByPoIdentifier 
2023-11-26 00:02:25.957 [http-nio-2023-exec-4] INFO  c.i.s.i.NotificationDetailServiceImpl - Inside the method findAll 
2023-11-26 00:02:25.977 [http-nio-2023-exec-4] INFO  c.i.s.i.PurchaseItemDetailServiceImpl - After get the data from groupDataByPoIdentifier :
2023-11-26 00:02:25.980 [http-nio-2023-exec-4] INFO  c.i.s.i.PurchaseItemDetailServiceImpl - Inside the for loop poIdentifier=PO-60F2B7
2023-11-26 00:02:25.983 [http-nio-2023-exec-4] INFO  c.i.s.i.PurchaseItemDetailServiceImpl - value of isApproved IsApproved=true
2023-11-26 00:02:25.987 [http-nio-2023-exec-4] INFO  c.i.s.i.PurchaseItemDetailServiceImpl - value of isCancelled isCancelled=false
2023-11-26 00:02:25.989 [http-nio-2023-exec-4] INFO  c.i.s.i.PurchaseItemDetailServiceImpl - Inside the method findByIdentifier Identifier=PO-60F2B7
2023-11-26 00:02:26.008 [http-nio-2023-exec-4] INFO  c.i.s.i.PurchaseItemDetailServiceImpl - Purchase Item Detail Status : Status=Approved
2023-11-26 00:02:26.009 [http-nio-2023-exec-4] INFO  c.i.s.i.PurchaseItemDetailServiceImpl - Inside the for loop poIdentifier=PO-C4DD9A
2023-11-26 00:02:26.013 [http-nio-2023-exec-4] INFO  c.i.s.i.PurchaseItemDetailServiceImpl - value of isApproved IsApproved=false
2023-11-26 00:02:26.021 [http-nio-2023-exec-4] INFO  c.i.s.i.PurchaseItemDetailServiceImpl - value of isCancelled isCancelled=false
2023-11-26 00:02:26.023 [http-nio-2023-exec-4] INFO  c.i.s.i.PurchaseItemDetailServiceImpl - Inside the method findByIdentifier Identifier=PO-C4DD9A
2023-11-26 00:02:26.048 [http-nio-2023-exec-4] INFO  c.i.s.i.PurchaseItemDetailServiceImpl - Purchase Item Detail Status : Status=Pending
2023-11-26 00:02:26.077 [http-nio-2023-exec-4] INFO  c.i.s.i.PurchaseItemDetailServiceImpl - Inside the method generateReport identifier=PO-C4DD9A
2023-11-26 00:02:26.082 [http-nio-2023-exec-4] INFO  c.i.s.i.PurchaseItemDetailServiceImpl - Download Path DownloadPath=C:\Final_Room_Management\Final_project\Room_Management\DownloadPurchaseItemReport\202311260002\
2023-11-26 00:02:26.083 [http-nio-2023-exec-4] INFO  c.i.s.i.PurchaseItemDetailServiceImpl - sampleFilePath Detail  SampleFilePath=C:\Final_Room_Management\Final_project\Room_Management\Room_Management\target\classes\PurchaseItemDetail.jasper
2023-11-26 00:02:26.083 [http-nio-2023-exec-4] INFO  c.i.s.i.PurchaseItemDetailServiceImpl - Inside the method findByIdentifier Identifier=PO-C4DD9A
2023-11-26 00:02:26.091 [http-nio-2023-exec-4] INFO  c.i.s.i.PurchaseItemDetailServiceImpl - After set values in parameter  Parameter={groupName=AA, purchaseDate=2023-08-17, modeOfPayment=CASH, purchaseId=PO-C4DD9A, userId=USER-4F6EA6, email=abhimaynukumar@gmail.com, paymentStatus=DONE, username=abhimaynukumar, status=Waiting for Approval}
2023-11-26 00:02:26.276 [http-nio-2023-exec-4] INFO  c.i.s.i.PurchaseItemDetailServiceImpl - Full file path and file name Full path =C:\Final_Room_Management\Final_project\Room_Management\DownloadPurchaseItemReport\202311260002\abhimaynukumar.pdf
2023-11-26 00:02:26.276 [http-nio-2023-exec-4] INFO  c.i.s.i.PurchaseItemDetailServiceImpl - Inside the method createAttachment filepath=C:\Final_Room_Management\Final_project\Room_Management\DownloadPurchaseItemReport\202311260002\abhimaynukumar.pdf Identifier=PO-C4DD9A 
2023-11-26 00:02:26.289 [http-nio-2023-exec-4] INFO  c.i.s.i.PurchaseItemDetailServiceImpl - Detail of files  fileName=abhimaynukumar.pdf filePath=C:\Final_Room_Management\Final_project\Room_Management\DownloadPurchaseItemReport\202311260002\ fileSize=510770802688
2023-11-26 00:02:26.290 [http-nio-2023-exec-4] INFO  c.i.s.impl.AttachmentServiceImpl - Inside the method create UserRegisterationAttachment=Attachment(id=null, identifier=null, userName=abhimaynukumar, fileName=abhimaynukumar.pdf, filePath=C:\Final_Room_Management\Final_project\Room_Management\DownloadPurchaseItemReport\202311260002\, fileSize=510770802688, userIdentifier=USER-4F6EA6, pidIdentifier=PO-C4DD9A, extension=pdf, createdDate=null, createdTime=null, modifiedDateTime=null)
2023-11-26 00:02:26.314 [http-nio-2023-exec-4] INFO  c.i.s.i.PurchaseItemDetailServiceImpl - Inside the sendEmailNotification filePath=C:\Final_Room_Management\Final_project\Room_Management\DownloadPurchaseItemReport\202311260002\abhimaynukumar.pdf 
2023-11-26 00:02:26.315 [http-nio-2023-exec-4] INFO  c.i.s.i.NotificationDetailServiceImpl - Inside the method findByPoIdentifier PoIdentifier :=PO-C4DD9A
2023-11-26 00:02:26.327 [http-nio-2023-exec-4] INFO  c.i.s.i.PurchaseItemDetailServiceImpl - Email List and GroupName :
2023-11-26 00:02:26.328 [http-nio-2023-exec-4] INFO  c.i.s.impl.EmailDetailServiceImpl - Inside the method sendMailWithAttachment of EmailDetailServiceImpl Details=EmailDetails(recipient=vikashtiwari@gmail.com, msgBody=Purchase Order Id : PO-C4DD9A
Buyer UserName : abhimaynukumar
Buyer Email : abhimaynukumar@gmail.com
Status : Waiting for Approval
Buy below item in pdf., subject=Regardig Status approval., attachment=C:\Final_Room_Management\Final_project\Room_Management\DownloadPurchaseItemReport\202311260002\abhimaynukumar.pdf)
2023-11-26 00:02:26.330 [http-nio-2023-exec-4] INFO  c.i.s.impl.EmailDetailServiceImpl - Value of sender and pasword :sarfarazalam1825@gmail.com ccscixhkbfdtqzcy
2023-11-26 00:02:26.330 [http-nio-2023-exec-4] INFO  c.i.s.impl.EmailDetailServiceImpl - Iside the createSession method
2023-11-26 00:02:31.247 [http-nio-2023-exec-4] INFO  c.i.s.impl.EmailDetailServiceImpl - Email sent successfully.......
2023-11-26 00:02:31.249 [http-nio-2023-exec-4] INFO  c.i.s.impl.EmailDetailServiceImpl - Inside the method sendMailWithAttachment of EmailDetailServiceImpl Details=EmailDetails(recipient=sarfarazalam2702@gmail.com, msgBody=Purchase Order Id : PO-C4DD9A
Buyer UserName : abhimaynukumar
Buyer Email : abhimaynukumar@gmail.com
Status : Waiting for Approval
Buy below item in pdf., subject=Regardig Status approval., attachment=C:\Final_Room_Management\Final_project\Room_Management\DownloadPurchaseItemReport\202311260002\abhimaynukumar.pdf)
2023-11-26 00:02:31.253 [http-nio-2023-exec-4] INFO  c.i.s.impl.EmailDetailServiceImpl - Value of sender and pasword :sarfarazalam1825@gmail.com ccscixhkbfdtqzcy
2023-11-26 00:02:31.253 [http-nio-2023-exec-4] INFO  c.i.s.impl.EmailDetailServiceImpl - Iside the createSession method
2023-11-26 00:02:35.968 [http-nio-2023-exec-4] INFO  c.i.s.impl.EmailDetailServiceImpl - Email sent successfully.......
2023-11-26 00:02:35.969 [http-nio-2023-exec-4] INFO  c.i.s.impl.EmailDetailServiceImpl - Inside the method sendMailWithAttachment of EmailDetailServiceImpl Details=EmailDetails(recipient=abhimaynukumar@gmail.com, msgBody=Purchase Order Id : PO-C4DD9A
Buyer UserName : abhimaynukumar
Buyer Email : abhimaynukumar@gmail.com
Status : Waiting for Approval
Buy below item in pdf., subject=Regardig Status approval., attachment=C:\Final_Room_Management\Final_project\Room_Management\DownloadPurchaseItemReport\202311260002\abhimaynukumar.pdf)
2023-11-26 00:02:35.970 [http-nio-2023-exec-4] INFO  c.i.s.impl.EmailDetailServiceImpl - Value of sender and pasword :sarfarazalam1825@gmail.com ccscixhkbfdtqzcy
2023-11-26 00:02:35.970 [http-nio-2023-exec-4] INFO  c.i.s.impl.EmailDetailServiceImpl - Iside the createSession method
2023-11-26 00:02:40.577 [http-nio-2023-exec-4] INFO  c.i.s.impl.EmailDetailServiceImpl - Email sent successfully.......
2023-11-26 00:03:32.344 [http-nio-2023-exec-5] INFO  c.i.c.i.PurchaseItemDetailControllerImpl - Inside the method calculatPoDetailTotalCostAllUserAndMonthWise 
2023-11-26 00:03:32.362 [http-nio-2023-exec-5] INFO  c.i.s.i.PurchaseItemDetailServiceImpl - Inside the method calculatPoDetailTotalCostAllUserAndMonthWise 
2023-11-26 00:03:32.364 [http-nio-2023-exec-5] INFO  c.i.s.i.PurchaseItemDetailServiceImpl - Inside the method findAll 
2023-11-26 00:03:32.424 [http-nio-2023-exec-5] INFO  c.i.s.i.PurchaseItemDetailServiceImpl - Inside the method calculatPoDetailTotalCostByUserAndMonthWise Username=abhimaynukumar
2023-11-26 00:03:32.425 [http-nio-2023-exec-5] INFO  c.i.s.i.PurchaseItemDetailServiceImpl - Inside the method findByUsername Username.=abhimaynukumar
2023-11-26 00:03:32.446 [http-nio-2023-exec-5] INFO  c.i.s.i.PurchaseItemDetailServiceImpl -  ------->sum=650.0
2023-11-26 00:03:32.448 [http-nio-2023-exec-5] INFO  c.i.s.i.PurchaseItemDetailServiceImpl - Result------->result={NOVEMBER=650.0}
2023-11-26 00:03:32.451 [http-nio-2023-exec-5] INFO  c.i.s.i.PurchaseItemDetailServiceImpl - Inside the method calculatPoDetailTotalCostByUserAndMonthWise Username=sarfarazalam
2023-11-26 00:03:32.457 [http-nio-2023-exec-5] INFO  c.i.s.i.PurchaseItemDetailServiceImpl - Inside the method findByUsername Username.=sarfarazalam
2023-11-26 00:03:32.466 [http-nio-2023-exec-5] INFO  c.i.s.i.PurchaseItemDetailServiceImpl -  ------->sum=650.0
2023-11-26 00:03:32.467 [http-nio-2023-exec-5] INFO  c.i.s.i.PurchaseItemDetailServiceImpl - Result------->result={NOVEMBER=650.0}
2023-11-26 00:04:03.477 [http-nio-2023-exec-6] INFO  c.i.c.i.PurchaseItemDetailControllerImpl - Inside the method create PurchaseItemDetail=PurchaseItemDetail(id=null, identifier=null, userName=vikashtiwari, emailId=null, userIdentifier=null, createdDate=null, createdTime=null, modifiedDate=null, modifiedTime=null, month=null, day=null, modeOfPayment=CASH, paymentStatus=DONE, status=null, groupName=AA, purchaseDate=2023-08-17, itemDetail=[ItemDetail(id=null, itemName=Sugar, price=50.0, quantity=1.0, unitPrice=50.0, unitOfMeasurement=kg, purchaseItemDetail=null), ItemDetail(id=null, itemName=BISCUIT, price=50.0, quantity=5.0, unitPrice=10.0, unitOfMeasurement=Packet, purchaseItemDetail=null), ItemDetail(id=null, itemName=Oil, price=150.0, quantity=1.0, unitPrice=150.0, unitOfMeasurement=litre, purchaseItemDetail=null), ItemDetail(id=null, itemName=Aata, price=100.0, quantity=2.0, unitPrice=50.0, unitOfMeasurement=kg, purchaseItemDetail=null), ItemDetail(id=null, itemName=Refined Oil, price=100.0, quantity=2.0, unitPrice=50.0, unitOfMeasurement=litre, purchaseItemDetail=null), ItemDetail(id=null, itemName=Clogate, price=200.0, quantity=1.0, unitPrice=200.0, unitOfMeasurement=packet, purchaseItemDetail=null)])
2023-11-26 00:04:03.491 [http-nio-2023-exec-6] INFO  c.i.s.i.PurchaseItemDetailServiceImpl - Inside the method create PurchaseItemDetail=PurchaseItemDetail(id=null, identifier=null, userName=vikashtiwari, emailId=null, userIdentifier=null, createdDate=null, createdTime=null, modifiedDate=null, modifiedTime=null, month=null, day=null, modeOfPayment=CASH, paymentStatus=DONE, status=null, groupName=AA, purchaseDate=2023-08-17, itemDetail=[ItemDetail(id=null, itemName=Sugar, price=50.0, quantity=1.0, unitPrice=50.0, unitOfMeasurement=kg, purchaseItemDetail=null), ItemDetail(id=null, itemName=BISCUIT, price=50.0, quantity=5.0, unitPrice=10.0, unitOfMeasurement=Packet, purchaseItemDetail=null), ItemDetail(id=null, itemName=Oil, price=150.0, quantity=1.0, unitPrice=150.0, unitOfMeasurement=litre, purchaseItemDetail=null), ItemDetail(id=null, itemName=Aata, price=100.0, quantity=2.0, unitPrice=50.0, unitOfMeasurement=kg, purchaseItemDetail=null), ItemDetail(id=null, itemName=Refined Oil, price=100.0, quantity=2.0, unitPrice=50.0, unitOfMeasurement=litre, purchaseItemDetail=null), ItemDetail(id=null, itemName=Clogate, price=200.0, quantity=1.0, unitPrice=200.0, unitOfMeasurement=packet, purchaseItemDetail=null)])
2023-11-26 00:04:03.548 [http-nio-2023-exec-6] INFO  c.i.s.i.UserRegistrationServiceImpl - Inside the method findByUsername Username=vikashtiwari
2023-11-26 00:04:03.561 [http-nio-2023-exec-6] INFO  c.i.s.impl.GroupDetailServiceImpl - Inside the method findByGroupName GroupName=AA
2023-11-26 00:04:03.588 [http-nio-2023-exec-6] INFO  c.i.s.i.PurchaseItemDetailServiceImpl - Inside the method generateReport identifier=PO-339D02
2023-11-26 00:04:03.590 [http-nio-2023-exec-6] INFO  c.i.s.i.PurchaseItemDetailServiceImpl - Download Path DownloadPath=C:\Final_Room_Management\Final_project\Room_Management\DownloadPurchaseItemReport\202311260004\
2023-11-26 00:04:03.591 [http-nio-2023-exec-6] INFO  c.i.s.i.PurchaseItemDetailServiceImpl - sampleFilePath Detail  SampleFilePath=C:\Final_Room_Management\Final_project\Room_Management\Room_Management\target\classes\PurchaseItemDetail.jasper
2023-11-26 00:04:03.591 [http-nio-2023-exec-6] INFO  c.i.s.i.PurchaseItemDetailServiceImpl - Inside the method findByIdentifier Identifier=PO-339D02
2023-11-26 00:04:03.595 [http-nio-2023-exec-6] INFO  c.i.s.i.PurchaseItemDetailServiceImpl - After set values in parameter  Parameter={groupName=AA, purchaseDate=2023-08-17, modeOfPayment=CASH, purchaseId=PO-339D02, userId=USER-C25E0B, email=vikashtiwari@gmail.com, paymentStatus=DONE, username=vikashtiwari, status=Pending}
2023-11-26 00:04:03.715 [http-nio-2023-exec-6] INFO  c.i.s.i.PurchaseItemDetailServiceImpl - Full file path and file name Full path =C:\Final_Room_Management\Final_project\Room_Management\DownloadPurchaseItemReport\202311260004\vikashtiwari.pdf
2023-11-26 00:04:03.716 [http-nio-2023-exec-6] INFO  c.i.s.i.PurchaseItemDetailServiceImpl - Inside the method createAttachment filepath=C:\Final_Room_Management\Final_project\Room_Management\DownloadPurchaseItemReport\202311260004\vikashtiwari.pdf Identifier=PO-339D02 
2023-11-26 00:04:03.722 [http-nio-2023-exec-6] INFO  c.i.s.i.PurchaseItemDetailServiceImpl - Detail of files  fileName=vikashtiwari.pdf filePath=C:\Final_Room_Management\Final_project\Room_Management\DownloadPurchaseItemReport\202311260004\ fileSize=510770802688
2023-11-26 00:04:03.723 [http-nio-2023-exec-6] INFO  c.i.s.impl.AttachmentServiceImpl - Inside the method create UserRegisterationAttachment=Attachment(id=null, identifier=null, userName=vikashtiwari, fileName=vikashtiwari.pdf, filePath=C:\Final_Room_Management\Final_project\Room_Management\DownloadPurchaseItemReport\202311260004\, fileSize=510770802688, userIdentifier=USER-C25E0B, pidIdentifier=PO-339D02, extension=pdf, createdDate=null, createdTime=null, modifiedDateTime=null)
2023-11-26 00:04:03.727 [http-nio-2023-exec-6] INFO  c.i.s.i.PurchaseItemDetailServiceImpl - Path and identifier :Identifier :=PO-339D02 filePath :=C:\Final_Room_Management\Final_project\Room_Management\DownloadPurchaseItemReport\202311260004\vikashtiwari.pdf
2023-11-26 00:04:03.727 [http-nio-2023-exec-6] INFO  c.i.s.i.UserGroupMappingServiceImpl - Inside the method findByGroupName GroupName=AA
2023-11-26 00:04:03.732 [http-nio-2023-exec-6] INFO  c.i.s.i.PurchaseItemDetailServiceImpl - email Id List emailList=[vikashtiwari@gmail.com, sarfarazalam2702@gmail.com, abhimaynukumar@gmail.com]
2023-11-26 00:04:03.733 [http-nio-2023-exec-6] INFO  c.i.s.i.PurchaseItemDetailServiceImpl - EmailId :Email ::=vikashtiwari@gmail.com
2023-11-26 00:04:03.733 [http-nio-2023-exec-6] INFO  c.i.s.i.UserRegistrationServiceImpl - Inside the method findByEmail Email=vikashtiwari@gmail.com
2023-11-26 00:04:03.781 [http-nio-2023-exec-6] INFO  c.i.s.i.PurchaseItemDetailServiceImpl - Inside the sendEmailNotification niIdentiifer=NI-C3EA78 FilePath=C:\Final_Room_Management\Final_project\Room_Management\DownloadPurchaseItemReport\202311260004\vikashtiwari.pdf {} 
2023-11-26 00:04:03.782 [http-nio-2023-exec-6] INFO  c.i.s.impl.EmailDetailServiceImpl - Inside the method sendMailWithAttachment of EmailDetailServiceImpl Details=EmailDetails(recipient=vikashtiwari@gmail.com, msgBody=Purchase Order Id : PO-339D02
Notification Id : NI-C3EA78
Buyer UserName : vikashtiwari
Buyer Email : vikashtiwari@gmail.com
Status : Pending
Buy below item in pdf., subject=Regardig new item approval., attachment=C:\Final_Room_Management\Final_project\Room_Management\DownloadPurchaseItemReport\202311260004\vikashtiwari.pdf)
2023-11-26 00:04:03.783 [http-nio-2023-exec-6] INFO  c.i.s.impl.EmailDetailServiceImpl - Value of sender and pasword :sarfarazalam1825@gmail.com ccscixhkbfdtqzcy
2023-11-26 00:04:03.783 [http-nio-2023-exec-6] INFO  c.i.s.impl.EmailDetailServiceImpl - Iside the createSession method
2023-11-26 00:04:08.565 [http-nio-2023-exec-6] INFO  c.i.s.impl.EmailDetailServiceImpl - Email sent successfully.......
2023-11-26 00:04:08.573 [http-nio-2023-exec-6] INFO  c.i.s.i.PurchaseItemDetailServiceImpl - EmailId :Email ::=sarfarazalam2702@gmail.com
2023-11-26 00:04:08.576 [http-nio-2023-exec-6] INFO  c.i.s.i.UserRegistrationServiceImpl - Inside the method findByEmail Email=sarfarazalam2702@gmail.com
2023-11-26 00:04:08.595 [http-nio-2023-exec-6] INFO  c.i.s.i.PurchaseItemDetailServiceImpl - Inside the sendEmailNotification niIdentiifer=NI-C3EA78 FilePath=C:\Final_Room_Management\Final_project\Room_Management\DownloadPurchaseItemReport\202311260004\vikashtiwari.pdf {} 
2023-11-26 00:04:08.597 [http-nio-2023-exec-6] INFO  c.i.s.impl.EmailDetailServiceImpl - Inside the method sendMailWithAttachment of EmailDetailServiceImpl Details=EmailDetails(recipient=sarfarazalam2702@gmail.com, msgBody=Purchase Order Id : PO-339D02
Notification Id : NI-C3EA78
Buyer UserName : vikashtiwari
Buyer Email : vikashtiwari@gmail.com
Status : Pending
Buy below item in pdf., subject=Regardig new item approval., attachment=C:\Final_Room_Management\Final_project\Room_Management\DownloadPurchaseItemReport\202311260004\vikashtiwari.pdf)
2023-11-26 00:04:08.597 [http-nio-2023-exec-6] INFO  c.i.s.impl.EmailDetailServiceImpl - Value of sender and pasword :sarfarazalam1825@gmail.com ccscixhkbfdtqzcy
2023-11-26 00:04:08.598 [http-nio-2023-exec-6] INFO  c.i.s.impl.EmailDetailServiceImpl - Iside the createSession method
2023-11-26 00:04:13.589 [http-nio-2023-exec-6] INFO  c.i.s.impl.EmailDetailServiceImpl - Email sent successfully.......
2023-11-26 00:04:13.590 [http-nio-2023-exec-6] INFO  c.i.s.i.PurchaseItemDetailServiceImpl - EmailId :Email ::=abhimaynukumar@gmail.com
2023-11-26 00:04:13.591 [http-nio-2023-exec-6] INFO  c.i.s.i.UserRegistrationServiceImpl - Inside the method findByEmail Email=abhimaynukumar@gmail.com
2023-11-26 00:04:13.622 [http-nio-2023-exec-6] INFO  c.i.s.i.PurchaseItemDetailServiceImpl - Inside the sendEmailNotification niIdentiifer=NI-C3EA78 FilePath=C:\Final_Room_Management\Final_project\Room_Management\DownloadPurchaseItemReport\202311260004\vikashtiwari.pdf {} 
2023-11-26 00:04:13.623 [http-nio-2023-exec-6] INFO  c.i.s.impl.EmailDetailServiceImpl - Inside the method sendMailWithAttachment of EmailDetailServiceImpl Details=EmailDetails(recipient=abhimaynukumar@gmail.com, msgBody=Purchase Order Id : PO-339D02
Notification Id : NI-C3EA78
Buyer UserName : vikashtiwari
Buyer Email : vikashtiwari@gmail.com
Status : Pending
Buy below item in pdf., subject=Regardig new item approval., attachment=C:\Final_Room_Management\Final_project\Room_Management\DownloadPurchaseItemReport\202311260004\vikashtiwari.pdf)
2023-11-26 00:04:13.625 [http-nio-2023-exec-6] INFO  c.i.s.impl.EmailDetailServiceImpl - Value of sender and pasword :sarfarazalam1825@gmail.com ccscixhkbfdtqzcy
2023-11-26 00:04:13.626 [http-nio-2023-exec-6] INFO  c.i.s.impl.EmailDetailServiceImpl - Iside the createSession method
2023-11-26 00:04:18.097 [http-nio-2023-exec-6] INFO  c.i.s.impl.EmailDetailServiceImpl - Email sent successfully.......
2023-11-26 00:08:26.182 [http-nio-2023-exec-8] WARN  o.s.w.s.m.s.DefaultHandlerExceptionResolver - Resolved [org.springframework.web.HttpRequestMethodNotSupportedException: Request method 'POST' not supported]
2023-11-26 00:08:37.079 [http-nio-2023-exec-9] INFO  c.i.c.i.NotificationDetailControllerImpl - Inside the method groupDataByPoIdentifier :
2023-11-26 00:08:37.080 [http-nio-2023-exec-9] INFO  c.i.s.i.NotificationDetailServiceImpl - Inside the method groupDataByPoIdentifier 
2023-11-26 00:08:37.081 [http-nio-2023-exec-9] INFO  c.i.s.i.NotificationDetailServiceImpl - Inside the method findAll 
2023-11-26 00:10:00.006 [scheduling-1] INFO  c.i.s.i.PurchaseItemDetailServiceImpl - Inside the method updatePurchaseItemDetailStatus :
2023-11-26 00:10:00.007 [scheduling-1] INFO  c.i.s.i.NotificationDetailServiceImpl - Inside the method groupDataByPoIdentifier 
2023-11-26 00:10:00.007 [scheduling-1] INFO  c.i.s.i.NotificationDetailServiceImpl - Inside the method findAll 
2023-11-26 00:10:00.022 [scheduling-1] INFO  c.i.s.i.PurchaseItemDetailServiceImpl - After get the data from groupDataByPoIdentifier :
2023-11-26 00:10:00.023 [scheduling-1] INFO  c.i.s.i.PurchaseItemDetailServiceImpl - Inside the for loop poIdentifier=PO-339D02
2023-11-26 00:10:00.025 [scheduling-1] INFO  c.i.s.i.PurchaseItemDetailServiceImpl - value of isApproved IsApproved=false
2023-11-26 00:10:00.028 [scheduling-1] INFO  c.i.s.i.PurchaseItemDetailServiceImpl - value of isCancelled isCancelled=false
2023-11-26 00:10:00.029 [scheduling-1] INFO  c.i.s.i.PurchaseItemDetailServiceImpl - Inside the method findByIdentifier Identifier=PO-339D02
2023-11-26 00:10:00.043 [scheduling-1] INFO  c.i.s.i.PurchaseItemDetailServiceImpl - Purchase Item Detail Status : Status=Pending
2023-11-26 00:10:00.070 [scheduling-1] INFO  c.i.s.i.PurchaseItemDetailServiceImpl - Inside the method generateReport identifier=PO-339D02
2023-11-26 00:10:00.074 [scheduling-1] INFO  c.i.s.i.PurchaseItemDetailServiceImpl - Download Path DownloadPath=C:\Final_Room_Management\Final_project\Room_Management\DownloadPurchaseItemReport\202311260010\
2023-11-26 00:10:00.076 [scheduling-1] INFO  c.i.s.i.PurchaseItemDetailServiceImpl - sampleFilePath Detail  SampleFilePath=C:\Final_Room_Management\Final_project\Room_Management\Room_Management\target\classes\PurchaseItemDetail.jasper
2023-11-26 00:10:00.077 [scheduling-1] INFO  c.i.s.i.PurchaseItemDetailServiceImpl - Inside the method findByIdentifier Identifier=PO-339D02
2023-11-26 00:10:00.090 [scheduling-1] INFO  c.i.s.i.PurchaseItemDetailServiceImpl - After set values in parameter  Parameter={groupName=AA, purchaseDate=2023-08-17, modeOfPayment=CASH, purchaseId=PO-339D02, userId=USER-C25E0B, email=vikashtiwari@gmail.com, paymentStatus=DONE, username=vikashtiwari, status=Waiting for Approval}
2023-11-26 00:10:00.202 [scheduling-1] INFO  c.i.s.i.PurchaseItemDetailServiceImpl - Full file path and file name Full path =C:\Final_Room_Management\Final_project\Room_Management\DownloadPurchaseItemReport\202311260010\vikashtiwari.pdf
2023-11-26 00:10:00.203 [scheduling-1] INFO  c.i.s.i.PurchaseItemDetailServiceImpl - Inside the method createAttachment filepath=C:\Final_Room_Management\Final_project\Room_Management\DownloadPurchaseItemReport\202311260010\vikashtiwari.pdf Identifier=PO-339D02 
2023-11-26 00:10:00.208 [scheduling-1] INFO  c.i.s.i.PurchaseItemDetailServiceImpl - Detail of files  fileName=vikashtiwari.pdf filePath=C:\Final_Room_Management\Final_project\Room_Management\DownloadPurchaseItemReport\202311260010\ fileSize=510770802688
2023-11-26 00:10:00.209 [scheduling-1] INFO  c.i.s.impl.AttachmentServiceImpl - Inside the method create UserRegisterationAttachment=Attachment(id=null, identifier=null, userName=vikashtiwari, fileName=vikashtiwari.pdf, filePath=C:\Final_Room_Management\Final_project\Room_Management\DownloadPurchaseItemReport\202311260010\, fileSize=510770802688, userIdentifier=USER-C25E0B, pidIdentifier=PO-339D02, extension=pdf, createdDate=null, createdTime=null, modifiedDateTime=null)
2023-11-26 00:10:00.220 [scheduling-1] INFO  c.i.s.i.PurchaseItemDetailServiceImpl - Inside the sendEmailNotification filePath=C:\Final_Room_Management\Final_project\Room_Management\DownloadPurchaseItemReport\202311260010\vikashtiwari.pdf 
2023-11-26 00:10:00.221 [scheduling-1] INFO  c.i.s.i.NotificationDetailServiceImpl - Inside the method findByPoIdentifier PoIdentifier :=PO-339D02
2023-11-26 00:10:00.226 [scheduling-1] INFO  c.i.s.i.PurchaseItemDetailServiceImpl - Email List and GroupName :
2023-11-26 00:10:00.227 [scheduling-1] INFO  c.i.s.impl.EmailDetailServiceImpl - Inside the method sendMailWithAttachment of EmailDetailServiceImpl Details=EmailDetails(recipient=vikashtiwari@gmail.com, msgBody=Purchase Order Id : PO-339D02
Buyer UserName : vikashtiwari
Buyer Email : vikashtiwari@gmail.com
Status : Waiting for Approval
Buy below item in pdf., subject=Regardig Status approval., attachment=C:\Final_Room_Management\Final_project\Room_Management\DownloadPurchaseItemReport\202311260010\vikashtiwari.pdf)
2023-11-26 00:10:00.227 [scheduling-1] INFO  c.i.s.impl.EmailDetailServiceImpl - Value of sender and pasword :sarfarazalam1825@gmail.com ccscixhkbfdtqzcy
2023-11-26 00:10:00.228 [scheduling-1] INFO  c.i.s.impl.EmailDetailServiceImpl - Iside the createSession method
2023-11-26 00:10:05.232 [scheduling-1] INFO  c.i.s.impl.EmailDetailServiceImpl - Email sent successfully.......
2023-11-26 00:10:05.233 [scheduling-1] INFO  c.i.s.impl.EmailDetailServiceImpl - Inside the method sendMailWithAttachment of EmailDetailServiceImpl Details=EmailDetails(recipient=sarfarazalam2702@gmail.com, msgBody=Purchase Order Id : PO-339D02
Buyer UserName : vikashtiwari
Buyer Email : vikashtiwari@gmail.com
Status : Waiting for Approval
Buy below item in pdf., subject=Regardig Status approval., attachment=C:\Final_Room_Management\Final_project\Room_Management\DownloadPurchaseItemReport\202311260010\vikashtiwari.pdf)
2023-11-26 00:10:05.234 [scheduling-1] INFO  c.i.s.impl.EmailDetailServiceImpl - Value of sender and pasword :sarfarazalam1825@gmail.com ccscixhkbfdtqzcy
2023-11-26 00:10:05.235 [scheduling-1] INFO  c.i.s.impl.EmailDetailServiceImpl - Iside the createSession method
2023-11-26 00:10:09.782 [scheduling-1] INFO  c.i.s.impl.EmailDetailServiceImpl - Email sent successfully.......
2023-11-26 00:10:09.785 [scheduling-1] INFO  c.i.s.impl.EmailDetailServiceImpl - Inside the method sendMailWithAttachment of EmailDetailServiceImpl Details=EmailDetails(recipient=abhimaynukumar@gmail.com, msgBody=Purchase Order Id : PO-339D02
Buyer UserName : vikashtiwari
Buyer Email : vikashtiwari@gmail.com
Status : Waiting for Approval
Buy below item in pdf., subject=Regardig Status approval., attachment=C:\Final_Room_Management\Final_project\Room_Management\DownloadPurchaseItemReport\202311260010\vikashtiwari.pdf)
2023-11-26 00:10:09.786 [scheduling-1] INFO  c.i.s.impl.EmailDetailServiceImpl - Value of sender and pasword :sarfarazalam1825@gmail.com ccscixhkbfdtqzcy
2023-11-26 00:10:09.791 [scheduling-1] INFO  c.i.s.impl.EmailDetailServiceImpl - Iside the createSession method
2023-11-26 00:10:12.612 [http-nio-2023-exec-1] INFO  c.i.c.i.NotificationDetailControllerImpl - Inside the method exportSheetByPoIdentifierListForUpdateNotificationDetailStatus poIdentifierList=[PO-C4DD9A, PO-60F2B7, PO-339D02]
2023-11-26 00:10:12.613 [http-nio-2023-exec-1] INFO  c.i.s.i.NotificationDetailServiceImpl - Inside the method exportSheetByPoIdentifierListForUpdateNotificationDetailStatus poIdentifierList=[PO-C4DD9A, PO-60F2B7, PO-339D02]
2023-11-26 00:10:12.614 [http-nio-2023-exec-1] INFO  c.i.s.i.NotificationDetailServiceImpl - Inside the method exportSheetByPoIdentifierList poIdentifierList=[PO-C4DD9A, PO-60F2B7, PO-339D02]
2023-11-26 00:10:12.617 [http-nio-2023-exec-1] INFO  c.i.s.i.NotificationDetailServiceImpl - Download Path DownloadPath=C:\Final_Room_Management\Final_project\Room_Management\CheckList\202311260010\
2023-11-26 00:10:12.627 [http-nio-2023-exec-1] INFO  c.i.s.i.NotificationDetailServiceImpl - sampleFilePath Detail  SampleFilePath=C:\Final_Room_Management\Final_project\Room_Management\Room_Management\target\classes\ExportCheckList.xlsx
2023-11-26 00:10:12.710 [http-nio-2023-exec-1] INFO  c.i.s.i.NotificationDetailServiceImpl - PurchaseItemDetailList Size  PurchaseItemDetailList Size=3
2023-11-26 00:10:12.710 [http-nio-2023-exec-1] INFO  c.i.s.i.NotificationDetailServiceImpl - Inside the for loop ...
2023-11-26 00:10:12.711 [http-nio-2023-exec-1] INFO  c.i.s.i.NotificationDetailServiceImpl - Inside the method 
2023-11-26 00:10:12.712 [http-nio-2023-exec-1] INFO  c.i.s.i.NotificationDetailServiceImpl - Inside the for loop ...
2023-11-26 00:10:12.712 [http-nio-2023-exec-1] INFO  c.i.s.i.NotificationDetailServiceImpl - Inside the method 
2023-11-26 00:10:12.712 [http-nio-2023-exec-1] INFO  c.i.s.i.NotificationDetailServiceImpl - Inside the for loop ...
2023-11-26 00:10:12.713 [http-nio-2023-exec-1] INFO  c.i.s.i.NotificationDetailServiceImpl - Inside the method 
2023-11-26 00:10:12.776 [http-nio-2023-exec-1] INFO  c.i.s.i.NotificationDetailServiceImpl - Full file path and file name Full path =C:\Final_Room_Management\Final_project\Room_Management\CheckList\202311260010\ChecListSheet.xlsx
2023-11-26 00:10:12.776 [http-nio-2023-exec-1] INFO  com.inn.utils.RoomUtil - Inside the downloadFile  :C:\Final_Room_Management\Final_project\Room_Management\CheckList\202311260010\ChecListSheet.xlsx
2023-11-26 00:10:12.777 [http-nio-2023-exec-1] INFO  com.inn.utils.RoomUtil - downloadFile fileName : ChecListSheet.xlsx
2023-11-26 00:10:14.202 [scheduling-1] INFO  c.i.s.impl.EmailDetailServiceImpl - Email sent successfully.......
2023-11-26 00:10:14.203 [scheduling-1] INFO  c.i.s.i.PurchaseItemDetailServiceImpl - Inside the for loop poIdentifier=PO-60F2B7
2023-11-26 00:10:14.204 [scheduling-1] INFO  c.i.s.i.PurchaseItemDetailServiceImpl - value of isApproved IsApproved=true
2023-11-26 00:10:14.205 [scheduling-1] INFO  c.i.s.i.PurchaseItemDetailServiceImpl - value of isCancelled isCancelled=false
2023-11-26 00:10:14.206 [scheduling-1] INFO  c.i.s.i.PurchaseItemDetailServiceImpl - Inside the method findByIdentifier Identifier=PO-60F2B7
2023-11-26 00:10:14.220 [scheduling-1] INFO  c.i.s.i.PurchaseItemDetailServiceImpl - Purchase Item Detail Status : Status=Approved
2023-11-26 00:10:14.221 [scheduling-1] INFO  c.i.s.i.PurchaseItemDetailServiceImpl - Inside the for loop poIdentifier=PO-C4DD9A
2023-11-26 00:10:14.222 [scheduling-1] INFO  c.i.s.i.PurchaseItemDetailServiceImpl - value of isApproved IsApproved=false
2023-11-26 00:10:14.224 [scheduling-1] INFO  c.i.s.i.PurchaseItemDetailServiceImpl - value of isCancelled isCancelled=false
2023-11-26 00:10:14.225 [scheduling-1] INFO  c.i.s.i.PurchaseItemDetailServiceImpl - Inside the method findByIdentifier Identifier=PO-C4DD9A
2023-11-26 00:10:14.240 [scheduling-1] INFO  c.i.s.i.PurchaseItemDetailServiceImpl - Purchase Item Detail Status : Status=Waiting for Approval
2023-11-26 00:10:14.260 [scheduling-1] INFO  c.i.s.i.PurchaseItemDetailServiceImpl - Inside the method generateReport identifier=PO-C4DD9A
2023-11-26 00:10:14.261 [scheduling-1] INFO  c.i.s.i.PurchaseItemDetailServiceImpl - Download Path DownloadPath=C:\Final_Room_Management\Final_project\Room_Management\DownloadPurchaseItemReport\202311260010\
2023-11-26 00:10:14.262 [scheduling-1] INFO  c.i.s.i.PurchaseItemDetailServiceImpl - sampleFilePath Detail  SampleFilePath=C:\Final_Room_Management\Final_project\Room_Management\Room_Management\target\classes\PurchaseItemDetail.jasper
2023-11-26 00:10:14.263 [scheduling-1] INFO  c.i.s.i.PurchaseItemDetailServiceImpl - Inside the method findByIdentifier Identifier=PO-C4DD9A
2023-11-26 00:10:14.278 [scheduling-1] INFO  c.i.s.i.PurchaseItemDetailServiceImpl - After set values in parameter  Parameter={groupName=AA, purchaseDate=2023-08-17, modeOfPayment=CASH, purchaseId=PO-C4DD9A, userId=USER-4F6EA6, email=abhimaynukumar@gmail.com, paymentStatus=DONE, username=abhimaynukumar, status=Waiting for Approval}
2023-11-26 00:10:14.427 [scheduling-1] INFO  c.i.s.i.PurchaseItemDetailServiceImpl - Full file path and file name Full path =C:\Final_Room_Management\Final_project\Room_Management\DownloadPurchaseItemReport\202311260010\abhimaynukumar.pdf
2023-11-26 00:10:14.428 [scheduling-1] INFO  c.i.s.i.PurchaseItemDetailServiceImpl - Inside the method createAttachment filepath=C:\Final_Room_Management\Final_project\Room_Management\DownloadPurchaseItemReport\202311260010\abhimaynukumar.pdf Identifier=PO-C4DD9A 
2023-11-26 00:10:14.436 [scheduling-1] INFO  c.i.s.i.PurchaseItemDetailServiceImpl - Detail of files  fileName=abhimaynukumar.pdf filePath=C:\Final_Room_Management\Final_project\Room_Management\DownloadPurchaseItemReport\202311260010\ fileSize=510770802688
2023-11-26 00:10:14.436 [scheduling-1] INFO  c.i.s.impl.AttachmentServiceImpl - Inside the method create UserRegisterationAttachment=Attachment(id=null, identifier=null, userName=abhimaynukumar, fileName=abhimaynukumar.pdf, filePath=C:\Final_Room_Management\Final_project\Room_Management\DownloadPurchaseItemReport\202311260010\, fileSize=510770802688, userIdentifier=USER-4F6EA6, pidIdentifier=PO-C4DD9A, extension=pdf, createdDate=null, createdTime=null, modifiedDateTime=null)
2023-11-26 00:10:14.451 [scheduling-1] INFO  c.i.s.i.PurchaseItemDetailServiceImpl - Inside the sendEmailNotification filePath=C:\Final_Room_Management\Final_project\Room_Management\DownloadPurchaseItemReport\202311260010\abhimaynukumar.pdf 
2023-11-26 00:10:14.453 [scheduling-1] INFO  c.i.s.i.NotificationDetailServiceImpl - Inside the method findByPoIdentifier PoIdentifier :=PO-C4DD9A
2023-11-26 00:10:14.461 [scheduling-1] INFO  c.i.s.i.PurchaseItemDetailServiceImpl - Email List and GroupName :
2023-11-26 00:10:14.462 [scheduling-1] INFO  c.i.s.impl.EmailDetailServiceImpl - Inside the method sendMailWithAttachment of EmailDetailServiceImpl Details=EmailDetails(recipient=vikashtiwari@gmail.com, msgBody=Purchase Order Id : PO-C4DD9A
Buyer UserName : abhimaynukumar
Buyer Email : abhimaynukumar@gmail.com
Status : Waiting for Approval
Buy below item in pdf., subject=Regardig Status approval., attachment=C:\Final_Room_Management\Final_project\Room_Management\DownloadPurchaseItemReport\202311260010\abhimaynukumar.pdf)
2023-11-26 00:10:14.463 [scheduling-1] INFO  c.i.s.impl.EmailDetailServiceImpl - Value of sender and pasword :sarfarazalam1825@gmail.com ccscixhkbfdtqzcy
2023-11-26 00:10:14.464 [scheduling-1] INFO  c.i.s.impl.EmailDetailServiceImpl - Iside the createSession method
2023-11-26 00:10:19.672 [scheduling-1] INFO  c.i.s.impl.EmailDetailServiceImpl - Email sent successfully.......
2023-11-26 00:10:19.673 [scheduling-1] INFO  c.i.s.impl.EmailDetailServiceImpl - Inside the method sendMailWithAttachment of EmailDetailServiceImpl Details=EmailDetails(recipient=sarfarazalam2702@gmail.com, msgBody=Purchase Order Id : PO-C4DD9A
Buyer UserName : abhimaynukumar
Buyer Email : abhimaynukumar@gmail.com
Status : Waiting for Approval
Buy below item in pdf., subject=Regardig Status approval., attachment=C:\Final_Room_Management\Final_project\Room_Management\DownloadPurchaseItemReport\202311260010\abhimaynukumar.pdf)
2023-11-26 00:10:19.675 [scheduling-1] INFO  c.i.s.impl.EmailDetailServiceImpl - Value of sender and pasword :sarfarazalam1825@gmail.com ccscixhkbfdtqzcy
2023-11-26 00:10:19.675 [scheduling-1] INFO  c.i.s.impl.EmailDetailServiceImpl - Iside the createSession method
2023-11-26 00:10:24.241 [scheduling-1] INFO  c.i.s.impl.EmailDetailServiceImpl - Email sent successfully.......
2023-11-26 00:10:24.242 [scheduling-1] INFO  c.i.s.impl.EmailDetailServiceImpl - Inside the method sendMailWithAttachment of EmailDetailServiceImpl Details=EmailDetails(recipient=abhimaynukumar@gmail.com, msgBody=Purchase Order Id : PO-C4DD9A
Buyer UserName : abhimaynukumar
Buyer Email : abhimaynukumar@gmail.com
Status : Waiting for Approval
Buy below item in pdf., subject=Regardig Status approval., attachment=C:\Final_Room_Management\Final_project\Room_Management\DownloadPurchaseItemReport\202311260010\abhimaynukumar.pdf)
2023-11-26 00:10:24.242 [scheduling-1] INFO  c.i.s.impl.EmailDetailServiceImpl - Value of sender and pasword :sarfarazalam1825@gmail.com ccscixhkbfdtqzcy
2023-11-26 00:10:24.243 [scheduling-1] INFO  c.i.s.impl.EmailDetailServiceImpl - Iside the createSession method
2023-11-26 00:10:28.579 [scheduling-1] INFO  c.i.s.impl.EmailDetailServiceImpl - Email sent successfully.......
2023-11-26 00:10:28.581 [scheduling-1] INFO  c.i.s.i.NotificationDetailServiceImpl - Inside the method processSheetToUpdateNotificationDetailStatus 
2023-11-26 00:10:28.582 [scheduling-1] INFO  c.i.s.i.DocumentAttachmentServiceImpl - Inside the method getDocumentAttachmentListByStatus 
2023-11-26 00:10:28.588 [scheduling-1] INFO  c.i.s.i.NotificationDetailServiceImpl - documentAttachmentList documentAttachmentList=[] documentAttachmentList size=0
