2023-11-29 00:39:51.237 [background-preinit] INFO  o.h.validator.internal.util.Version - HV000001: Hibernate Validator 6.2.5.Final
2023-11-29 00:39:51.289 [restartedMain] INFO  com.inn.RoomManagementApplication - Starting RoomManagementApplication using Java 11.0.12 on RINIPC583 with PID 23652 (C:\Final_Room_Management\Final_project\Room_Management\Room_Management\target\classes started by sarfaraz.alam in C:\Final_Room_Management\Final_project\Room_Management\Room_Management)
2023-11-29 00:39:51.296 [restartedMain] INFO  com.inn.RoomManagementApplication - No active profile set, falling back to 1 default profile: "default"
2023-11-29 00:39:51.439 [restartedMain] INFO  o.s.b.d.e.DevToolsPropertyDefaultsPostProcessor - Devtools property defaults active! Set 'spring.devtools.add-properties' to 'false' to disable
2023-11-29 00:39:51.440 [restartedMain] INFO  o.s.b.d.e.DevToolsPropertyDefaultsPostProcessor - For additional web related logging consider setting the 'logging.level.web' property to 'DEBUG'
2023-11-29 00:39:54.249 [restartedMain] INFO  o.s.d.r.c.RepositoryConfigurationDelegate - Bootstrapping Spring Data JPA repositories in DEFAULT mode.
2023-11-29 00:39:54.608 [restartedMain] INFO  o.s.d.r.c.RepositoryConfigurationDelegate - Finished Spring Data repository scanning in 335 ms. Found 9 JPA repository interfaces.
2023-11-29 00:39:58.339 [restartedMain] INFO  o.s.b.w.e.tomcat.TomcatWebServer - Tomcat initialized with port(s): 2023 (http)
2023-11-29 00:39:58.358 [restartedMain] INFO  o.a.coyote.http11.Http11NioProtocol - Initializing ProtocolHandler ["http-nio-2023"]
2023-11-29 00:39:58.362 [restartedMain] INFO  o.a.catalina.core.StandardService - Starting service [Tomcat]
2023-11-29 00:39:58.363 [restartedMain] INFO  o.a.catalina.core.StandardEngine - Starting Servlet engine: [Apache Tomcat/9.0.78]
2023-11-29 00:39:58.714 [restartedMain] INFO  o.a.c.c.C.[Tomcat].[localhost].[/] - Initializing Spring embedded WebApplicationContext
2023-11-29 00:39:58.716 [restartedMain] INFO  o.s.b.w.s.c.ServletWebServerApplicationContext - Root WebApplicationContext: initialization completed in 7257 ms
2023-11-29 00:39:59.557 [restartedMain] INFO  o.h.jpa.internal.util.LogHelper - HHH000204: Processing PersistenceUnitInfo [name: default]
2023-11-29 00:39:59.865 [restartedMain] INFO  org.hibernate.Version - HHH000412: Hibernate ORM core version 5.6.15.Final
2023-11-29 00:40:00.380 [restartedMain] INFO  o.h.annotations.common.Version - HCANN000001: Hibernate Commons Annotations {5.1.2.Final}
2023-11-29 00:40:00.786 [restartedMain] INFO  com.zaxxer.hikari.HikariDataSource - HikariPool-1 - Starting...
2023-11-29 00:40:01.583 [restartedMain] INFO  com.zaxxer.hikari.HikariDataSource - HikariPool-1 - Start completed.
2023-11-29 00:40:01.626 [restartedMain] INFO  org.hibernate.dialect.Dialect - HHH000400: Using dialect: org.hibernate.dialect.MySQL5InnoDBDialect
2023-11-29 00:40:04.846 [restartedMain] INFO  o.h.e.t.j.p.i.JtaPlatformInitiator - HHH000490: Using JtaPlatform implementation: [org.hibernate.engine.transaction.jta.platform.internal.NoJtaPlatform]
2023-11-29 00:40:04.897 [restartedMain] INFO  o.s.o.j.LocalContainerEntityManagerFactoryBean - Initialized JPA EntityManagerFactory for persistence unit 'default'
2023-11-29 00:40:07.512 [restartedMain] WARN  o.s.b.a.o.j.JpaBaseConfiguration$JpaWebConfiguration - spring.jpa.open-in-view is enabled by default. Therefore, database queries may be performed during view rendering. Explicitly configure spring.jpa.open-in-view to disable this warning
2023-11-29 00:40:09.479 [restartedMain] INFO  o.s.b.d.a.OptionalLiveReloadServer - LiveReload server is running on port 35729
2023-11-29 00:40:09.497 [restartedMain] INFO  o.s.b.a.e.web.EndpointLinksResolver - Exposing 1 endpoint(s) beneath base path '/actuator'
2023-11-29 00:40:09.600 [restartedMain] INFO  o.a.coyote.http11.Http11NioProtocol - Starting ProtocolHandler ["http-nio-2023"]
2023-11-29 00:40:09.669 [restartedMain] INFO  o.s.b.w.e.tomcat.TomcatWebServer - Tomcat started on port(s): 2023 (http) with context path ''
2023-11-29 00:40:09.755 [restartedMain] INFO  com.inn.RoomManagementApplication - Started RoomManagementApplication in 19.748 seconds (JVM running for 21.679)
2023-11-29 00:40:20.541 [http-nio-2023-exec-1] INFO  o.a.c.c.C.[Tomcat].[localhost].[/] - Initializing Spring DispatcherServlet 'dispatcherServlet'
2023-11-29 00:40:20.541 [http-nio-2023-exec-1] INFO  o.s.web.servlet.DispatcherServlet - Initializing Servlet 'dispatcherServlet'
2023-11-29 00:40:20.545 [http-nio-2023-exec-1] INFO  o.s.web.servlet.DispatcherServlet - Completed initialization in 4 ms
2023-11-29 00:40:20.666 [http-nio-2023-exec-1] INFO  c.i.c.impl.SigInControllerImpl - Inside the method signin username=sarfarazalam password=12345
2023-11-29 00:40:20.668 [http-nio-2023-exec-1] INFO  c.inn.service.impl.SigInServiceImpl - Inside the method signin username=sarfarazalam password=12345
2023-11-29 00:40:28.091 [http-nio-2023-exec-2] INFO  c.i.c.impl.SigInControllerImpl - Inside the method signin username=sarfarazalam password=12345678
2023-11-29 00:40:28.092 [http-nio-2023-exec-2] INFO  c.inn.service.impl.SigInServiceImpl - Inside the method signin username=sarfarazalam password=12345678
2023-11-29 00:40:33.560 [http-nio-2023-exec-3] INFO  c.i.c.impl.SigInControllerImpl - Inside the method signin username=sarfarazalamu password=12345678
2023-11-29 00:40:33.572 [http-nio-2023-exec-3] INFO  c.inn.service.impl.SigInServiceImpl - Inside the method signin username=sarfarazalamu password=12345678
2023-11-29 00:41:13.317 [File Watcher] INFO  o.s.b.d.a.LocalDevToolsAutoConfiguration$RestartingClassPathChangeChangedEventListener - Restarting due to 1 class path change (0 additions, 0 deletions, 1 modification)
2023-11-29 00:41:15.909 [Thread-5] INFO  o.a.coyote.http11.Http11NioProtocol - Pausing ProtocolHandler ["http-nio-2023"]
2023-11-29 00:41:15.910 [Thread-5] INFO  o.a.catalina.core.StandardService - Stopping service [Tomcat]
2023-11-29 00:41:15.915 [Thread-5] INFO  o.a.c.c.C.[Tomcat].[localhost].[/] - Destroying Spring FrameworkServlet 'dispatcherServlet'
2023-11-29 00:41:15.926 [Thread-5] INFO  o.a.coyote.http11.Http11NioProtocol - Stopping ProtocolHandler ["http-nio-2023"]
2023-11-29 00:41:15.935 [Thread-5] INFO  o.a.coyote.http11.Http11NioProtocol - Destroying ProtocolHandler ["http-nio-2023"]
2023-11-29 00:41:16.008 [Thread-5] INFO  o.s.o.j.LocalContainerEntityManagerFactoryBean - Closing JPA EntityManagerFactory for persistence unit 'default'
2023-11-29 00:41:16.021 [Thread-5] INFO  com.zaxxer.hikari.HikariDataSource - HikariPool-1 - Shutdown initiated...
2023-11-29 00:41:16.065 [Thread-5] INFO  com.zaxxer.hikari.HikariDataSource - HikariPool-1 - Shutdown completed.
2023-11-29 00:41:16.334 [restartedMain] INFO  com.inn.RoomManagementApplication - Starting RoomManagementApplication using Java 11.0.12 on RINIPC583 with PID 23652 (C:\Final_Room_Management\Final_project\Room_Management\Room_Management\target\classes started by sarfaraz.alam in C:\Final_Room_Management\Final_project\Room_Management\Room_Management)
2023-11-29 00:41:16.335 [restartedMain] INFO  com.inn.RoomManagementApplication - No active profile set, falling back to 1 default profile: "default"
2023-11-29 00:41:17.668 [restartedMain] INFO  o.s.d.r.c.RepositoryConfigurationDelegate - Bootstrapping Spring Data JPA repositories in DEFAULT mode.
2023-11-29 00:41:17.969 [restartedMain] INFO  o.s.d.r.c.RepositoryConfigurationDelegate - Finished Spring Data repository scanning in 299 ms. Found 9 JPA repository interfaces.
2023-11-29 00:41:18.361 [restartedMain] INFO  o.s.b.w.e.tomcat.TomcatWebServer - Tomcat initialized with port(s): 2023 (http)
2023-11-29 00:41:18.362 [restartedMain] INFO  o.a.coyote.http11.Http11NioProtocol - Initializing ProtocolHandler ["http-nio-2023"]
2023-11-29 00:41:18.363 [restartedMain] INFO  o.a.catalina.core.StandardService - Starting service [Tomcat]
2023-11-29 00:41:18.364 [restartedMain] INFO  o.a.catalina.core.StandardEngine - Starting Servlet engine: [Apache Tomcat/9.0.78]
2023-11-29 00:41:18.456 [restartedMain] INFO  o.a.c.c.C.[Tomcat].[localhost].[/] - Initializing Spring embedded WebApplicationContext
2023-11-29 00:41:18.457 [restartedMain] INFO  o.s.b.w.s.c.ServletWebServerApplicationContext - Root WebApplicationContext: initialization completed in 2114 ms
2023-11-29 00:41:18.704 [restartedMain] INFO  o.h.jpa.internal.util.LogHelper - HHH000204: Processing PersistenceUnitInfo [name: default]
2023-11-29 00:41:18.741 [restartedMain] INFO  com.zaxxer.hikari.HikariDataSource - HikariPool-2 - Starting...
2023-11-29 00:41:18.833 [restartedMain] INFO  com.zaxxer.hikari.HikariDataSource - HikariPool-2 - Start completed.
2023-11-29 00:41:18.835 [restartedMain] INFO  org.hibernate.dialect.Dialect - HHH000400: Using dialect: org.hibernate.dialect.MySQL5InnoDBDialect
2023-11-29 00:41:19.376 [restartedMain] INFO  o.h.e.t.j.p.i.JtaPlatformInitiator - HHH000490: Using JtaPlatform implementation: [org.hibernate.engine.transaction.jta.platform.internal.NoJtaPlatform]
2023-11-29 00:41:19.376 [restartedMain] INFO  o.s.o.j.LocalContainerEntityManagerFactoryBean - Initialized JPA EntityManagerFactory for persistence unit 'default'
2023-11-29 00:41:20.398 [restartedMain] WARN  o.s.b.a.o.j.JpaBaseConfiguration$JpaWebConfiguration - spring.jpa.open-in-view is enabled by default. Therefore, database queries may be performed during view rendering. Explicitly configure spring.jpa.open-in-view to disable this warning
2023-11-29 00:41:20.811 [restartedMain] INFO  o.s.b.d.a.OptionalLiveReloadServer - LiveReload server is running on port 35729
2023-11-29 00:41:20.819 [restartedMain] INFO  o.s.b.a.e.web.EndpointLinksResolver - Exposing 1 endpoint(s) beneath base path '/actuator'
2023-11-29 00:41:20.879 [restartedMain] INFO  o.a.coyote.http11.Http11NioProtocol - Starting ProtocolHandler ["http-nio-2023"]
2023-11-29 00:41:20.892 [restartedMain] INFO  o.s.b.w.e.tomcat.TomcatWebServer - Tomcat started on port(s): 2023 (http) with context path ''
2023-11-29 00:41:20.923 [restartedMain] INFO  com.inn.RoomManagementApplication - Started RoomManagementApplication in 4.712 seconds (JVM running for 92.848)
2023-11-29 00:41:20.931 [restartedMain] INFO  o.s.b.d.a.ConditionEvaluationDeltaLoggingListener - Condition evaluation unchanged
2023-11-29 23:32:18.386 [background-preinit] INFO  o.h.validator.internal.util.Version - HV000001: Hibernate Validator 6.2.5.Final
2023-11-29 23:32:18.462 [restartedMain] INFO  com.inn.RoomManagementApplication - Starting RoomManagementApplication using Java 11.0.12 on RINIPC583 with PID 14948 (C:\Final_Room_Management\Final_project\Room_Management\Room_Management\target\classes started by sarfaraz.alam in C:\Final_Room_Management\Final_project\Room_Management\Room_Management)
2023-11-29 23:32:18.470 [restartedMain] INFO  com.inn.RoomManagementApplication - No active profile set, falling back to 1 default profile: "default"
2023-11-29 23:32:18.690 [restartedMain] INFO  o.s.b.d.e.DevToolsPropertyDefaultsPostProcessor - Devtools property defaults active! Set 'spring.devtools.add-properties' to 'false' to disable
2023-11-29 23:32:18.691 [restartedMain] INFO  o.s.b.d.e.DevToolsPropertyDefaultsPostProcessor - For additional web related logging consider setting the 'logging.level.web' property to 'DEBUG'
2023-11-29 23:32:21.992 [restartedMain] INFO  o.s.d.r.c.RepositoryConfigurationDelegate - Bootstrapping Spring Data JPA repositories in DEFAULT mode.
2023-11-29 23:32:22.560 [restartedMain] INFO  o.s.d.r.c.RepositoryConfigurationDelegate - Finished Spring Data repository scanning in 532 ms. Found 9 JPA repository interfaces.
2023-11-29 23:32:29.522 [restartedMain] INFO  o.s.b.w.e.tomcat.TomcatWebServer - Tomcat initialized with port(s): 2023 (http)
2023-11-29 23:32:29.564 [restartedMain] INFO  o.a.coyote.http11.Http11NioProtocol - Initializing ProtocolHandler ["http-nio-2023"]
2023-11-29 23:32:29.580 [restartedMain] INFO  o.a.catalina.core.StandardService - Starting service [Tomcat]
2023-11-29 23:32:29.582 [restartedMain] INFO  o.a.catalina.core.StandardEngine - Starting Servlet engine: [Apache Tomcat/9.0.78]
2023-11-29 23:32:30.165 [restartedMain] INFO  o.a.c.c.C.[Tomcat].[localhost].[/] - Initializing Spring embedded WebApplicationContext
2023-11-29 23:32:30.165 [restartedMain] INFO  o.s.b.w.s.c.ServletWebServerApplicationContext - Root WebApplicationContext: initialization completed in 11470 ms
2023-11-29 23:32:31.170 [restartedMain] INFO  o.h.jpa.internal.util.LogHelper - HHH000204: Processing PersistenceUnitInfo [name: default]
2023-11-29 23:32:31.381 [restartedMain] INFO  org.hibernate.Version - HHH000412: Hibernate ORM core version 5.6.15.Final
2023-11-29 23:32:32.058 [restartedMain] INFO  o.h.annotations.common.Version - HCANN000001: Hibernate Commons Annotations {5.1.2.Final}
2023-11-29 23:32:32.427 [restartedMain] INFO  com.zaxxer.hikari.HikariDataSource - HikariPool-1 - Starting...
2023-11-29 23:32:33.360 [restartedMain] INFO  com.zaxxer.hikari.HikariDataSource - HikariPool-1 - Start completed.
2023-11-29 23:32:33.445 [restartedMain] INFO  org.hibernate.dialect.Dialect - HHH000400: Using dialect: org.hibernate.dialect.MySQL5InnoDBDialect
2023-11-29 23:32:36.925 [restartedMain] INFO  o.h.e.t.j.p.i.JtaPlatformInitiator - HHH000490: Using JtaPlatform implementation: [org.hibernate.engine.transaction.jta.platform.internal.NoJtaPlatform]
2023-11-29 23:32:36.967 [restartedMain] INFO  o.s.o.j.LocalContainerEntityManagerFactoryBean - Initialized JPA EntityManagerFactory for persistence unit 'default'
2023-11-29 23:32:39.605 [restartedMain] WARN  o.s.b.a.o.j.JpaBaseConfiguration$JpaWebConfiguration - spring.jpa.open-in-view is enabled by default. Therefore, database queries may be performed during view rendering. Explicitly configure spring.jpa.open-in-view to disable this warning
2023-11-29 23:32:41.347 [restartedMain] INFO  o.s.b.d.a.OptionalLiveReloadServer - LiveReload server is running on port 35729
2023-11-29 23:32:41.368 [restartedMain] INFO  o.s.b.a.e.web.EndpointLinksResolver - Exposing 1 endpoint(s) beneath base path '/actuator'
2023-11-29 23:32:41.478 [restartedMain] INFO  o.a.coyote.http11.Http11NioProtocol - Starting ProtocolHandler ["http-nio-2023"]
2023-11-29 23:32:41.566 [restartedMain] INFO  o.s.b.w.e.tomcat.TomcatWebServer - Tomcat started on port(s): 2023 (http) with context path ''
2023-11-29 23:32:41.665 [restartedMain] INFO  com.inn.RoomManagementApplication - Started RoomManagementApplication in 24.786 seconds (JVM running for 26.943)
2023-11-29 23:40:00.069 [scheduling-1] INFO  c.i.s.i.PurchaseItemDetailServiceImpl - Inside the method updatePurchaseItemDetailStatus :
2023-11-29 23:40:00.094 [scheduling-1] INFO  c.i.s.i.NotificationDetailServiceImpl - Inside the method groupDataByPoIdentifier 
2023-11-29 23:40:00.096 [scheduling-1] INFO  c.i.s.i.NotificationDetailServiceImpl - Inside the method findAll 
2023-11-29 23:40:00.334 [scheduling-1] INFO  c.i.s.i.PurchaseItemDetailServiceImpl - After get the data from groupDataByPoIdentifier :
2023-11-29 23:40:00.345 [scheduling-1] INFO  c.i.s.i.PurchaseItemDetailServiceImpl - Inside the for loop poIdentifier=PO-339D02
2023-11-29 23:40:00.352 [scheduling-1] INFO  c.i.s.i.PurchaseItemDetailServiceImpl - value of isApproved IsApproved=false
2023-11-29 23:40:00.357 [scheduling-1] INFO  c.i.s.i.PurchaseItemDetailServiceImpl - value of isCancelled isCancelled=false
2023-11-29 23:40:00.359 [scheduling-1] INFO  c.i.s.i.PurchaseItemDetailServiceImpl - Inside the method findByIdentifier Identifier=PO-339D02
2023-11-29 23:40:00.517 [scheduling-1] INFO  c.i.s.i.PurchaseItemDetailServiceImpl - Purchase Item Detail Status : Status=Waiting for Approval
2023-11-29 23:40:00.635 [scheduling-1] INFO  c.i.s.i.PurchaseItemDetailServiceImpl - Inside the method generateReport identifier=PO-339D02
2023-11-29 23:40:00.646 [scheduling-1] INFO  c.i.s.i.PurchaseItemDetailServiceImpl - Download Path DownloadPath=C:\Final_Room_Management\Final_project\Room_Management\DownloadPurchaseItemReport\202311292340\
2023-11-29 23:40:00.648 [scheduling-1] INFO  c.i.s.i.PurchaseItemDetailServiceImpl - sampleFilePath Detail  SampleFilePath=C:\Final_Room_Management\Final_project\Room_Management\Room_Management\target\classes\PurchaseItemDetail.jasper
2023-11-29 23:40:00.649 [scheduling-1] INFO  c.i.s.i.PurchaseItemDetailServiceImpl - Inside the method findByIdentifier Identifier=PO-339D02
2023-11-29 23:40:00.672 [scheduling-1] INFO  c.i.s.i.PurchaseItemDetailServiceImpl - After set values in parameter  Parameter={groupName=AA, purchaseDate=2023-08-17, modeOfPayment=CASH, purchaseId=PO-339D02, userId=USER-C25E0B, email=vikashtiwari@gmail.com, paymentStatus=DONE, username=vikashtiwari, status=Waiting for Approval}
2023-11-29 23:40:04.031 [scheduling-1] INFO  c.i.s.i.PurchaseItemDetailServiceImpl - Full file path and file name Full path =C:\Final_Room_Management\Final_project\Room_Management\DownloadPurchaseItemReport\202311292340\vikashtiwari.pdf
2023-11-29 23:40:04.032 [scheduling-1] INFO  c.i.s.i.PurchaseItemDetailServiceImpl - Inside the method createAttachment filepath=C:\Final_Room_Management\Final_project\Room_Management\DownloadPurchaseItemReport\202311292340\vikashtiwari.pdf Identifier=PO-339D02 
2023-11-29 23:40:04.052 [scheduling-1] INFO  c.i.s.i.PurchaseItemDetailServiceImpl - Detail of files  fileName=vikashtiwari.pdf filePath=C:\Final_Room_Management\Final_project\Room_Management\DownloadPurchaseItemReport\202311292340\ fileSize=510770802688
2023-11-29 23:40:04.053 [scheduling-1] INFO  c.i.s.impl.AttachmentServiceImpl - Inside the method create UserRegisterationAttachment=Attachment(id=null, identifier=null, userName=vikashtiwari, fileName=vikashtiwari.pdf, filePath=C:\Final_Room_Management\Final_project\Room_Management\DownloadPurchaseItemReport\202311292340\, fileSize=510770802688, userIdentifier=USER-C25E0B, pidIdentifier=PO-339D02, extension=pdf, createdDate=null, createdTime=null, modifiedDateTime=null)
2023-11-29 23:40:04.230 [scheduling-1] INFO  c.i.s.i.PurchaseItemDetailServiceImpl - Inside the sendEmailNotification filePath=C:\Final_Room_Management\Final_project\Room_Management\DownloadPurchaseItemReport\202311292340\vikashtiwari.pdf 
2023-11-29 23:40:04.231 [scheduling-1] INFO  c.i.s.i.NotificationDetailServiceImpl - Inside the method findByPoIdentifier PoIdentifier :=PO-339D02
2023-11-29 23:40:04.242 [scheduling-1] INFO  c.i.s.i.PurchaseItemDetailServiceImpl - Email List and GroupName :
2023-11-29 23:40:04.261 [scheduling-1] INFO  c.i.s.impl.EmailDetailServiceImpl - Inside the method sendMailWithAttachment of EmailDetailServiceImpl Details=EmailDetails(recipient=vikashtiwari@gmail.com, msgBody=Purchase Order Id : PO-339D02
Buyer UserName : vikashtiwari
Buyer Email : vikashtiwari@gmail.com
Status : Waiting for Approval
Buy below item in pdf., subject=Regardig Status approval., attachment=C:\Final_Room_Management\Final_project\Room_Management\DownloadPurchaseItemReport\202311292340\vikashtiwari.pdf)
2023-11-29 23:40:04.263 [scheduling-1] INFO  c.i.s.impl.EmailDetailServiceImpl - Value of sender and pasword :sarfarazalam1825@gmail.com ccscixhkbfdtqzcy
2023-11-29 23:40:04.263 [scheduling-1] INFO  c.i.s.impl.EmailDetailServiceImpl - Iside the createSession method
2023-11-29 23:40:12.609 [scheduling-1] INFO  c.i.s.impl.EmailDetailServiceImpl - Email sent successfully.......
2023-11-29 23:40:12.611 [scheduling-1] INFO  c.i.s.impl.EmailDetailServiceImpl - Inside the method sendMailWithAttachment of EmailDetailServiceImpl Details=EmailDetails(recipient=sarfarazalam2702@gmail.com, msgBody=Purchase Order Id : PO-339D02
Buyer UserName : vikashtiwari
Buyer Email : vikashtiwari@gmail.com
Status : Waiting for Approval
Buy below item in pdf., subject=Regardig Status approval., attachment=C:\Final_Room_Management\Final_project\Room_Management\DownloadPurchaseItemReport\202311292340\vikashtiwari.pdf)
2023-11-29 23:40:12.612 [scheduling-1] INFO  c.i.s.impl.EmailDetailServiceImpl - Value of sender and pasword :sarfarazalam1825@gmail.com ccscixhkbfdtqzcy
2023-11-29 23:40:12.613 [scheduling-1] INFO  c.i.s.impl.EmailDetailServiceImpl - Iside the createSession method
2023-11-29 23:40:19.178 [scheduling-1] INFO  c.i.s.impl.EmailDetailServiceImpl - Email sent successfully.......
2023-11-29 23:40:19.179 [scheduling-1] INFO  c.i.s.impl.EmailDetailServiceImpl - Inside the method sendMailWithAttachment of EmailDetailServiceImpl Details=EmailDetails(recipient=abhimaynukumar@gmail.com, msgBody=Purchase Order Id : PO-339D02
Buyer UserName : vikashtiwari
Buyer Email : vikashtiwari@gmail.com
Status : Waiting for Approval
Buy below item in pdf., subject=Regardig Status approval., attachment=C:\Final_Room_Management\Final_project\Room_Management\DownloadPurchaseItemReport\202311292340\vikashtiwari.pdf)
2023-11-29 23:40:19.180 [scheduling-1] INFO  c.i.s.impl.EmailDetailServiceImpl - Value of sender and pasword :sarfarazalam1825@gmail.com ccscixhkbfdtqzcy
2023-11-29 23:40:19.181 [scheduling-1] INFO  c.i.s.impl.EmailDetailServiceImpl - Iside the createSession method
2023-11-29 23:40:24.203 [scheduling-1] INFO  c.i.s.impl.EmailDetailServiceImpl - Email sent successfully.......
2023-11-29 23:40:24.204 [scheduling-1] INFO  c.i.s.i.PurchaseItemDetailServiceImpl - Inside the for loop poIdentifier=PO-60F2B7
2023-11-29 23:40:24.205 [scheduling-1] INFO  c.i.s.i.PurchaseItemDetailServiceImpl - value of isApproved IsApproved=true
2023-11-29 23:40:24.207 [scheduling-1] INFO  c.i.s.i.PurchaseItemDetailServiceImpl - value of isCancelled isCancelled=false
2023-11-29 23:40:24.208 [scheduling-1] INFO  c.i.s.i.PurchaseItemDetailServiceImpl - Inside the method findByIdentifier Identifier=PO-60F2B7
2023-11-29 23:40:24.233 [scheduling-1] INFO  c.i.s.i.PurchaseItemDetailServiceImpl - Purchase Item Detail Status : Status=Approved
2023-11-29 23:40:24.236 [scheduling-1] INFO  c.i.s.i.PurchaseItemDetailServiceImpl - Inside the for loop poIdentifier=PO-C4DD9A
2023-11-29 23:40:24.238 [scheduling-1] INFO  c.i.s.i.PurchaseItemDetailServiceImpl - value of isApproved IsApproved=false
2023-11-29 23:40:24.240 [scheduling-1] INFO  c.i.s.i.PurchaseItemDetailServiceImpl - value of isCancelled isCancelled=false
2023-11-29 23:40:24.241 [scheduling-1] INFO  c.i.s.i.PurchaseItemDetailServiceImpl - Inside the method findByIdentifier Identifier=PO-C4DD9A
2023-11-29 23:40:24.261 [scheduling-1] INFO  c.i.s.i.PurchaseItemDetailServiceImpl - Purchase Item Detail Status : Status=Waiting for Approval
2023-11-29 23:40:24.290 [scheduling-1] INFO  c.i.s.i.PurchaseItemDetailServiceImpl - Inside the method generateReport identifier=PO-C4DD9A
2023-11-29 23:40:24.292 [scheduling-1] INFO  c.i.s.i.PurchaseItemDetailServiceImpl - Download Path DownloadPath=C:\Final_Room_Management\Final_project\Room_Management\DownloadPurchaseItemReport\202311292340\
2023-11-29 23:40:24.293 [scheduling-1] INFO  c.i.s.i.PurchaseItemDetailServiceImpl - sampleFilePath Detail  SampleFilePath=C:\Final_Room_Management\Final_project\Room_Management\Room_Management\target\classes\PurchaseItemDetail.jasper
2023-11-29 23:40:24.294 [scheduling-1] INFO  c.i.s.i.PurchaseItemDetailServiceImpl - Inside the method findByIdentifier Identifier=PO-C4DD9A
2023-11-29 23:40:24.312 [scheduling-1] INFO  c.i.s.i.PurchaseItemDetailServiceImpl - After set values in parameter  Parameter={groupName=AA, purchaseDate=2023-08-17, modeOfPayment=CASH, purchaseId=PO-C4DD9A, userId=USER-4F6EA6, email=abhimaynukumar@gmail.com, paymentStatus=DONE, username=abhimaynukumar, status=Waiting for Approval}
2023-11-29 23:40:24.487 [scheduling-1] INFO  c.i.s.i.PurchaseItemDetailServiceImpl - Full file path and file name Full path =C:\Final_Room_Management\Final_project\Room_Management\DownloadPurchaseItemReport\202311292340\abhimaynukumar.pdf
2023-11-29 23:40:24.488 [scheduling-1] INFO  c.i.s.i.PurchaseItemDetailServiceImpl - Inside the method createAttachment filepath=C:\Final_Room_Management\Final_project\Room_Management\DownloadPurchaseItemReport\202311292340\abhimaynukumar.pdf Identifier=PO-C4DD9A 
2023-11-29 23:40:24.493 [scheduling-1] INFO  c.i.s.i.PurchaseItemDetailServiceImpl - Detail of files  fileName=abhimaynukumar.pdf filePath=C:\Final_Room_Management\Final_project\Room_Management\DownloadPurchaseItemReport\202311292340\ fileSize=510770802688
2023-11-29 23:40:24.494 [scheduling-1] INFO  c.i.s.impl.AttachmentServiceImpl - Inside the method create UserRegisterationAttachment=Attachment(id=null, identifier=null, userName=abhimaynukumar, fileName=abhimaynukumar.pdf, filePath=C:\Final_Room_Management\Final_project\Room_Management\DownloadPurchaseItemReport\202311292340\, fileSize=510770802688, userIdentifier=USER-4F6EA6, pidIdentifier=PO-C4DD9A, extension=pdf, createdDate=null, createdTime=null, modifiedDateTime=null)
2023-11-29 23:40:24.513 [scheduling-1] INFO  c.i.s.i.PurchaseItemDetailServiceImpl - Inside the sendEmailNotification filePath=C:\Final_Room_Management\Final_project\Room_Management\DownloadPurchaseItemReport\202311292340\abhimaynukumar.pdf 
2023-11-29 23:40:24.514 [scheduling-1] INFO  c.i.s.i.NotificationDetailServiceImpl - Inside the method findByPoIdentifier PoIdentifier :=PO-C4DD9A
2023-11-29 23:40:24.534 [scheduling-1] INFO  c.i.s.i.PurchaseItemDetailServiceImpl - Email List and GroupName :
2023-11-29 23:40:24.535 [scheduling-1] INFO  c.i.s.impl.EmailDetailServiceImpl - Inside the method sendMailWithAttachment of EmailDetailServiceImpl Details=EmailDetails(recipient=vikashtiwari@gmail.com, msgBody=Purchase Order Id : PO-C4DD9A
Buyer UserName : abhimaynukumar
Buyer Email : abhimaynukumar@gmail.com
Status : Waiting for Approval
Buy below item in pdf., subject=Regardig Status approval., attachment=C:\Final_Room_Management\Final_project\Room_Management\DownloadPurchaseItemReport\202311292340\abhimaynukumar.pdf)
2023-11-29 23:40:24.537 [scheduling-1] INFO  c.i.s.impl.EmailDetailServiceImpl - Value of sender and pasword :sarfarazalam1825@gmail.com ccscixhkbfdtqzcy
2023-11-29 23:40:24.539 [scheduling-1] INFO  c.i.s.impl.EmailDetailServiceImpl - Iside the createSession method
2023-11-29 23:40:30.941 [scheduling-1] INFO  c.i.s.impl.EmailDetailServiceImpl - Email sent successfully.......
2023-11-29 23:40:30.942 [scheduling-1] INFO  c.i.s.impl.EmailDetailServiceImpl - Inside the method sendMailWithAttachment of EmailDetailServiceImpl Details=EmailDetails(recipient=sarfarazalam2702@gmail.com, msgBody=Purchase Order Id : PO-C4DD9A
Buyer UserName : abhimaynukumar
Buyer Email : abhimaynukumar@gmail.com
Status : Waiting for Approval
Buy below item in pdf., subject=Regardig Status approval., attachment=C:\Final_Room_Management\Final_project\Room_Management\DownloadPurchaseItemReport\202311292340\abhimaynukumar.pdf)
2023-11-29 23:40:30.943 [scheduling-1] INFO  c.i.s.impl.EmailDetailServiceImpl - Value of sender and pasword :sarfarazalam1825@gmail.com ccscixhkbfdtqzcy
2023-11-29 23:40:30.944 [scheduling-1] INFO  c.i.s.impl.EmailDetailServiceImpl - Iside the createSession method
2023-11-29 23:40:35.354 [scheduling-1] INFO  c.i.s.impl.EmailDetailServiceImpl - Email sent successfully.......
2023-11-29 23:40:35.355 [scheduling-1] INFO  c.i.s.impl.EmailDetailServiceImpl - Inside the method sendMailWithAttachment of EmailDetailServiceImpl Details=EmailDetails(recipient=abhimaynukumar@gmail.com, msgBody=Purchase Order Id : PO-C4DD9A
Buyer UserName : abhimaynukumar
Buyer Email : abhimaynukumar@gmail.com
Status : Waiting for Approval
Buy below item in pdf., subject=Regardig Status approval., attachment=C:\Final_Room_Management\Final_project\Room_Management\DownloadPurchaseItemReport\202311292340\abhimaynukumar.pdf)
2023-11-29 23:40:35.357 [scheduling-1] INFO  c.i.s.impl.EmailDetailServiceImpl - Value of sender and pasword :sarfarazalam1825@gmail.com ccscixhkbfdtqzcy
2023-11-29 23:40:35.357 [scheduling-1] INFO  c.i.s.impl.EmailDetailServiceImpl - Iside the createSession method
2023-11-29 23:40:42.039 [scheduling-1] INFO  c.i.s.impl.EmailDetailServiceImpl - Email sent successfully.......
2023-11-29 23:40:42.044 [scheduling-1] INFO  c.i.s.i.NotificationDetailServiceImpl - Inside the method processSheetToUpdateNotificationDetailStatus 
2023-11-29 23:40:42.046 [scheduling-1] INFO  c.i.s.i.DocumentAttachmentServiceImpl - Inside the method getDocumentAttachmentListByStatus 
2023-11-29 23:40:42.065 [scheduling-1] INFO  c.i.s.i.NotificationDetailServiceImpl - documentAttachmentList documentAttachmentList=[] documentAttachmentList size=0
2023-11-29 23:45:32.125 [http-nio-2023-exec-1] INFO  o.a.c.c.C.[Tomcat].[localhost].[/] - Initializing Spring DispatcherServlet 'dispatcherServlet'
2023-11-29 23:45:32.126 [http-nio-2023-exec-1] INFO  o.s.web.servlet.DispatcherServlet - Initializing Servlet 'dispatcherServlet'
2023-11-29 23:45:32.129 [http-nio-2023-exec-1] INFO  o.s.web.servlet.DispatcherServlet - Completed initialization in 3 ms
2023-11-29 23:50:00.007 [scheduling-1] INFO  c.i.s.i.NotificationDetailServiceImpl - Inside the method processSheetToUpdateNotificationDetailStatus 
2023-11-29 23:50:00.015 [scheduling-1] INFO  c.i.s.i.DocumentAttachmentServiceImpl - Inside the method getDocumentAttachmentListByStatus 
2023-11-29 23:50:00.036 [scheduling-1] INFO  c.i.s.i.NotificationDetailServiceImpl - documentAttachmentList documentAttachmentList=[] documentAttachmentList size=0
2023-11-29 23:50:00.064 [scheduling-1] INFO  c.i.s.i.PurchaseItemDetailServiceImpl - Inside the method updatePurchaseItemDetailStatus :
2023-11-29 23:50:00.089 [scheduling-1] INFO  c.i.s.i.NotificationDetailServiceImpl - Inside the method groupDataByPoIdentifier 
2023-11-29 23:50:00.116 [scheduling-1] INFO  c.i.s.i.NotificationDetailServiceImpl - Inside the method findAll 
2023-11-29 23:50:00.155 [scheduling-1] INFO  c.i.s.i.PurchaseItemDetailServiceImpl - After get the data from groupDataByPoIdentifier :
2023-11-29 23:50:00.219 [scheduling-1] INFO  c.i.s.i.PurchaseItemDetailServiceImpl - Inside the for loop poIdentifier=PO-339D02
2023-11-29 23:50:00.235 [scheduling-1] INFO  c.i.s.i.PurchaseItemDetailServiceImpl - value of isApproved IsApproved=false
2023-11-29 23:50:00.240 [scheduling-1] INFO  c.i.s.i.PurchaseItemDetailServiceImpl - value of isCancelled isCancelled=false
2023-11-29 23:50:00.241 [scheduling-1] INFO  c.i.s.i.PurchaseItemDetailServiceImpl - Inside the method findByIdentifier Identifier=PO-339D02
2023-11-29 23:50:00.264 [scheduling-1] INFO  c.i.s.i.PurchaseItemDetailServiceImpl - Purchase Item Detail Status : Status=Waiting for Approval
2023-11-29 23:50:00.293 [scheduling-1] INFO  c.i.s.i.PurchaseItemDetailServiceImpl - Inside the method generateReport identifier=PO-339D02
2023-11-29 23:50:00.296 [scheduling-1] INFO  c.i.s.i.PurchaseItemDetailServiceImpl - Download Path DownloadPath=C:\Final_Room_Management\Final_project\Room_Management\DownloadPurchaseItemReport\202311292350\
2023-11-29 23:50:00.309 [scheduling-1] INFO  c.i.s.i.PurchaseItemDetailServiceImpl - sampleFilePath Detail  SampleFilePath=C:\Final_Room_Management\Final_project\Room_Management\Room_Management\target\classes\PurchaseItemDetail.jasper
2023-11-29 23:50:00.312 [scheduling-1] INFO  c.i.s.i.PurchaseItemDetailServiceImpl - Inside the method findByIdentifier Identifier=PO-339D02
2023-11-29 23:50:00.329 [scheduling-1] INFO  c.i.s.i.PurchaseItemDetailServiceImpl - After set values in parameter  Parameter={groupName=AA, purchaseDate=2023-08-17, modeOfPayment=CASH, purchaseId=PO-339D02, userId=USER-C25E0B, email=vikashtiwari@gmail.com, paymentStatus=DONE, username=vikashtiwari, status=Waiting for Approval}
2023-11-29 23:50:00.480 [scheduling-1] INFO  c.i.s.i.PurchaseItemDetailServiceImpl - Full file path and file name Full path =C:\Final_Room_Management\Final_project\Room_Management\DownloadPurchaseItemReport\202311292350\vikashtiwari.pdf
2023-11-29 23:50:00.483 [scheduling-1] INFO  c.i.s.i.PurchaseItemDetailServiceImpl - Inside the method createAttachment filepath=C:\Final_Room_Management\Final_project\Room_Management\DownloadPurchaseItemReport\202311292350\vikashtiwari.pdf Identifier=PO-339D02 
2023-11-29 23:50:00.490 [scheduling-1] INFO  c.i.s.i.PurchaseItemDetailServiceImpl - Detail of files  fileName=vikashtiwari.pdf filePath=C:\Final_Room_Management\Final_project\Room_Management\DownloadPurchaseItemReport\202311292350\ fileSize=510770802688
2023-11-29 23:50:00.490 [scheduling-1] INFO  c.i.s.impl.AttachmentServiceImpl - Inside the method create UserRegisterationAttachment=Attachment(id=null, identifier=null, userName=vikashtiwari, fileName=vikashtiwari.pdf, filePath=C:\Final_Room_Management\Final_project\Room_Management\DownloadPurchaseItemReport\202311292350\, fileSize=510770802688, userIdentifier=USER-C25E0B, pidIdentifier=PO-339D02, extension=pdf, createdDate=null, createdTime=null, modifiedDateTime=null)
2023-11-29 23:50:00.514 [scheduling-1] INFO  c.i.s.i.PurchaseItemDetailServiceImpl - Inside the sendEmailNotification filePath=C:\Final_Room_Management\Final_project\Room_Management\DownloadPurchaseItemReport\202311292350\vikashtiwari.pdf 
2023-11-29 23:50:00.517 [scheduling-1] INFO  c.i.s.i.NotificationDetailServiceImpl - Inside the method findByPoIdentifier PoIdentifier :=PO-339D02
2023-11-29 23:50:00.523 [scheduling-1] INFO  c.i.s.i.PurchaseItemDetailServiceImpl - Email List and GroupName :
2023-11-29 23:50:00.528 [scheduling-1] INFO  c.i.s.impl.EmailDetailServiceImpl - Inside the method sendMailWithAttachment of EmailDetailServiceImpl Details=EmailDetails(recipient=vikashtiwari@gmail.com, msgBody=Purchase Order Id : PO-339D02
Buyer UserName : vikashtiwari
Buyer Email : vikashtiwari@gmail.com
Status : Waiting for Approval
Buy below item in pdf., subject=Regardig Status approval., attachment=C:\Final_Room_Management\Final_project\Room_Management\DownloadPurchaseItemReport\202311292350\vikashtiwari.pdf)
2023-11-29 23:50:00.531 [scheduling-1] INFO  c.i.s.impl.EmailDetailServiceImpl - Value of sender and pasword :sarfarazalam1825@gmail.com ccscixhkbfdtqzcy
2023-11-29 23:50:00.532 [scheduling-1] INFO  c.i.s.impl.EmailDetailServiceImpl - Iside the createSession method
2023-11-29 23:50:06.801 [scheduling-1] INFO  c.i.s.impl.EmailDetailServiceImpl - Email sent successfully.......
2023-11-29 23:50:06.810 [scheduling-1] INFO  c.i.s.impl.EmailDetailServiceImpl - Inside the method sendMailWithAttachment of EmailDetailServiceImpl Details=EmailDetails(recipient=sarfarazalam2702@gmail.com, msgBody=Purchase Order Id : PO-339D02
Buyer UserName : vikashtiwari
Buyer Email : vikashtiwari@gmail.com
Status : Waiting for Approval
Buy below item in pdf., subject=Regardig Status approval., attachment=C:\Final_Room_Management\Final_project\Room_Management\DownloadPurchaseItemReport\202311292350\vikashtiwari.pdf)
2023-11-29 23:50:06.815 [scheduling-1] INFO  c.i.s.impl.EmailDetailServiceImpl - Value of sender and pasword :sarfarazalam1825@gmail.com ccscixhkbfdtqzcy
2023-11-29 23:50:06.841 [scheduling-1] INFO  c.i.s.impl.EmailDetailServiceImpl - Iside the createSession method
2023-11-29 23:50:12.605 [scheduling-1] INFO  c.i.s.impl.EmailDetailServiceImpl - Email sent successfully.......
2023-11-29 23:50:12.606 [scheduling-1] INFO  c.i.s.impl.EmailDetailServiceImpl - Inside the method sendMailWithAttachment of EmailDetailServiceImpl Details=EmailDetails(recipient=abhimaynukumar@gmail.com, msgBody=Purchase Order Id : PO-339D02
Buyer UserName : vikashtiwari
Buyer Email : vikashtiwari@gmail.com
Status : Waiting for Approval
Buy below item in pdf., subject=Regardig Status approval., attachment=C:\Final_Room_Management\Final_project\Room_Management\DownloadPurchaseItemReport\202311292350\vikashtiwari.pdf)
2023-11-29 23:50:12.607 [scheduling-1] INFO  c.i.s.impl.EmailDetailServiceImpl - Value of sender and pasword :sarfarazalam1825@gmail.com ccscixhkbfdtqzcy
2023-11-29 23:50:12.608 [scheduling-1] INFO  c.i.s.impl.EmailDetailServiceImpl - Iside the createSession method
2023-11-29 23:50:17.322 [scheduling-1] INFO  c.i.s.impl.EmailDetailServiceImpl - Email sent successfully.......
2023-11-29 23:50:17.323 [scheduling-1] INFO  c.i.s.i.PurchaseItemDetailServiceImpl - Inside the for loop poIdentifier=PO-60F2B7
2023-11-29 23:50:17.325 [scheduling-1] INFO  c.i.s.i.PurchaseItemDetailServiceImpl - value of isApproved IsApproved=true
2023-11-29 23:50:17.326 [scheduling-1] INFO  c.i.s.i.PurchaseItemDetailServiceImpl - value of isCancelled isCancelled=false
2023-11-29 23:50:17.328 [scheduling-1] INFO  c.i.s.i.PurchaseItemDetailServiceImpl - Inside the method findByIdentifier Identifier=PO-60F2B7
2023-11-29 23:50:17.358 [scheduling-1] INFO  c.i.s.i.PurchaseItemDetailServiceImpl - Purchase Item Detail Status : Status=Approved
2023-11-29 23:50:17.366 [scheduling-1] INFO  c.i.s.i.PurchaseItemDetailServiceImpl - Inside the for loop poIdentifier=PO-C4DD9A
2023-11-29 23:50:17.369 [scheduling-1] INFO  c.i.s.i.PurchaseItemDetailServiceImpl - value of isApproved IsApproved=false
2023-11-29 23:50:17.371 [scheduling-1] INFO  c.i.s.i.PurchaseItemDetailServiceImpl - value of isCancelled isCancelled=false
2023-11-29 23:50:17.372 [scheduling-1] INFO  c.i.s.i.PurchaseItemDetailServiceImpl - Inside the method findByIdentifier Identifier=PO-C4DD9A
2023-11-29 23:50:17.400 [scheduling-1] INFO  c.i.s.i.PurchaseItemDetailServiceImpl - Purchase Item Detail Status : Status=Waiting for Approval
2023-11-29 23:50:17.430 [scheduling-1] INFO  c.i.s.i.PurchaseItemDetailServiceImpl - Inside the method generateReport identifier=PO-C4DD9A
2023-11-29 23:50:17.432 [scheduling-1] INFO  c.i.s.i.PurchaseItemDetailServiceImpl - Download Path DownloadPath=C:\Final_Room_Management\Final_project\Room_Management\DownloadPurchaseItemReport\202311292350\
2023-11-29 23:50:17.434 [scheduling-1] INFO  c.i.s.i.PurchaseItemDetailServiceImpl - sampleFilePath Detail  SampleFilePath=C:\Final_Room_Management\Final_project\Room_Management\Room_Management\target\classes\PurchaseItemDetail.jasper
2023-11-29 23:50:17.435 [scheduling-1] INFO  c.i.s.i.PurchaseItemDetailServiceImpl - Inside the method findByIdentifier Identifier=PO-C4DD9A
2023-11-29 23:50:17.463 [scheduling-1] INFO  c.i.s.i.PurchaseItemDetailServiceImpl - After set values in parameter  Parameter={groupName=AA, purchaseDate=2023-08-17, modeOfPayment=CASH, purchaseId=PO-C4DD9A, userId=USER-4F6EA6, email=abhimaynukumar@gmail.com, paymentStatus=DONE, username=abhimaynukumar, status=Waiting for Approval}
2023-11-29 23:50:17.715 [scheduling-1] INFO  c.i.s.i.PurchaseItemDetailServiceImpl - Full file path and file name Full path =C:\Final_Room_Management\Final_project\Room_Management\DownloadPurchaseItemReport\202311292350\abhimaynukumar.pdf
2023-11-29 23:50:17.717 [scheduling-1] INFO  c.i.s.i.PurchaseItemDetailServiceImpl - Inside the method createAttachment filepath=C:\Final_Room_Management\Final_project\Room_Management\DownloadPurchaseItemReport\202311292350\abhimaynukumar.pdf Identifier=PO-C4DD9A 
2023-11-29 23:50:17.725 [scheduling-1] INFO  c.i.s.i.PurchaseItemDetailServiceImpl - Detail of files  fileName=abhimaynukumar.pdf filePath=C:\Final_Room_Management\Final_project\Room_Management\DownloadPurchaseItemReport\202311292350\ fileSize=510770802688
2023-11-29 23:50:17.727 [scheduling-1] INFO  c.i.s.impl.AttachmentServiceImpl - Inside the method create UserRegisterationAttachment=Attachment(id=null, identifier=null, userName=abhimaynukumar, fileName=abhimaynukumar.pdf, filePath=C:\Final_Room_Management\Final_project\Room_Management\DownloadPurchaseItemReport\202311292350\, fileSize=510770802688, userIdentifier=USER-4F6EA6, pidIdentifier=PO-C4DD9A, extension=pdf, createdDate=null, createdTime=null, modifiedDateTime=null)
2023-11-29 23:50:17.755 [scheduling-1] INFO  c.i.s.i.PurchaseItemDetailServiceImpl - Inside the sendEmailNotification filePath=C:\Final_Room_Management\Final_project\Room_Management\DownloadPurchaseItemReport\202311292350\abhimaynukumar.pdf 
2023-11-29 23:50:17.756 [scheduling-1] INFO  c.i.s.i.NotificationDetailServiceImpl - Inside the method findByPoIdentifier PoIdentifier :=PO-C4DD9A
2023-11-29 23:50:17.773 [scheduling-1] INFO  c.i.s.i.PurchaseItemDetailServiceImpl - Email List and GroupName :
2023-11-29 23:50:17.774 [scheduling-1] INFO  c.i.s.impl.EmailDetailServiceImpl - Inside the method sendMailWithAttachment of EmailDetailServiceImpl Details=EmailDetails(recipient=vikashtiwari@gmail.com, msgBody=Purchase Order Id : PO-C4DD9A
Buyer UserName : abhimaynukumar
Buyer Email : abhimaynukumar@gmail.com
Status : Waiting for Approval
Buy below item in pdf., subject=Regardig Status approval., attachment=C:\Final_Room_Management\Final_project\Room_Management\DownloadPurchaseItemReport\202311292350\abhimaynukumar.pdf)
2023-11-29 23:50:17.777 [scheduling-1] INFO  c.i.s.impl.EmailDetailServiceImpl - Value of sender and pasword :sarfarazalam1825@gmail.com ccscixhkbfdtqzcy
2023-11-29 23:50:17.780 [scheduling-1] INFO  c.i.s.impl.EmailDetailServiceImpl - Iside the createSession method
2023-11-29 23:50:24.232 [scheduling-1] INFO  c.i.s.impl.EmailDetailServiceImpl - Email sent successfully.......
2023-11-29 23:50:24.233 [scheduling-1] INFO  c.i.s.impl.EmailDetailServiceImpl - Inside the method sendMailWithAttachment of EmailDetailServiceImpl Details=EmailDetails(recipient=sarfarazalam2702@gmail.com, msgBody=Purchase Order Id : PO-C4DD9A
Buyer UserName : abhimaynukumar
Buyer Email : abhimaynukumar@gmail.com
Status : Waiting for Approval
Buy below item in pdf., subject=Regardig Status approval., attachment=C:\Final_Room_Management\Final_project\Room_Management\DownloadPurchaseItemReport\202311292350\abhimaynukumar.pdf)
2023-11-29 23:50:24.235 [scheduling-1] INFO  c.i.s.impl.EmailDetailServiceImpl - Value of sender and pasword :sarfarazalam1825@gmail.com ccscixhkbfdtqzcy
2023-11-29 23:50:24.236 [scheduling-1] INFO  c.i.s.impl.EmailDetailServiceImpl - Iside the createSession method
2023-11-29 23:50:28.847 [scheduling-1] INFO  c.i.s.impl.EmailDetailServiceImpl - Email sent successfully.......
2023-11-29 23:50:28.855 [scheduling-1] INFO  c.i.s.impl.EmailDetailServiceImpl - Inside the method sendMailWithAttachment of EmailDetailServiceImpl Details=EmailDetails(recipient=abhimaynukumar@gmail.com, msgBody=Purchase Order Id : PO-C4DD9A
Buyer UserName : abhimaynukumar
Buyer Email : abhimaynukumar@gmail.com
Status : Waiting for Approval
Buy below item in pdf., subject=Regardig Status approval., attachment=C:\Final_Room_Management\Final_project\Room_Management\DownloadPurchaseItemReport\202311292350\abhimaynukumar.pdf)
2023-11-29 23:50:28.864 [scheduling-1] INFO  c.i.s.impl.EmailDetailServiceImpl - Value of sender and pasword :sarfarazalam1825@gmail.com ccscixhkbfdtqzcy
2023-11-29 23:50:28.868 [scheduling-1] INFO  c.i.s.impl.EmailDetailServiceImpl - Iside the createSession method
2023-11-29 23:50:35.029 [scheduling-1] INFO  c.i.s.impl.EmailDetailServiceImpl - Email sent successfully.......
2023-11-29 23:52:36.955 [File Watcher] INFO  o.s.b.d.a.LocalDevToolsAutoConfiguration$RestartingClassPathChangeChangedEventListener - Restarting due to 84 class path changes (0 additions, 84 deletions, 0 modifications)
2023-11-29 23:52:40.455 [Thread-5] INFO  o.a.coyote.http11.Http11NioProtocol - Pausing ProtocolHandler ["http-nio-2023"]
2023-11-29 23:52:40.456 [Thread-5] INFO  o.a.catalina.core.StandardService - Stopping service [Tomcat]
2023-11-29 23:52:40.462 [Thread-5] INFO  o.a.c.c.C.[Tomcat].[localhost].[/] - Destroying Spring FrameworkServlet 'dispatcherServlet'
2023-11-29 23:52:40.473 [Thread-5] INFO  o.a.coyote.http11.Http11NioProtocol - Stopping ProtocolHandler ["http-nio-2023"]
2023-11-29 23:52:40.487 [Thread-5] INFO  o.a.coyote.http11.Http11NioProtocol - Destroying ProtocolHandler ["http-nio-2023"]
2023-11-29 23:52:40.575 [Thread-5] INFO  o.s.o.j.LocalContainerEntityManagerFactoryBean - Closing JPA EntityManagerFactory for persistence unit 'default'
2023-11-29 23:52:40.588 [Thread-5] INFO  com.zaxxer.hikari.HikariDataSource - HikariPool-1 - Shutdown initiated...
2023-11-29 23:52:40.637 [Thread-5] INFO  com.zaxxer.hikari.HikariDataSource - HikariPool-1 - Shutdown completed.
2023-11-29 23:54:11.471 [background-preinit] INFO  o.h.validator.internal.util.Version - HV000001: Hibernate Validator 6.2.5.Final
2023-11-29 23:54:11.525 [restartedMain] INFO  com.inn.RoomManagementApplication - Starting RoomManagementApplication using Java 11.0.12 on RINIPC583 with PID 20948 (C:\Final_Room_Management\Final_project\Room_Management\Room_Management\target\classes started by sarfaraz.alam in C:\Final_Room_Management\Final_project\Room_Management\Room_Management)
2023-11-29 23:54:11.532 [restartedMain] INFO  com.inn.RoomManagementApplication - No active profile set, falling back to 1 default profile: "default"
2023-11-29 23:54:11.691 [restartedMain] INFO  o.s.b.d.e.DevToolsPropertyDefaultsPostProcessor - Devtools property defaults active! Set 'spring.devtools.add-properties' to 'false' to disable
2023-11-29 23:54:11.699 [restartedMain] INFO  o.s.b.d.e.DevToolsPropertyDefaultsPostProcessor - For additional web related logging consider setting the 'logging.level.web' property to 'DEBUG'
2023-11-29 23:54:15.110 [restartedMain] INFO  o.s.d.r.c.RepositoryConfigurationDelegate - Bootstrapping Spring Data JPA repositories in DEFAULT mode.
2023-11-29 23:54:15.581 [restartedMain] INFO  o.s.d.r.c.RepositoryConfigurationDelegate - Finished Spring Data repository scanning in 440 ms. Found 9 JPA repository interfaces.
2023-11-29 23:54:20.720 [restartedMain] INFO  o.s.b.w.e.tomcat.TomcatWebServer - Tomcat initialized with port(s): 2023 (http)
2023-11-29 23:54:20.739 [restartedMain] INFO  o.a.coyote.http11.Http11NioProtocol - Initializing ProtocolHandler ["http-nio-2023"]
2023-11-29 23:54:20.747 [restartedMain] INFO  o.a.catalina.core.StandardService - Starting service [Tomcat]
2023-11-29 23:54:20.751 [restartedMain] INFO  o.a.catalina.core.StandardEngine - Starting Servlet engine: [Apache Tomcat/9.0.78]
2023-11-29 23:54:21.358 [restartedMain] INFO  o.a.c.c.C.[Tomcat].[localhost].[/] - Initializing Spring embedded WebApplicationContext
2023-11-29 23:54:21.360 [restartedMain] INFO  o.s.b.w.s.c.ServletWebServerApplicationContext - Root WebApplicationContext: initialization completed in 9659 ms
2023-11-29 23:54:22.355 [restartedMain] INFO  o.h.jpa.internal.util.LogHelper - HHH000204: Processing PersistenceUnitInfo [name: default]
2023-11-29 23:54:22.615 [restartedMain] INFO  org.hibernate.Version - HHH000412: Hibernate ORM core version 5.6.15.Final
2023-11-29 23:54:23.309 [restartedMain] INFO  o.h.annotations.common.Version - HCANN000001: Hibernate Commons Annotations {5.1.2.Final}
2023-11-29 23:54:23.819 [restartedMain] INFO  com.zaxxer.hikari.HikariDataSource - HikariPool-1 - Starting...
2023-11-29 23:54:25.050 [restartedMain] INFO  com.zaxxer.hikari.HikariDataSource - HikariPool-1 - Start completed.
2023-11-29 23:54:25.097 [restartedMain] INFO  org.hibernate.dialect.Dialect - HHH000400: Using dialect: org.hibernate.dialect.MySQL5InnoDBDialect
2023-11-29 23:54:28.253 [restartedMain] INFO  o.h.e.t.j.p.i.JtaPlatformInitiator - HHH000490: Using JtaPlatform implementation: [org.hibernate.engine.transaction.jta.platform.internal.NoJtaPlatform]
2023-11-29 23:54:28.296 [restartedMain] INFO  o.s.o.j.LocalContainerEntityManagerFactoryBean - Initialized JPA EntityManagerFactory for persistence unit 'default'
2023-11-29 23:54:30.748 [restartedMain] WARN  o.s.b.a.o.j.JpaBaseConfiguration$JpaWebConfiguration - spring.jpa.open-in-view is enabled by default. Therefore, database queries may be performed during view rendering. Explicitly configure spring.jpa.open-in-view to disable this warning
2023-11-29 23:54:32.156 [restartedMain] INFO  o.s.b.d.a.OptionalLiveReloadServer - LiveReload server is running on port 35729
2023-11-29 23:54:32.170 [restartedMain] INFO  o.s.b.a.e.web.EndpointLinksResolver - Exposing 1 endpoint(s) beneath base path '/actuator'
2023-11-29 23:54:32.276 [restartedMain] INFO  o.a.coyote.http11.Http11NioProtocol - Starting ProtocolHandler ["http-nio-2023"]
2023-11-29 23:54:32.335 [restartedMain] INFO  o.s.b.w.e.tomcat.TomcatWebServer - Tomcat started on port(s): 2023 (http) with context path ''
2023-11-29 23:54:32.402 [restartedMain] INFO  com.inn.RoomManagementApplication - Started RoomManagementApplication in 22.253 seconds (JVM running for 24.472)
2023-11-29 23:54:36.441 [http-nio-2023-exec-1] INFO  o.a.c.c.C.[Tomcat].[localhost].[/] - Initializing Spring DispatcherServlet 'dispatcherServlet'
2023-11-29 23:54:36.442 [http-nio-2023-exec-1] INFO  o.s.web.servlet.DispatcherServlet - Initializing Servlet 'dispatcherServlet'
2023-11-29 23:54:36.451 [http-nio-2023-exec-1] INFO  o.s.web.servlet.DispatcherServlet - Completed initialization in 7 ms
2023-11-29 23:54:37.128 [http-nio-2023-exec-2] INFO  c.i.c.i.UserRegistrationControllerImpl - Inside the method create UserRegistration=UserRegistration(id=null, identifier=null, userName=, firstName=null, middleName=null, lastName=null, emailId=, confirmEmailId=null, password=null, confirmPassword=null, mobileNo=null, alternateMobileNo=null, dob=null, gender=null, role=null, isActive=null, createdDate=null, createdTime=null, modifiedDateTime=null, groupMappings=[])
2023-11-29 23:54:37.217 [http-nio-2023-exec-2] INFO  c.i.s.i.UserRegistrationServiceImpl - Inside the method create UserRegistration=UserRegistration(id=null, identifier=null, userName=, firstName=null, middleName=null, lastName=null, emailId=, confirmEmailId=null, password=null, confirmPassword=null, mobileNo=null, alternateMobileNo=null, dob=null, gender=null, role=null, isActive=null, createdDate=null, createdTime=null, modifiedDateTime=null, groupMappings=[])
2023-11-29 23:54:37.393 [http-nio-2023-exec-2] INFO  c.i.s.i.UserRegistrationServiceImpl - Group Mappings detail :GroupMappings=[]
2023-11-29 23:54:37.404 [http-nio-2023-exec-2] ERROR c.i.s.i.UserRegistrationServiceImpl - Error occured due to Message=null :
2023-11-29 23:54:37.423 [http-nio-2023-exec-2] ERROR c.i.c.i.UserRegistrationControllerImpl - Error occured due to Message=null :
2023-11-29 23:54:37.459 [http-nio-2023-exec-2] ERROR o.a.c.c.C.[.[.[.[dispatcherServlet] - Servlet.service() for servlet [dispatcherServlet] in context with path [] threw exception [Request processing failed; nested exception is java.lang.NullPointerException] with root cause
java.lang.NullPointerException: null
	at com.inn.service.impl.UserRegistrationServiceImpl.create(UserRegistrationServiceImpl.java:80)
	at com.inn.service.impl.UserRegistrationServiceImpl$$FastClassBySpringCGLIB$$bb9ab88e.invoke(<generated>)
	at org.springframework.cglib.proxy.MethodProxy.invoke(MethodProxy.java:218)
	at org.springframework.aop.framework.CglibAopProxy$CglibMethodInvocation.invokeJoinpoint(CglibAopProxy.java:793)
	at org.springframework.aop.framework.ReflectiveMethodInvocation.proceed(ReflectiveMethodInvocation.java:163)
	at org.springframework.aop.framework.CglibAopProxy$CglibMethodInvocation.proceed(CglibAopProxy.java:763)
	at org.springframework.transaction.interceptor.TransactionInterceptor$1.proceedWithInvocation(TransactionInterceptor.java:123)
	at org.springframework.transaction.interceptor.TransactionAspectSupport.invokeWithinTransaction(TransactionAspectSupport.java:388)
	at org.springframework.transaction.interceptor.TransactionInterceptor.invoke(TransactionInterceptor.java:119)
	at org.springframework.aop.framework.ReflectiveMethodInvocation.proceed(ReflectiveMethodInvocation.java:186)
	at org.springframework.aop.framework.CglibAopProxy$CglibMethodInvocation.proceed(CglibAopProxy.java:763)
	at org.springframework.aop.framework.CglibAopProxy$DynamicAdvisedInterceptor.intercept(CglibAopProxy.java:708)
	at com.inn.service.impl.UserRegistrationServiceImpl$$EnhancerBySpringCGLIB$$74ba2bd9.create(<generated>)
	at com.inn.controller.impl.UserRegistrationControllerImpl.create(UserRegistrationControllerImpl.java:27)
	at java.base/jdk.internal.reflect.NativeMethodAccessorImpl.invoke0(Native Method)
	at java.base/jdk.internal.reflect.NativeMethodAccessorImpl.invoke(NativeMethodAccessorImpl.java:62)
	at java.base/jdk.internal.reflect.DelegatingMethodAccessorImpl.invoke(DelegatingMethodAccessorImpl.java:43)
	at java.base/java.lang.reflect.Method.invoke(Method.java:566)
	at org.springframework.web.method.support.InvocableHandlerMethod.doInvoke(InvocableHandlerMethod.java:205)
	at org.springframework.web.method.support.InvocableHandlerMethod.invokeForRequest(InvocableHandlerMethod.java:150)
	at org.springframework.web.servlet.mvc.method.annotation.ServletInvocableHandlerMethod.invokeAndHandle(ServletInvocableHandlerMethod.java:117)
	at org.springframework.web.servlet.mvc.method.annotation.RequestMappingHandlerAdapter.invokeHandlerMethod(RequestMappingHandlerAdapter.java:895)
	at org.springframework.web.servlet.mvc.method.annotation.RequestMappingHandlerAdapter.handleInternal(RequestMappingHandlerAdapter.java:808)
	at org.springframework.web.servlet.mvc.method.AbstractHandlerMethodAdapter.handle(AbstractHandlerMethodAdapter.java:87)
	at org.springframework.web.servlet.DispatcherServlet.doDispatch(DispatcherServlet.java:1072)
	at org.springframework.web.servlet.DispatcherServlet.doService(DispatcherServlet.java:965)
	at org.springframework.web.servlet.FrameworkServlet.processRequest(FrameworkServlet.java:1006)
	at org.springframework.web.servlet.FrameworkServlet.doPost(FrameworkServlet.java:909)
	at javax.servlet.http.HttpServlet.service(HttpServlet.java:555)
	at org.springframework.web.servlet.FrameworkServlet.service(FrameworkServlet.java:883)
	at javax.servlet.http.HttpServlet.service(HttpServlet.java:623)
	at org.apache.catalina.core.ApplicationFilterChain.internalDoFilter(ApplicationFilterChain.java:209)
	at org.apache.catalina.core.ApplicationFilterChain.doFilter(ApplicationFilterChain.java:153)
	at org.apache.tomcat.websocket.server.WsFilter.doFilter(WsFilter.java:51)
	at org.apache.catalina.core.ApplicationFilterChain.internalDoFilter(ApplicationFilterChain.java:178)
	at org.apache.catalina.core.ApplicationFilterChain.doFilter(ApplicationFilterChain.java:153)
	at org.springframework.web.filter.RequestContextFilter.doFilterInternal(RequestContextFilter.java:100)
	at org.springframework.web.filter.OncePerRequestFilter.doFilter(OncePerRequestFilter.java:117)
	at org.apache.catalina.core.ApplicationFilterChain.internalDoFilter(ApplicationFilterChain.java:178)
	at org.apache.catalina.core.ApplicationFilterChain.doFilter(ApplicationFilterChain.java:153)
	at org.springframework.web.filter.FormContentFilter.doFilterInternal(FormContentFilter.java:93)
	at org.springframework.web.filter.OncePerRequestFilter.doFilter(OncePerRequestFilter.java:117)
	at org.apache.catalina.core.ApplicationFilterChain.internalDoFilter(ApplicationFilterChain.java:178)
	at org.apache.catalina.core.ApplicationFilterChain.doFilter(ApplicationFilterChain.java:153)
	at org.springframework.boot.actuate.metrics.web.servlet.WebMvcMetricsFilter.doFilterInternal(WebMvcMetricsFilter.java:96)
	at org.springframework.web.filter.OncePerRequestFilter.doFilter(OncePerRequestFilter.java:117)
	at org.apache.catalina.core.ApplicationFilterChain.internalDoFilter(ApplicationFilterChain.java:178)
	at org.apache.catalina.core.ApplicationFilterChain.doFilter(ApplicationFilterChain.java:153)
	at org.springframework.web.filter.CharacterEncodingFilter.doFilterInternal(CharacterEncodingFilter.java:201)
	at org.springframework.web.filter.OncePerRequestFilter.doFilter(OncePerRequestFilter.java:117)
	at org.apache.catalina.core.ApplicationFilterChain.internalDoFilter(ApplicationFilterChain.java:178)
	at org.apache.catalina.core.ApplicationFilterChain.doFilter(ApplicationFilterChain.java:153)
	at org.apache.catalina.core.StandardWrapperValve.invoke(StandardWrapperValve.java:167)
	at org.apache.catalina.core.StandardContextValve.invoke(StandardContextValve.java:90)
	at org.apache.catalina.authenticator.AuthenticatorBase.invoke(AuthenticatorBase.java:481)
	at org.apache.catalina.core.StandardHostValve.invoke(StandardHostValve.java:130)
	at org.apache.catalina.valves.ErrorReportValve.invoke(ErrorReportValve.java:93)
	at org.apache.catalina.core.StandardEngineValve.invoke(StandardEngineValve.java:74)
	at org.apache.catalina.connector.CoyoteAdapter.service(CoyoteAdapter.java:343)
	at org.apache.coyote.http11.Http11Processor.service(Http11Processor.java:390)
	at org.apache.coyote.AbstractProcessorLight.process(AbstractProcessorLight.java:63)
	at org.apache.coyote.AbstractProtocol$ConnectionHandler.process(AbstractProtocol.java:926)
	at org.apache.tomcat.util.net.NioEndpoint$SocketProcessor.doRun(NioEndpoint.java:1791)
	at org.apache.tomcat.util.net.SocketProcessorBase.run(SocketProcessorBase.java:52)
	at org.apache.tomcat.util.threads.ThreadPoolExecutor.runWorker(ThreadPoolExecutor.java:1191)
	at org.apache.tomcat.util.threads.ThreadPoolExecutor$Worker.run(ThreadPoolExecutor.java:659)
	at org.apache.tomcat.util.threads.TaskThread$WrappingRunnable.run(TaskThread.java:61)
	at java.base/java.lang.Thread.run(Thread.java:834)
2023-11-29 23:58:49.393 [File Watcher] INFO  o.s.b.d.a.LocalDevToolsAutoConfiguration$RestartingClassPathChangeChangedEventListener - Restarting due to 1 class path change (0 additions, 0 deletions, 1 modification)
2023-11-29 23:58:52.760 [Thread-5] INFO  o.a.coyote.http11.Http11NioProtocol - Pausing ProtocolHandler ["http-nio-2023"]
2023-11-29 23:58:52.762 [Thread-5] INFO  o.a.catalina.core.StandardService - Stopping service [Tomcat]
2023-11-29 23:58:52.766 [Thread-5] INFO  o.a.c.c.C.[Tomcat].[localhost].[/] - Destroying Spring FrameworkServlet 'dispatcherServlet'
2023-11-29 23:58:52.780 [Thread-5] INFO  o.a.coyote.http11.Http11NioProtocol - Stopping ProtocolHandler ["http-nio-2023"]
2023-11-29 23:58:52.788 [Thread-5] INFO  o.a.coyote.http11.Http11NioProtocol - Destroying ProtocolHandler ["http-nio-2023"]
2023-11-29 23:58:52.868 [Thread-5] INFO  o.s.o.j.LocalContainerEntityManagerFactoryBean - Closing JPA EntityManagerFactory for persistence unit 'default'
2023-11-29 23:58:52.879 [Thread-5] INFO  com.zaxxer.hikari.HikariDataSource - HikariPool-1 - Shutdown initiated...
2023-11-29 23:58:52.914 [Thread-5] INFO  com.zaxxer.hikari.HikariDataSource - HikariPool-1 - Shutdown completed.
2023-11-29 23:58:53.209 [restartedMain] INFO  com.inn.RoomManagementApplication - Starting RoomManagementApplication using Java 11.0.12 on RINIPC583 with PID 20948 (C:\Final_Room_Management\Final_project\Room_Management\Room_Management\target\classes started by sarfaraz.alam in C:\Final_Room_Management\Final_project\Room_Management\Room_Management)
2023-11-29 23:58:53.210 [restartedMain] INFO  com.inn.RoomManagementApplication - No active profile set, falling back to 1 default profile: "default"
2023-11-29 23:58:54.677 [restartedMain] INFO  o.s.d.r.c.RepositoryConfigurationDelegate - Bootstrapping Spring Data JPA repositories in DEFAULT mode.
2023-11-29 23:58:55.022 [restartedMain] INFO  o.s.d.r.c.RepositoryConfigurationDelegate - Finished Spring Data repository scanning in 343 ms. Found 9 JPA repository interfaces.
2023-11-29 23:58:55.490 [restartedMain] INFO  o.s.b.w.e.tomcat.TomcatWebServer - Tomcat initialized with port(s): 2023 (http)
2023-11-29 23:58:55.493 [restartedMain] INFO  o.a.coyote.http11.Http11NioProtocol - Initializing ProtocolHandler ["http-nio-2023"]
2023-11-29 23:58:55.497 [restartedMain] INFO  o.a.catalina.core.StandardService - Starting service [Tomcat]
2023-11-29 23:58:55.498 [restartedMain] INFO  o.a.catalina.core.StandardEngine - Starting Servlet engine: [Apache Tomcat/9.0.78]
2023-11-29 23:58:55.647 [restartedMain] INFO  o.a.c.c.C.[Tomcat].[localhost].[/] - Initializing Spring embedded WebApplicationContext
2023-11-29 23:58:55.648 [restartedMain] INFO  o.s.b.w.s.c.ServletWebServerApplicationContext - Root WebApplicationContext: initialization completed in 2428 ms
2023-11-29 23:58:55.894 [restartedMain] INFO  o.h.jpa.internal.util.LogHelper - HHH000204: Processing PersistenceUnitInfo [name: default]
2023-11-29 23:58:55.923 [restartedMain] INFO  com.zaxxer.hikari.HikariDataSource - HikariPool-2 - Starting...
2023-11-29 23:58:55.991 [restartedMain] INFO  com.zaxxer.hikari.HikariDataSource - HikariPool-2 - Start completed.
2023-11-29 23:58:55.992 [restartedMain] INFO  org.hibernate.dialect.Dialect - HHH000400: Using dialect: org.hibernate.dialect.MySQL5InnoDBDialect
2023-11-29 23:58:56.573 [restartedMain] INFO  o.h.e.t.j.p.i.JtaPlatformInitiator - HHH000490: Using JtaPlatform implementation: [org.hibernate.engine.transaction.jta.platform.internal.NoJtaPlatform]
2023-11-29 23:58:56.573 [restartedMain] INFO  o.s.o.j.LocalContainerEntityManagerFactoryBean - Initialized JPA EntityManagerFactory for persistence unit 'default'
2023-11-29 23:58:57.753 [restartedMain] WARN  o.s.b.a.o.j.JpaBaseConfiguration$JpaWebConfiguration - spring.jpa.open-in-view is enabled by default. Therefore, database queries may be performed during view rendering. Explicitly configure spring.jpa.open-in-view to disable this warning
2023-11-29 23:58:58.332 [restartedMain] INFO  o.s.b.d.a.OptionalLiveReloadServer - LiveReload server is running on port 35729
2023-11-29 23:58:58.352 [restartedMain] INFO  o.s.b.a.e.web.EndpointLinksResolver - Exposing 1 endpoint(s) beneath base path '/actuator'
2023-11-29 23:58:58.433 [restartedMain] INFO  o.a.coyote.http11.Http11NioProtocol - Starting ProtocolHandler ["http-nio-2023"]
2023-11-29 23:58:58.454 [restartedMain] INFO  o.s.b.w.e.tomcat.TomcatWebServer - Tomcat started on port(s): 2023 (http) with context path ''
2023-11-29 23:58:58.503 [restartedMain] INFO  com.inn.RoomManagementApplication - Started RoomManagementApplication in 5.439 seconds (JVM running for 290.572)
2023-11-29 23:58:58.518 [restartedMain] INFO  o.s.b.d.a.ConditionEvaluationDeltaLoggingListener - Condition evaluation unchanged
