2023-08-20 12:55:50.218 [HikariPool-1 housekeeper] WARN  com.zaxxer.hikari.pool.HikariPool - HikariPool-1 - Thread starvation or clock leap detected (housekeeper delta=13h14m33s624ms880µs100ns).
2023-08-20 13:08:06.194 [http-nio-2023-exec-5] INFO  c.i.c.i.UserRegistrationControllerImpl - Inside the method update Username=sarfarazalam1 UserRegistration=UserRegistration(id=null, identifier=null, userName=null, firstName=Sarfaraz, middleName=khan, lastName=Alam, emailId=sarfarazalam2702@gmail.com123, confirmEmailId=sarfarazalam2702@gmail.com123, password=sarfaraz, confirmPassword=sarfaraz, mobileNo=8226854405, alternateMobileNo=8789519442, dob=Fri Feb 27 05:30:00 IST 1998, gender=male, role=team, isActive=null, createdDate=null, createdTime=null, modifiedDateTime=null, groupMappings=[UserGroupMapping(id=null, groupName=AB, email=null, user=null)]) 
2023-08-20 13:08:06.197 [http-nio-2023-exec-5] INFO  c.i.s.i.UserRegistrationServiceImpl - Inside the method update Username=sarfarazalam1 UserRegistration=UserRegistration(id=null, identifier=null, userName=null, firstName=Sarfaraz, middleName=khan, lastName=Alam, emailId=sarfarazalam2702@gmail.com123, confirmEmailId=sarfarazalam2702@gmail.com123, password=sarfaraz, confirmPassword=sarfaraz, mobileNo=8226854405, alternateMobileNo=8789519442, dob=Fri Feb 27 05:30:00 IST 1998, gender=male, role=team, isActive=null, createdDate=null, createdTime=null, modifiedDateTime=null, groupMappings=[UserGroupMapping(id=null, groupName=AB, email=null, user=null)]) 
2023-08-20 13:08:06.198 [http-nio-2023-exec-5] INFO  c.i.s.i.UserRegistrationServiceImpl - Inside the method findByUsername Username=sarfarazalam1
2023-08-20 13:08:06.214 [http-nio-2023-exec-5] INFO  com.inn.utils.RoomUtil - Inside the method validationForMobileNumber :8226854405
2023-08-20 13:08:06.214 [http-nio-2023-exec-5] INFO  com.inn.utils.RoomUtil - Inside the method validationForMobileNumber :8789519442
2023-08-20 13:08:11.361 [http-nio-2023-exec-6] INFO  c.i.c.i.UserRegistrationControllerImpl - Inside the method update Username=sarfarazalam1 UserRegistration=UserRegistration(id=null, identifier=null, userName=null, firstName=Sarfaraz, middleName=khan, lastName=Alam, emailId=sarfarazalam2702@gmail.com123, confirmEmailId=sarfarazalam2702@gmail.com123, password=sarfaraz, confirmPassword=sarfaraz, mobileNo=8226854405, alternateMobileNo=8789519442, dob=Fri Feb 27 05:30:00 IST 1998, gender=male, role=team, isActive=null, createdDate=null, createdTime=null, modifiedDateTime=null, groupMappings=[UserGroupMapping(id=null, groupName=AB, email=null, user=null)]) 
2023-08-20 13:08:11.362 [http-nio-2023-exec-6] INFO  c.i.s.i.UserRegistrationServiceImpl - Inside the method update Username=sarfarazalam1 UserRegistration=UserRegistration(id=null, identifier=null, userName=null, firstName=Sarfaraz, middleName=khan, lastName=Alam, emailId=sarfarazalam2702@gmail.com123, confirmEmailId=sarfarazalam2702@gmail.com123, password=sarfaraz, confirmPassword=sarfaraz, mobileNo=8226854405, alternateMobileNo=8789519442, dob=Fri Feb 27 05:30:00 IST 1998, gender=male, role=team, isActive=null, createdDate=null, createdTime=null, modifiedDateTime=null, groupMappings=[UserGroupMapping(id=null, groupName=AB, email=null, user=null)]) 
2023-08-20 13:08:11.365 [http-nio-2023-exec-6] INFO  c.i.s.i.UserRegistrationServiceImpl - Inside the method findByUsername Username=sarfarazalam1
2023-08-20 13:08:11.379 [http-nio-2023-exec-6] INFO  com.inn.utils.RoomUtil - Inside the method validationForMobileNumber :8226854405
2023-08-20 13:08:11.406 [http-nio-2023-exec-6] INFO  com.inn.utils.RoomUtil - Inside the method validationForMobileNumber :8789519442
2023-08-20 13:09:32.747 [http-nio-2023-exec-9] INFO  c.i.c.i.UserRegistrationControllerImpl - Inside the method update Username=sarfarazalam1 UserRegistration=UserRegistration(id=null, identifier=null, userName=null, firstName=Sarfaraz, middleName=khan, lastName=Alam, emailId=sarfarazalam2702@gmail.com123, confirmEmailId=sarfarazalam2702@gmail.com123, password=sarfaraz, confirmPassword=sarfaraz, mobileNo=8226854405, alternateMobileNo=8789519442, dob=Fri Feb 27 05:30:00 IST 1998, gender=male, role=team, isActive=null, createdDate=null, createdTime=null, modifiedDateTime=null, groupMappings=[UserGroupMapping(id=null, groupName=AC, email=null, user=null)]) 
2023-08-20 13:09:32.748 [http-nio-2023-exec-9] INFO  c.i.s.i.UserRegistrationServiceImpl - Inside the method update Username=sarfarazalam1 UserRegistration=UserRegistration(id=null, identifier=null, userName=null, firstName=Sarfaraz, middleName=khan, lastName=Alam, emailId=sarfarazalam2702@gmail.com123, confirmEmailId=sarfarazalam2702@gmail.com123, password=sarfaraz, confirmPassword=sarfaraz, mobileNo=8226854405, alternateMobileNo=8789519442, dob=Fri Feb 27 05:30:00 IST 1998, gender=male, role=team, isActive=null, createdDate=null, createdTime=null, modifiedDateTime=null, groupMappings=[UserGroupMapping(id=null, groupName=AC, email=null, user=null)]) 
2023-08-20 13:09:32.750 [http-nio-2023-exec-9] INFO  c.i.s.i.UserRegistrationServiceImpl - Inside the method findByUsername Username=sarfarazalam1
2023-08-20 13:09:32.761 [http-nio-2023-exec-9] INFO  com.inn.utils.RoomUtil - Inside the method validationForMobileNumber :8226854405
2023-08-20 13:09:32.762 [http-nio-2023-exec-9] INFO  com.inn.utils.RoomUtil - Inside the method validationForMobileNumber :8789519442
2023-08-20 13:13:13.868 [File Watcher] INFO  o.s.b.d.a.LocalDevToolsAutoConfiguration$RestartingClassPathChangeChangedEventListener - Restarting due to 1 class path change (0 additions, 0 deletions, 1 modification)
2023-08-20 13:13:19.924 [Thread-5] INFO  o.a.coyote.http11.Http11NioProtocol - Pausing ProtocolHandler ["http-nio-2023"]
2023-08-20 13:13:19.925 [Thread-5] INFO  o.a.catalina.core.StandardService - Stopping service [Tomcat]
2023-08-20 13:13:19.930 [Thread-5] INFO  o.a.c.c.C.[Tomcat].[localhost].[/] - Destroying Spring FrameworkServlet 'dispatcherServlet'
2023-08-20 13:13:19.942 [Thread-5] INFO  o.a.coyote.http11.Http11NioProtocol - Stopping ProtocolHandler ["http-nio-2023"]
2023-08-20 13:13:19.951 [Thread-5] INFO  o.a.coyote.http11.Http11NioProtocol - Destroying ProtocolHandler ["http-nio-2023"]
2023-08-20 13:13:20.010 [Thread-5] INFO  o.s.o.j.LocalContainerEntityManagerFactoryBean - Closing JPA EntityManagerFactory for persistence unit 'default'
2023-08-20 13:13:20.025 [Thread-5] INFO  com.zaxxer.hikari.HikariDataSource - HikariPool-1 - Shutdown initiated...
2023-08-20 13:13:20.047 [Thread-5] INFO  com.zaxxer.hikari.HikariDataSource - HikariPool-1 - Shutdown completed.
2023-08-20 13:13:20.335 [restartedMain] INFO  com.inn.RoomManagementApplication - Starting RoomManagementApplication using Java 11.0.12 on RINIPC583 with PID 5372 (C:\Final_Room_Management\Room_Management\Room_Management\target\classes started by sarfaraz.alam in C:\Final_Room_Management\Room_Management\Room_Management)
2023-08-20 13:13:20.336 [restartedMain] INFO  com.inn.RoomManagementApplication - No active profile set, falling back to 1 default profile: "default"
2023-08-20 13:13:21.721 [restartedMain] INFO  o.s.d.r.c.RepositoryConfigurationDelegate - Bootstrapping Spring Data JPA repositories in DEFAULT mode.
2023-08-20 13:13:21.957 [restartedMain] INFO  o.s.d.r.c.RepositoryConfigurationDelegate - Finished Spring Data repository scanning in 234 ms. Found 8 JPA repository interfaces.
2023-08-20 13:13:22.302 [restartedMain] INFO  o.s.b.w.e.tomcat.TomcatWebServer - Tomcat initialized with port(s): 2023 (http)
2023-08-20 13:13:22.303 [restartedMain] INFO  o.a.coyote.http11.Http11NioProtocol - Initializing ProtocolHandler ["http-nio-2023"]
2023-08-20 13:13:22.304 [restartedMain] INFO  o.a.catalina.core.StandardService - Starting service [Tomcat]
2023-08-20 13:13:22.305 [restartedMain] INFO  o.a.catalina.core.StandardEngine - Starting Servlet engine: [Apache Tomcat/9.0.78]
2023-08-20 13:13:22.451 [restartedMain] INFO  o.a.c.c.C.[Tomcat].[localhost].[/] - Initializing Spring embedded WebApplicationContext
2023-08-20 13:13:22.452 [restartedMain] INFO  o.s.b.w.s.c.ServletWebServerApplicationContext - Root WebApplicationContext: initialization completed in 2104 ms
2023-08-20 13:13:22.742 [restartedMain] INFO  o.h.jpa.internal.util.LogHelper - HHH000204: Processing PersistenceUnitInfo [name: default]
2023-08-20 13:13:22.770 [restartedMain] INFO  com.zaxxer.hikari.HikariDataSource - HikariPool-2 - Starting...
2023-08-20 13:13:22.862 [restartedMain] INFO  com.zaxxer.hikari.HikariDataSource - HikariPool-2 - Start completed.
2023-08-20 13:13:22.863 [restartedMain] INFO  org.hibernate.dialect.Dialect - HHH000400: Using dialect: org.hibernate.dialect.MySQL5InnoDBDialect
2023-08-20 13:13:23.482 [restartedMain] INFO  o.h.e.t.j.p.i.JtaPlatformInitiator - HHH000490: Using JtaPlatform implementation: [org.hibernate.engine.transaction.jta.platform.internal.NoJtaPlatform]
2023-08-20 13:13:23.484 [restartedMain] INFO  o.s.o.j.LocalContainerEntityManagerFactoryBean - Initialized JPA EntityManagerFactory for persistence unit 'default'
2023-08-20 13:13:24.203 [restartedMain] WARN  o.s.b.a.o.j.JpaBaseConfiguration$JpaWebConfiguration - spring.jpa.open-in-view is enabled by default. Therefore, database queries may be performed during view rendering. Explicitly configure spring.jpa.open-in-view to disable this warning
2023-08-20 13:13:24.779 [restartedMain] INFO  o.s.b.d.a.OptionalLiveReloadServer - LiveReload server is running on port 35729
2023-08-20 13:13:24.787 [restartedMain] INFO  o.s.b.a.e.web.EndpointLinksResolver - Exposing 1 endpoint(s) beneath base path '/actuator'
2023-08-20 13:13:24.827 [restartedMain] INFO  o.a.coyote.http11.Http11NioProtocol - Starting ProtocolHandler ["http-nio-2023"]
2023-08-20 13:13:24.835 [restartedMain] INFO  o.s.b.w.e.tomcat.TomcatWebServer - Tomcat started on port(s): 2023 (http) with context path ''
2023-08-20 13:13:24.861 [restartedMain] INFO  com.inn.RoomManagementApplication - Started RoomManagementApplication in 4.677 seconds (JVM running for 66840.592)
2023-08-20 13:13:24.869 [restartedMain] INFO  o.s.b.d.a.ConditionEvaluationDeltaLoggingListener - Condition evaluation unchanged
2023-08-20 13:13:31.272 [http-nio-2023-exec-1] INFO  o.a.c.c.C.[Tomcat].[localhost].[/] - Initializing Spring DispatcherServlet 'dispatcherServlet'
2023-08-20 13:13:31.274 [http-nio-2023-exec-1] INFO  o.s.web.servlet.DispatcherServlet - Initializing Servlet 'dispatcherServlet'
2023-08-20 13:13:31.278 [http-nio-2023-exec-1] INFO  o.s.web.servlet.DispatcherServlet - Completed initialization in 4 ms
2023-08-20 13:13:31.285 [http-nio-2023-exec-1] WARN  o.s.w.s.m.s.DefaultHandlerExceptionResolver - Resolved [org.springframework.web.HttpRequestMethodNotSupportedException: Request method 'PUT' not supported]
2023-08-20 13:13:42.370 [http-nio-2023-exec-2] INFO  c.i.c.i.UserRegistrationControllerImpl - Inside the method create UserRegistration=UserRegistration(id=null, identifier=null, userName=vikashtiwari, firstName=vikash, middleName=null, lastName=tiwari, emailId=tiwarivikash954@gmail.com, confirmEmailId=tiwarivikash954@gmail.com, password=12345678, confirmPassword=12345678, mobileNo=8226854405, alternateMobileNo=8789519442, dob=Fri Feb 27 05:30:00 IST 1998, gender=male, role=Admin, isActive=null, createdDate=null, createdTime=null, modifiedDateTime=null, groupMappings=[UserGroupMapping(id=null, groupName=AA, email=null, user=null)])
2023-08-20 13:13:42.508 [http-nio-2023-exec-2] INFO  c.i.s.i.UserRegistrationServiceImpl - Inside the method create UserRegistration=UserRegistration(id=null, identifier=null, userName=vikashtiwari, firstName=vikash, middleName=null, lastName=tiwari, emailId=tiwarivikash954@gmail.com, confirmEmailId=tiwarivikash954@gmail.com, password=12345678, confirmPassword=12345678, mobileNo=8226854405, alternateMobileNo=8789519442, dob=Fri Feb 27 05:30:00 IST 1998, gender=male, role=Admin, isActive=null, createdDate=null, createdTime=null, modifiedDateTime=null, groupMappings=[UserGroupMapping(id=null, groupName=AA, email=null, user=null)])
2023-08-20 13:13:42.533 [http-nio-2023-exec-2] INFO  c.i.s.i.UserRegistrationServiceImpl - Group Mappings detail :GroupMappings=[UserGroupMapping(id=null, groupName=AA, email=null, user=null)]
2023-08-20 13:13:42.535 [http-nio-2023-exec-2] INFO  c.i.s.i.UserRegistrationServiceImpl - Group name  :groupName=AA
2023-08-20 13:13:42.537 [http-nio-2023-exec-2] INFO  c.i.s.impl.GroupDetailServiceImpl - Inside the method findByGroupName GroupName=AA
2023-08-20 13:13:42.564 [http-nio-2023-exec-2] INFO  com.inn.utils.RoomUtil - Inside the method validationForMobileNumber :8226854405
2023-08-20 13:13:42.565 [http-nio-2023-exec-2] INFO  com.inn.utils.RoomUtil - Inside the method validationForMobileNumber :8789519442
2023-08-20 13:13:42.681 [http-nio-2023-exec-2] INFO  c.i.s.i.UserRegistrationServiceImpl - Inside the method generateUserRegistrationReport username=vikashtiwari
2023-08-20 13:13:42.681 [http-nio-2023-exec-2] INFO  c.i.s.i.UserRegistrationServiceImpl - Inside the method generateReport username=vikashtiwari
2023-08-20 13:13:42.684 [http-nio-2023-exec-2] INFO  c.i.s.i.UserRegistrationServiceImpl - Download Path DownloadPath=C:\Final_Room_Management\Room_Management\UserRegistrationReport\202308201313\
2023-08-20 13:13:42.686 [http-nio-2023-exec-2] INFO  c.i.s.i.UserRegistrationServiceImpl - sampleFilePath Detail  SampleFilePath=C:\Final_Room_Management\Room_Management\Room_Management\target\classes\Registration.jasper
2023-08-20 13:13:42.689 [http-nio-2023-exec-2] INFO  c.i.s.i.UserRegistrationServiceImpl - Inside the method findByUsername Username=vikashtiwari
2023-08-20 13:13:42.699 [http-nio-2023-exec-2] INFO  c.i.s.i.UserRegistrationServiceImpl - UserRegistration Detail  [FAILED toString()]
2023-08-20 13:13:43.119 [http-nio-2023-exec-2] INFO  c.i.s.i.UserRegistrationServiceImpl - After set values in parameter  Parameter={active=Yes, gender=male, password=12345678, altMobileNo=8789519442, groupName=AA, firstName=vikash, lastName=tiwari, mobileNo=8226854405, username=vikashtiwari, dob=1998-02-27, email=tiwarivikash954@gmail.com, role=ADMIN, identifier=USER-06C7A1, middleName=-}
2023-08-20 13:13:46.136 [http-nio-2023-exec-2] INFO  c.i.s.i.UserRegistrationServiceImpl - Full file path and file name Full path =C:\Final_Room_Management\Room_Management\UserRegistrationReport\202308201313\vikashtiwari.pdf
2023-08-20 13:13:46.136 [http-nio-2023-exec-2] INFO  c.i.s.i.UserRegistrationServiceImpl - Inside the method CreateAttachment filepath=C:\Final_Room_Management\Room_Management\UserRegistrationReport\202308201313\vikashtiwari.pdf Identifier=USER-06C7A1
2023-08-20 13:13:46.145 [http-nio-2023-exec-2] INFO  c.i.s.i.UserRegistrationServiceImpl - Detail of files  fileName=vikashtiwari.pdf filePath=C:\Final_Room_Management\Room_Management\UserRegistrationReport\202308201313\ fileSize=510770802688
2023-08-20 13:13:46.146 [http-nio-2023-exec-2] INFO  c.i.s.i.UserRegisterationAttachmentServiceImpl - Inside the method create UserRegisterationAttachment=UserRegisterationAttachment(id=null, identifier=null, userName=vikashtiwari, fileName=vikashtiwari.pdf, filePath=C:\Final_Room_Management\Room_Management\UserRegistrationReport\202308201313\, fileSize=510770802688, userIdentifier=USER-06C7A1, extension=pdf, createdDate=null, createdTime=null, modifiedDateTime=null)
2023-08-20 13:13:46.199 [http-nio-2023-exec-2] INFO  c.i.s.i.UserRegistrationServiceImpl - Inside the method sendEmailToUser Email=tiwarivikash954@gmail.com FilePath=C:\Final_Room_Management\Room_Management\UserRegistrationReport\202308201313\vikashtiwari.pdf
2023-08-20 13:13:46.200 [http-nio-2023-exec-2] INFO  c.i.s.impl.EmailDetailServiceImpl - Inside the method sendMailWithAttachment of EmailDetailServiceImpl Details=EmailDetails(recipient=tiwarivikash954@gmail.com, msgBody=Your user creation over Room Management application has been successfull.
Username : vikashtiwari
Password : 12345678

Regards.
Room Managemant, subject=Regarding New User Registration., attachment=C:\Final_Room_Management\Room_Management\UserRegistrationReport\202308201313\vikashtiwari.pdf)
2023-08-20 13:13:46.202 [http-nio-2023-exec-2] INFO  c.i.s.impl.EmailDetailServiceImpl - Value of sender and pasword :sarfarazalam1825@gmail.com yhvabyxetescsndm
2023-08-20 13:13:46.202 [http-nio-2023-exec-2] INFO  c.i.s.impl.EmailDetailServiceImpl - Iside the createSession method
2023-08-20 13:13:53.569 [http-nio-2023-exec-2] INFO  c.i.s.impl.EmailDetailServiceImpl - Email sent successfully.......
2023-08-20 13:15:01.906 [http-nio-2023-exec-4] INFO  c.i.c.i.UserRegistrationControllerImpl - Inside the method create UserRegistration=UserRegistration(id=null, identifier=null, userName=parnavkumar, firstName=Pranav, middleName=null, lastName=tiwari, emailId=dwivedipranav62@gmail.com, confirmEmailId=dwivedipranav62@gmail.com, password=12345678, confirmPassword=12345678, mobileNo=8226854405, alternateMobileNo=8789519442, dob=Fri Feb 27 05:30:00 IST 1998, gender=male, role=Admin, isActive=null, createdDate=null, createdTime=null, modifiedDateTime=null, groupMappings=[UserGroupMapping(id=null, groupName=AA, email=null, user=null)])
2023-08-20 13:15:01.913 [http-nio-2023-exec-4] INFO  c.i.s.i.UserRegistrationServiceImpl - Inside the method create UserRegistration=UserRegistration(id=null, identifier=null, userName=parnavkumar, firstName=Pranav, middleName=null, lastName=tiwari, emailId=dwivedipranav62@gmail.com, confirmEmailId=dwivedipranav62@gmail.com, password=12345678, confirmPassword=12345678, mobileNo=8226854405, alternateMobileNo=8789519442, dob=Fri Feb 27 05:30:00 IST 1998, gender=male, role=Admin, isActive=null, createdDate=null, createdTime=null, modifiedDateTime=null, groupMappings=[UserGroupMapping(id=null, groupName=AA, email=null, user=null)])
2023-08-20 13:15:01.927 [http-nio-2023-exec-4] INFO  c.i.s.i.UserRegistrationServiceImpl - Group Mappings detail :GroupMappings=[UserGroupMapping(id=null, groupName=AA, email=null, user=null)]
2023-08-20 13:15:01.929 [http-nio-2023-exec-4] INFO  c.i.s.i.UserRegistrationServiceImpl - Group name  :groupName=AA
2023-08-20 13:15:01.929 [http-nio-2023-exec-4] INFO  c.i.s.impl.GroupDetailServiceImpl - Inside the method findByGroupName GroupName=AA
2023-08-20 13:15:01.935 [http-nio-2023-exec-4] INFO  com.inn.utils.RoomUtil - Inside the method validationForMobileNumber :8226854405
2023-08-20 13:15:01.941 [http-nio-2023-exec-4] INFO  com.inn.utils.RoomUtil - Inside the method validationForMobileNumber :8789519442
2023-08-20 13:15:01.965 [http-nio-2023-exec-4] INFO  c.i.s.i.UserRegistrationServiceImpl - Inside the method generateUserRegistrationReport username=parnavkumar
2023-08-20 13:15:01.966 [http-nio-2023-exec-4] INFO  c.i.s.i.UserRegistrationServiceImpl - Inside the method generateReport username=parnavkumar
2023-08-20 13:15:01.969 [http-nio-2023-exec-4] INFO  c.i.s.i.UserRegistrationServiceImpl - Download Path DownloadPath=C:\Final_Room_Management\Room_Management\UserRegistrationReport\202308201315\
2023-08-20 13:15:01.970 [http-nio-2023-exec-4] INFO  c.i.s.i.UserRegistrationServiceImpl - sampleFilePath Detail  SampleFilePath=C:\Final_Room_Management\Room_Management\Room_Management\target\classes\Registration.jasper
2023-08-20 13:15:01.970 [http-nio-2023-exec-4] INFO  c.i.s.i.UserRegistrationServiceImpl - Inside the method findByUsername Username=parnavkumar
2023-08-20 13:15:01.978 [http-nio-2023-exec-4] INFO  c.i.s.i.UserRegistrationServiceImpl - UserRegistration Detail  [FAILED toString()]
2023-08-20 13:15:02.218 [http-nio-2023-exec-4] INFO  c.i.s.i.UserRegistrationServiceImpl - After set values in parameter  Parameter={active=Yes, gender=male, password=12345678, altMobileNo=8789519442, groupName=AA, firstName=Pranav, lastName=tiwari, mobileNo=8226854405, username=parnavkumar, dob=1998-02-27, email=dwivedipranav62@gmail.com, role=ADMIN, identifier=USER-263DFD, middleName=-}
2023-08-20 13:15:02.553 [http-nio-2023-exec-4] INFO  c.i.s.i.UserRegistrationServiceImpl - Full file path and file name Full path =C:\Final_Room_Management\Room_Management\UserRegistrationReport\202308201315\parnavkumar.pdf
2023-08-20 13:15:02.554 [http-nio-2023-exec-4] INFO  c.i.s.i.UserRegistrationServiceImpl - Inside the method CreateAttachment filepath=C:\Final_Room_Management\Room_Management\UserRegistrationReport\202308201315\parnavkumar.pdf Identifier=USER-263DFD
2023-08-20 13:15:02.563 [http-nio-2023-exec-4] INFO  c.i.s.i.UserRegistrationServiceImpl - Detail of files  fileName=parnavkumar.pdf filePath=C:\Final_Room_Management\Room_Management\UserRegistrationReport\202308201315\ fileSize=510770802688
2023-08-20 13:15:02.563 [http-nio-2023-exec-4] INFO  c.i.s.i.UserRegisterationAttachmentServiceImpl - Inside the method create UserRegisterationAttachment=UserRegisterationAttachment(id=null, identifier=null, userName=parnavkumar, fileName=parnavkumar.pdf, filePath=C:\Final_Room_Management\Room_Management\UserRegistrationReport\202308201315\, fileSize=510770802688, userIdentifier=USER-263DFD, extension=pdf, createdDate=null, createdTime=null, modifiedDateTime=null)
2023-08-20 13:15:02.569 [http-nio-2023-exec-4] INFO  c.i.s.i.UserRegistrationServiceImpl - Inside the method sendEmailToUser Email=dwivedipranav62@gmail.com FilePath=C:\Final_Room_Management\Room_Management\UserRegistrationReport\202308201315\parnavkumar.pdf
2023-08-20 13:15:02.570 [http-nio-2023-exec-4] INFO  c.i.s.impl.EmailDetailServiceImpl - Inside the method sendMailWithAttachment of EmailDetailServiceImpl Details=EmailDetails(recipient=dwivedipranav62@gmail.com, msgBody=Your user creation over Room Management application has been successfull.
Username : parnavkumar
Password : 12345678

Regards.
Room Managemant, subject=Regarding New User Registration., attachment=C:\Final_Room_Management\Room_Management\UserRegistrationReport\202308201315\parnavkumar.pdf)
2023-08-20 13:15:02.571 [http-nio-2023-exec-4] INFO  c.i.s.impl.EmailDetailServiceImpl - Value of sender and pasword :sarfarazalam1825@gmail.com yhvabyxetescsndm
2023-08-20 13:15:02.572 [http-nio-2023-exec-4] INFO  c.i.s.impl.EmailDetailServiceImpl - Iside the createSession method
2023-08-20 13:15:08.095 [http-nio-2023-exec-4] INFO  c.i.s.impl.EmailDetailServiceImpl - Email sent successfully.......
2023-08-20 13:21:57.712 [http-nio-2023-exec-6] WARN  o.s.w.s.m.s.DefaultHandlerExceptionResolver - Resolved [org.springframework.web.bind.MissingServletRequestParameterException: Required request parameter 'username' for method parameter type String is not present]
2023-08-20 13:22:16.837 [http-nio-2023-exec-7] WARN  o.s.w.s.m.s.DefaultHandlerExceptionResolver - Resolved [org.springframework.web.bind.MissingServletRequestParameterException: Required request parameter 'username' for method parameter type String is not present]
2023-08-20 13:22:48.938 [http-nio-2023-exec-8] INFO  c.i.c.i.UserRegistrationControllerImpl - Inside the method update Username=vikashtiwari UserRegistration=UserRegistration(id=null, identifier=null, userName=null, firstName=vikash, middleName=null, lastName=tiwari, emailId=tiwarivikash954@gmail.com, confirmEmailId=tiwarivikash954@gmail.com, password=12345678, confirmPassword=12345678, mobileNo=8226854405, alternateMobileNo=8789519442, dob=Fri Feb 27 05:30:00 IST 1998, gender=male, role=Admin, isActive=null, createdDate=null, createdTime=null, modifiedDateTime=null, groupMappings=[UserGroupMapping(id=null, groupName=AB, email=null, user=null)]) 
2023-08-20 13:22:48.942 [http-nio-2023-exec-8] INFO  c.i.s.i.UserRegistrationServiceImpl - Inside the method update Username=vikashtiwari UserRegistration=UserRegistration(id=null, identifier=null, userName=null, firstName=vikash, middleName=null, lastName=tiwari, emailId=tiwarivikash954@gmail.com, confirmEmailId=tiwarivikash954@gmail.com, password=12345678, confirmPassword=12345678, mobileNo=8226854405, alternateMobileNo=8789519442, dob=Fri Feb 27 05:30:00 IST 1998, gender=male, role=Admin, isActive=null, createdDate=null, createdTime=null, modifiedDateTime=null, groupMappings=[UserGroupMapping(id=null, groupName=AB, email=null, user=null)]) 
2023-08-20 13:22:48.943 [http-nio-2023-exec-8] INFO  c.i.s.i.UserRegistrationServiceImpl - Inside the method findByUsername Username=vikashtiwari
2023-08-20 13:22:48.972 [http-nio-2023-exec-8] INFO  com.inn.utils.RoomUtil - Inside the method validationForMobileNumber :8226854405
2023-08-20 13:22:48.973 [http-nio-2023-exec-8] INFO  com.inn.utils.RoomUtil - Inside the method validationForMobileNumber :8789519442
2023-08-20 13:23:01.432 [http-nio-2023-exec-9] INFO  c.i.c.i.UserRegistrationControllerImpl - Inside the method update Username=vikashtiwari UserRegistration=UserRegistration(id=null, identifier=null, userName=null, firstName=vikash, middleName=null, lastName=tiwari, emailId=tiwarivikash954@gmail.com, confirmEmailId=tiwarivikash954@gmail.com, password=12345678, confirmPassword=12345678, mobileNo=8226854405, alternateMobileNo=8789519442, dob=Fri Feb 27 05:30:00 IST 1998, gender=male, role=Admin, isActive=null, createdDate=null, createdTime=null, modifiedDateTime=null, groupMappings=[UserGroupMapping(id=null, groupName=AB, email=null, user=null)]) 
2023-08-20 13:23:01.433 [http-nio-2023-exec-9] INFO  c.i.s.i.UserRegistrationServiceImpl - Inside the method update Username=vikashtiwari UserRegistration=UserRegistration(id=null, identifier=null, userName=null, firstName=vikash, middleName=null, lastName=tiwari, emailId=tiwarivikash954@gmail.com, confirmEmailId=tiwarivikash954@gmail.com, password=12345678, confirmPassword=12345678, mobileNo=8226854405, alternateMobileNo=8789519442, dob=Fri Feb 27 05:30:00 IST 1998, gender=male, role=Admin, isActive=null, createdDate=null, createdTime=null, modifiedDateTime=null, groupMappings=[UserGroupMapping(id=null, groupName=AB, email=null, user=null)]) 
2023-08-20 13:23:01.433 [http-nio-2023-exec-9] INFO  c.i.s.i.UserRegistrationServiceImpl - Inside the method findByUsername Username=vikashtiwari
2023-08-20 13:23:01.444 [http-nio-2023-exec-9] INFO  com.inn.utils.RoomUtil - Inside the method validationForMobileNumber :8226854405
2023-08-20 13:23:01.445 [http-nio-2023-exec-9] INFO  com.inn.utils.RoomUtil - Inside the method validationForMobileNumber :8789519442
2023-08-20 13:23:36.035 [http-nio-2023-exec-10] INFO  c.i.c.i.UserRegistrationControllerImpl - Inside the method update Username=vikashtiwari UserRegistration=UserRegistration(id=null, identifier=null, userName=null, firstName=vikash, middleName=null, lastName=tiwari, emailId=tiwarivikash954@gmail.com, confirmEmailId=tiwarivikash954@gmail.com, password=12345678, confirmPassword=12345678, mobileNo=8226854405, alternateMobileNo=8789519442, dob=Fri Feb 27 05:30:00 IST 1998, gender=male, role=Admin, isActive=null, createdDate=null, createdTime=null, modifiedDateTime=null, groupMappings=[UserGroupMapping(id=null, groupName=AA, email=null, user=null)]) 
2023-08-20 13:23:36.035 [http-nio-2023-exec-10] INFO  c.i.s.i.UserRegistrationServiceImpl - Inside the method update Username=vikashtiwari UserRegistration=UserRegistration(id=null, identifier=null, userName=null, firstName=vikash, middleName=null, lastName=tiwari, emailId=tiwarivikash954@gmail.com, confirmEmailId=tiwarivikash954@gmail.com, password=12345678, confirmPassword=12345678, mobileNo=8226854405, alternateMobileNo=8789519442, dob=Fri Feb 27 05:30:00 IST 1998, gender=male, role=Admin, isActive=null, createdDate=null, createdTime=null, modifiedDateTime=null, groupMappings=[UserGroupMapping(id=null, groupName=AA, email=null, user=null)]) 
2023-08-20 13:23:36.036 [http-nio-2023-exec-10] INFO  c.i.s.i.UserRegistrationServiceImpl - Inside the method findByUsername Username=vikashtiwari
2023-08-20 13:23:36.047 [http-nio-2023-exec-10] INFO  com.inn.utils.RoomUtil - Inside the method validationForMobileNumber :8226854405
2023-08-20 13:23:36.051 [http-nio-2023-exec-10] INFO  com.inn.utils.RoomUtil - Inside the method validationForMobileNumber :8789519442
2023-08-20 13:24:03.236 [http-nio-2023-exec-1] INFO  c.i.c.i.UserRegistrationControllerImpl - Inside the method update Username=vikashtiwari UserRegistration=UserRegistration(id=null, identifier=null, userName=null, firstName=vikash, middleName=null, lastName=tiwari, emailId=tiwarivikash954@gmail.com, confirmEmailId=tiwarivikash954@gmail.com, password=12345678, confirmPassword=12345678, mobileNo=8226854405, alternateMobileNo=8789519442, dob=Fri Feb 27 05:30:00 IST 1998, gender=male, role=Admin, isActive=null, createdDate=null, createdTime=null, modifiedDateTime=null, groupMappings=[UserGroupMapping(id=null, groupName=AA, email=null, user=null), UserGroupMapping(id=null, groupName=AB, email=null, user=null)]) 
2023-08-20 13:24:03.238 [http-nio-2023-exec-1] INFO  c.i.s.i.UserRegistrationServiceImpl - Inside the method update Username=vikashtiwari UserRegistration=UserRegistration(id=null, identifier=null, userName=null, firstName=vikash, middleName=null, lastName=tiwari, emailId=tiwarivikash954@gmail.com, confirmEmailId=tiwarivikash954@gmail.com, password=12345678, confirmPassword=12345678, mobileNo=8226854405, alternateMobileNo=8789519442, dob=Fri Feb 27 05:30:00 IST 1998, gender=male, role=Admin, isActive=null, createdDate=null, createdTime=null, modifiedDateTime=null, groupMappings=[UserGroupMapping(id=null, groupName=AA, email=null, user=null), UserGroupMapping(id=null, groupName=AB, email=null, user=null)]) 
2023-08-20 13:24:03.239 [http-nio-2023-exec-1] INFO  c.i.s.i.UserRegistrationServiceImpl - Inside the method findByUsername Username=vikashtiwari
2023-08-20 13:24:03.252 [http-nio-2023-exec-1] INFO  com.inn.utils.RoomUtil - Inside the method validationForMobileNumber :8226854405
2023-08-20 13:24:03.254 [http-nio-2023-exec-1] INFO  com.inn.utils.RoomUtil - Inside the method validationForMobileNumber :8789519442
2023-08-20 13:24:35.566 [http-nio-2023-exec-2] INFO  c.i.c.i.UserRegistrationControllerImpl - Inside the method update Username=vikashtiwari UserRegistration=UserRegistration(id=null, identifier=null, userName=null, firstName=null, middleName=null, lastName=null, emailId=null, confirmEmailId=null, password=null, confirmPassword=null, mobileNo=null, alternateMobileNo=null, dob=null, gender=null, role=null, isActive=null, createdDate=null, createdTime=null, modifiedDateTime=null, groupMappings=[UserGroupMapping(id=null, groupName=Al, email=null, user=null), UserGroupMapping(id=null, groupName=Af, email=null, user=null)]) 
2023-08-20 13:24:35.569 [http-nio-2023-exec-2] INFO  c.i.s.i.UserRegistrationServiceImpl - Inside the method update Username=vikashtiwari UserRegistration=UserRegistration(id=null, identifier=null, userName=null, firstName=null, middleName=null, lastName=null, emailId=null, confirmEmailId=null, password=null, confirmPassword=null, mobileNo=null, alternateMobileNo=null, dob=null, gender=null, role=null, isActive=null, createdDate=null, createdTime=null, modifiedDateTime=null, groupMappings=[UserGroupMapping(id=null, groupName=Al, email=null, user=null), UserGroupMapping(id=null, groupName=Af, email=null, user=null)]) 
2023-08-20 13:24:35.570 [http-nio-2023-exec-2] INFO  c.i.s.i.UserRegistrationServiceImpl - Inside the method findByUsername Username=vikashtiwari
2023-08-20 13:46:20.587 [background-preinit] INFO  o.h.validator.internal.util.Version - HV000001: Hibernate Validator 6.2.5.Final
2023-08-20 13:46:20.647 [restartedMain] INFO  com.inn.RoomManagementApplication - Starting RoomManagementApplication using Java 11.0.12 on RINIPC583 with PID 12044 (C:\Final_Room_Management\Room_Management\Room_Management\target\classes started by sarfaraz.alam in C:\Final_Room_Management\Room_Management\Room_Management)
2023-08-20 13:46:20.652 [restartedMain] INFO  com.inn.RoomManagementApplication - No active profile set, falling back to 1 default profile: "default"
2023-08-20 13:46:20.777 [restartedMain] INFO  o.s.b.d.e.DevToolsPropertyDefaultsPostProcessor - Devtools property defaults active! Set 'spring.devtools.add-properties' to 'false' to disable
2023-08-20 13:46:20.778 [restartedMain] INFO  o.s.b.d.e.DevToolsPropertyDefaultsPostProcessor - For additional web related logging consider setting the 'logging.level.web' property to 'DEBUG'
2023-08-20 13:46:23.067 [restartedMain] INFO  o.s.d.r.c.RepositoryConfigurationDelegate - Bootstrapping Spring Data JPA repositories in DEFAULT mode.
2023-08-20 13:46:23.459 [restartedMain] INFO  o.s.d.r.c.RepositoryConfigurationDelegate - Finished Spring Data repository scanning in 362 ms. Found 8 JPA repository interfaces.
2023-08-20 13:46:29.980 [restartedMain] INFO  o.s.b.w.e.tomcat.TomcatWebServer - Tomcat initialized with port(s): 2023 (http)
2023-08-20 13:46:30.000 [restartedMain] INFO  o.a.coyote.http11.Http11NioProtocol - Initializing ProtocolHandler ["http-nio-2023"]
2023-08-20 13:46:30.008 [restartedMain] INFO  o.a.catalina.core.StandardService - Starting service [Tomcat]
2023-08-20 13:46:30.009 [restartedMain] INFO  o.a.catalina.core.StandardEngine - Starting Servlet engine: [Apache Tomcat/9.0.78]
2023-08-20 13:46:30.365 [restartedMain] INFO  o.a.c.c.C.[Tomcat].[localhost].[/] - Initializing Spring embedded WebApplicationContext
2023-08-20 13:46:30.373 [restartedMain] INFO  o.s.b.w.s.c.ServletWebServerApplicationContext - Root WebApplicationContext: initialization completed in 9593 ms
2023-08-20 13:46:31.042 [restartedMain] INFO  o.h.jpa.internal.util.LogHelper - HHH000204: Processing PersistenceUnitInfo [name: default]
2023-08-20 13:46:31.211 [restartedMain] INFO  org.hibernate.Version - HHH000412: Hibernate ORM core version 5.6.15.Final
2023-08-20 13:46:31.611 [restartedMain] INFO  o.h.annotations.common.Version - HCANN000001: Hibernate Commons Annotations {5.1.2.Final}
2023-08-20 13:46:31.892 [restartedMain] INFO  com.zaxxer.hikari.HikariDataSource - HikariPool-1 - Starting...
2023-08-20 13:46:32.650 [restartedMain] INFO  com.zaxxer.hikari.HikariDataSource - HikariPool-1 - Start completed.
2023-08-20 13:46:32.686 [restartedMain] INFO  org.hibernate.dialect.Dialect - HHH000400: Using dialect: org.hibernate.dialect.MySQL5InnoDBDialect
2023-08-20 13:46:35.916 [restartedMain] INFO  o.h.e.t.j.p.i.JtaPlatformInitiator - HHH000490: Using JtaPlatform implementation: [org.hibernate.engine.transaction.jta.platform.internal.NoJtaPlatform]
2023-08-20 13:46:35.942 [restartedMain] INFO  o.s.o.j.LocalContainerEntityManagerFactoryBean - Initialized JPA EntityManagerFactory for persistence unit 'default'
2023-08-20 13:46:37.586 [restartedMain] WARN  o.s.b.a.o.j.JpaBaseConfiguration$JpaWebConfiguration - spring.jpa.open-in-view is enabled by default. Therefore, database queries may be performed during view rendering. Explicitly configure spring.jpa.open-in-view to disable this warning
2023-08-20 13:46:38.675 [restartedMain] INFO  o.s.b.d.a.OptionalLiveReloadServer - LiveReload server is running on port 35729
2023-08-20 13:46:38.688 [restartedMain] INFO  o.s.b.a.e.web.EndpointLinksResolver - Exposing 1 endpoint(s) beneath base path '/actuator'
2023-08-20 13:46:38.754 [restartedMain] INFO  o.a.coyote.http11.Http11NioProtocol - Starting ProtocolHandler ["http-nio-2023"]
2023-08-20 13:46:38.812 [restartedMain] INFO  o.s.b.w.e.tomcat.TomcatWebServer - Tomcat started on port(s): 2023 (http) with context path ''
2023-08-20 13:46:38.855 [restartedMain] INFO  com.inn.RoomManagementApplication - Started RoomManagementApplication in 19.227 seconds (JVM running for 20.617)
2023-08-20 13:47:28.928 [http-nio-2023-exec-1] INFO  o.a.c.c.C.[Tomcat].[localhost].[/] - Initializing Spring DispatcherServlet 'dispatcherServlet'
2023-08-20 13:47:28.930 [http-nio-2023-exec-1] INFO  o.s.web.servlet.DispatcherServlet - Initializing Servlet 'dispatcherServlet'
2023-08-20 13:47:28.934 [http-nio-2023-exec-1] INFO  o.s.web.servlet.DispatcherServlet - Completed initialization in 4 ms
2023-08-20 13:47:28.972 [http-nio-2023-exec-1] WARN  o.s.w.s.m.s.DefaultHandlerExceptionResolver - Resolved [org.springframework.web.HttpRequestMethodNotSupportedException: Request method 'PUT' not supported]
2023-08-20 13:47:36.713 [http-nio-2023-exec-2] INFO  c.i.c.impl.GroupDetailControllerImpl - Inside the method create GroupDetail=GroupDetail(id=null, identifier=null, groupName=AA, createdDate=null, createdTime=null, modifiedDateTime=null)
2023-08-20 13:47:36.737 [http-nio-2023-exec-2] INFO  c.i.s.impl.GroupDetailServiceImpl - Inside the method create GroupDetail=GroupDetail(id=null, identifier=null, groupName=AA, createdDate=null, createdTime=null, modifiedDateTime=null)
2023-08-20 13:49:17.496 [http-nio-2023-exec-4] INFO  c.i.c.i.UserRegistrationControllerImpl - Inside the method create UserRegistration=UserRegistration(id=null, identifier=null, userName=sarfarazalam, firstName=Sarfaraz, middleName=null, lastName=Alam, emailId=sarfarazalam2702@gmail.com, confirmEmailId=sarfarazalam2702@gmail.com, password=12345678, confirmPassword=12345678, mobileNo=8226854405, alternateMobileNo=8789519442, dob=Fri Feb 27 05:30:00 IST 1998, gender=male, role=Admin, isActive=null, createdDate=null, createdTime=null, modifiedDateTime=null, groupMappings=[UserGroupMapping(id=null, groupName=AA, email=null, user=null)])
2023-08-20 13:49:17.556 [http-nio-2023-exec-4] INFO  c.i.s.i.UserRegistrationServiceImpl - Inside the method create UserRegistration=UserRegistration(id=null, identifier=null, userName=sarfarazalam, firstName=Sarfaraz, middleName=null, lastName=Alam, emailId=sarfarazalam2702@gmail.com, confirmEmailId=sarfarazalam2702@gmail.com, password=12345678, confirmPassword=12345678, mobileNo=8226854405, alternateMobileNo=8789519442, dob=Fri Feb 27 05:30:00 IST 1998, gender=male, role=Admin, isActive=null, createdDate=null, createdTime=null, modifiedDateTime=null, groupMappings=[UserGroupMapping(id=null, groupName=AA, email=null, user=null)])
2023-08-20 13:49:17.600 [http-nio-2023-exec-4] INFO  c.i.s.i.UserRegistrationServiceImpl - Group Mappings detail :GroupMappings=[UserGroupMapping(id=null, groupName=AA, email=null, user=null)]
2023-08-20 13:49:17.600 [http-nio-2023-exec-4] INFO  c.i.s.i.UserRegistrationServiceImpl - Group name  :groupName=AA
2023-08-20 13:49:17.600 [http-nio-2023-exec-4] INFO  c.i.s.impl.GroupDetailServiceImpl - Inside the method findByGroupName GroupName=AA
2023-08-20 13:49:17.608 [http-nio-2023-exec-4] INFO  com.inn.utils.RoomUtil - Inside the method validationForMobileNumber :8226854405
2023-08-20 13:49:17.609 [http-nio-2023-exec-4] INFO  com.inn.utils.RoomUtil - Inside the method validationForMobileNumber :8789519442
2023-08-20 13:49:17.673 [http-nio-2023-exec-4] INFO  c.i.s.i.UserRegistrationServiceImpl - Inside the method generateUserRegistrationReport username=sarfarazalam
2023-08-20 13:49:17.674 [http-nio-2023-exec-4] INFO  c.i.s.i.UserRegistrationServiceImpl - Inside the method generateReport username=sarfarazalam
2023-08-20 13:49:17.676 [http-nio-2023-exec-4] INFO  c.i.s.i.UserRegistrationServiceImpl - Download Path DownloadPath=C:\Final_Room_Management\Room_Management\UserRegistrationReport\202308201349\
2023-08-20 13:49:17.676 [http-nio-2023-exec-4] INFO  c.i.s.i.UserRegistrationServiceImpl - sampleFilePath Detail  SampleFilePath=C:\Final_Room_Management\Room_Management\Room_Management\target\classes\Registration.jasper
2023-08-20 13:49:17.677 [http-nio-2023-exec-4] INFO  c.i.s.i.UserRegistrationServiceImpl - Inside the method findByUsername Username=sarfarazalam
2023-08-20 13:49:17.684 [http-nio-2023-exec-4] INFO  c.i.s.i.UserRegistrationServiceImpl - UserRegistration Detail  [FAILED toString()]
2023-08-20 13:49:17.853 [http-nio-2023-exec-4] INFO  c.i.s.i.UserRegistrationServiceImpl - After set values in parameter  Parameter={active=Yes, gender=male, password=12345678, altMobileNo=8789519442, groupName=AA, firstName=Sarfaraz, lastName=Alam, mobileNo=8226854405, username=sarfarazalam, dob=1998-02-27, email=sarfarazalam2702@gmail.com, role=ADMIN, identifier=USER-E96062, middleName=-}
2023-08-20 13:49:18.982 [http-nio-2023-exec-4] INFO  c.i.s.i.UserRegistrationServiceImpl - Full file path and file name Full path =C:\Final_Room_Management\Room_Management\UserRegistrationReport\202308201349\sarfarazalam.pdf
2023-08-20 13:49:18.983 [http-nio-2023-exec-4] INFO  c.i.s.i.UserRegistrationServiceImpl - Inside the method CreateAttachment filepath=C:\Final_Room_Management\Room_Management\UserRegistrationReport\202308201349\sarfarazalam.pdf Identifier=USER-E96062
2023-08-20 13:49:18.988 [http-nio-2023-exec-4] INFO  c.i.s.i.UserRegistrationServiceImpl - Detail of files  fileName=sarfarazalam.pdf filePath=C:\Final_Room_Management\Room_Management\UserRegistrationReport\202308201349\ fileSize=510770802688
2023-08-20 13:49:18.989 [http-nio-2023-exec-4] INFO  c.i.s.i.UserRegisterationAttachmentServiceImpl - Inside the method create UserRegisterationAttachment=UserRegisterationAttachment(id=null, identifier=ATT-DF4C02, userName=sarfarazalam, fileName=sarfarazalam.pdf, filePath=C:\Final_Room_Management\Room_Management\UserRegistrationReport\202308201349\, fileSize=510770802688, userIdentifier=USER-E96062, extension=pdf, createdDate=null, createdTime=null, modifiedDateTime=null)
2023-08-20 13:49:19.018 [http-nio-2023-exec-4] INFO  c.i.s.i.UserRegistrationServiceImpl - Inside the method sendEmailToUser Email=sarfarazalam2702@gmail.com FilePath=C:\Final_Room_Management\Room_Management\UserRegistrationReport\202308201349\sarfarazalam.pdf
2023-08-20 13:49:19.019 [http-nio-2023-exec-4] INFO  c.i.s.impl.EmailDetailServiceImpl - Inside the method sendMailWithAttachment of EmailDetailServiceImpl Details=EmailDetails(recipient=sarfarazalam2702@gmail.com, msgBody=Your user creation over Room Management application has been successfull.
Username : sarfarazalam
Password : 12345678

Regards.
Room Managemant, subject=Regarding New User Registration., attachment=C:\Final_Room_Management\Room_Management\UserRegistrationReport\202308201349\sarfarazalam.pdf)
2023-08-20 13:49:19.020 [http-nio-2023-exec-4] INFO  c.i.s.impl.EmailDetailServiceImpl - Value of sender and pasword :sarfarazalam1825@gmail.com yhvabyxetescsndm
2023-08-20 13:49:19.021 [http-nio-2023-exec-4] INFO  c.i.s.impl.EmailDetailServiceImpl - Iside the createSession method
2023-08-20 13:49:23.880 [http-nio-2023-exec-4] INFO  c.i.s.impl.EmailDetailServiceImpl - Email sent successfully.......
2023-08-20 13:53:39.735 [http-nio-2023-exec-6] WARN  o.s.w.s.m.s.DefaultHandlerExceptionResolver - Resolved [org.springframework.web.bind.MissingServletRequestParameterException: Required request parameter 'username' for method parameter type String is not present]
2023-08-20 13:53:56.454 [http-nio-2023-exec-7] INFO  c.i.c.i.UserRegistrationControllerImpl - Inside the method update Username=sarfarazalam UserRegistration=UserRegistration(id=null, identifier=null, userName=null, firstName=null, middleName=null, lastName=null, emailId=null, confirmEmailId=null, password=null, confirmPassword=null, mobileNo=null, alternateMobileNo=null, dob=null, gender=null, role=null, isActive=null, createdDate=null, createdTime=null, modifiedDateTime=null, groupMappings=null) 
2023-08-20 13:53:56.455 [http-nio-2023-exec-7] INFO  c.i.s.i.UserRegistrationServiceImpl - Inside the method update Username=sarfarazalam UserRegistration=UserRegistration(id=null, identifier=null, userName=null, firstName=null, middleName=null, lastName=null, emailId=null, confirmEmailId=null, password=null, confirmPassword=null, mobileNo=null, alternateMobileNo=null, dob=null, gender=null, role=null, isActive=null, createdDate=null, createdTime=null, modifiedDateTime=null, groupMappings=null) 
2023-08-20 13:53:56.455 [http-nio-2023-exec-7] INFO  c.i.s.i.UserRegistrationServiceImpl - Inside the method findByUsername Username=sarfarazalam
2023-08-20 13:53:56.530 [http-nio-2023-exec-7] INFO  c.i.s.i.UserRegistrationServiceImpl - Inside the method generateUserRegistrationReport username=sarfarazalam
2023-08-20 13:53:56.531 [http-nio-2023-exec-7] INFO  c.i.s.i.UserRegistrationServiceImpl - Inside the method generateReport username=sarfarazalam
2023-08-20 13:53:56.532 [http-nio-2023-exec-7] INFO  c.i.s.i.UserRegistrationServiceImpl - Download Path DownloadPath=C:\Final_Room_Management\Room_Management\UserRegistrationReport\202308201353\
2023-08-20 13:53:56.533 [http-nio-2023-exec-7] INFO  c.i.s.i.UserRegistrationServiceImpl - sampleFilePath Detail  SampleFilePath=C:\Final_Room_Management\Room_Management\Room_Management\target\classes\Registration.jasper
2023-08-20 13:53:56.533 [http-nio-2023-exec-7] INFO  c.i.s.i.UserRegistrationServiceImpl - Inside the method findByUsername Username=sarfarazalam
2023-08-20 13:53:56.536 [http-nio-2023-exec-7] INFO  c.i.s.i.UserRegistrationServiceImpl - UserRegistration Detail  [FAILED toString()]
2023-08-20 13:53:56.657 [http-nio-2023-exec-7] INFO  c.i.s.i.UserRegistrationServiceImpl - After set values in parameter  Parameter={active=Yes, gender=male, password=12345678, altMobileNo=8789519442, groupName=AA, firstName=Sarfaraz, lastName=Alam, mobileNo=8226854405, username=sarfarazalam, dob=1998-02-27, email=sarfarazalam2702@gmail.com, role=ADMIN, identifier=USER-E96062, middleName=-}
2023-08-20 13:53:56.794 [http-nio-2023-exec-7] INFO  c.i.s.i.UserRegistrationServiceImpl - Full file path and file name Full path =C:\Final_Room_Management\Room_Management\UserRegistrationReport\202308201353\sarfarazalam.pdf
2023-08-20 13:53:56.795 [http-nio-2023-exec-7] INFO  c.i.s.i.UserRegistrationServiceImpl - Inside the method CreateAttachment filepath=C:\Final_Room_Management\Room_Management\UserRegistrationReport\202308201353\sarfarazalam.pdf Identifier=USER-E96062
2023-08-20 13:53:56.798 [http-nio-2023-exec-7] INFO  c.i.s.i.UserRegistrationServiceImpl - Detail of files  fileName=sarfarazalam.pdf filePath=C:\Final_Room_Management\Room_Management\UserRegistrationReport\202308201353\ fileSize=510770802688
2023-08-20 13:53:56.799 [http-nio-2023-exec-7] INFO  c.i.s.i.UserRegisterationAttachmentServiceImpl - Inside the method create UserRegisterationAttachment=UserRegisterationAttachment(id=null, identifier=ATT-0B1E64, userName=null, fileName=sarfarazalam.pdf, filePath=C:\Final_Room_Management\Room_Management\UserRegistrationReport\202308201353\, fileSize=510770802688, userIdentifier=USER-E96062, extension=pdf, createdDate=null, createdTime=null, modifiedDateTime=null)
2023-08-20 13:53:56.810 [http-nio-2023-exec-7] INFO  c.i.s.i.UserRegistrationServiceImpl - Inside the method sendEmailToUser Email=sarfarazalam2702@gmail.com FilePath=C:\Final_Room_Management\Room_Management\UserRegistrationReport\202308201353\sarfarazalam.pdf
2023-08-20 13:53:56.810 [http-nio-2023-exec-7] INFO  c.i.s.impl.EmailDetailServiceImpl - Inside the method sendMailWithAttachment of EmailDetailServiceImpl Details=EmailDetails(recipient=sarfarazalam2702@gmail.com, msgBody=Your user updateion in Room Management application has been successfull.
Username : sarfarazalam
Password : 12345678

Regards.
Room Managemant, subject=Regarding User updatation in Room Management, attachment=C:\Final_Room_Management\Room_Management\UserRegistrationReport\202308201353\sarfarazalam.pdf)
2023-08-20 13:53:56.811 [http-nio-2023-exec-7] INFO  c.i.s.impl.EmailDetailServiceImpl - Value of sender and pasword :sarfarazalam1825@gmail.com yhvabyxetescsndm
2023-08-20 13:53:56.811 [http-nio-2023-exec-7] INFO  c.i.s.impl.EmailDetailServiceImpl - Iside the createSession method
2023-08-20 13:54:01.232 [http-nio-2023-exec-7] INFO  c.i.s.impl.EmailDetailServiceImpl - Email sent successfully.......
2023-08-20 13:54:46.021 [http-nio-2023-exec-8] INFO  c.i.c.i.UserRegistrationControllerImpl - Inside the method update Username=sarfarazalam UserRegistration=UserRegistration(id=null, identifier=null, userName=null, firstName=null, middleName=null, lastName=null, emailId=null, confirmEmailId=null, password=null, confirmPassword=null, mobileNo=null, alternateMobileNo=null, dob=null, gender=null, role=null, isActive=null, createdDate=null, createdTime=null, modifiedDateTime=null, groupMappings=null) 
2023-08-20 13:54:46.022 [http-nio-2023-exec-8] INFO  c.i.s.i.UserRegistrationServiceImpl - Inside the method update Username=sarfarazalam UserRegistration=UserRegistration(id=null, identifier=null, userName=null, firstName=null, middleName=null, lastName=null, emailId=null, confirmEmailId=null, password=null, confirmPassword=null, mobileNo=null, alternateMobileNo=null, dob=null, gender=null, role=null, isActive=null, createdDate=null, createdTime=null, modifiedDateTime=null, groupMappings=null) 
2023-08-20 13:54:46.022 [http-nio-2023-exec-8] INFO  c.i.s.i.UserRegistrationServiceImpl - Inside the method findByUsername Username=sarfarazalam
2023-08-20 13:54:46.050 [http-nio-2023-exec-8] INFO  c.i.s.i.UserRegistrationServiceImpl - Inside the method generateUserRegistrationReport username=sarfarazalam
2023-08-20 13:54:46.051 [http-nio-2023-exec-8] INFO  c.i.s.i.UserRegistrationServiceImpl - Inside the method generateReport username=sarfarazalam
2023-08-20 13:54:46.052 [http-nio-2023-exec-8] INFO  c.i.s.i.UserRegistrationServiceImpl - Download Path DownloadPath=C:\Final_Room_Management\Room_Management\UserRegistrationReport\202308201354\
2023-08-20 13:54:46.052 [http-nio-2023-exec-8] INFO  c.i.s.i.UserRegistrationServiceImpl - sampleFilePath Detail  SampleFilePath=C:\Final_Room_Management\Room_Management\Room_Management\target\classes\Registration.jasper
2023-08-20 13:54:46.053 [http-nio-2023-exec-8] INFO  c.i.s.i.UserRegistrationServiceImpl - Inside the method findByUsername Username=sarfarazalam
2023-08-20 13:54:46.055 [http-nio-2023-exec-8] INFO  c.i.s.i.UserRegistrationServiceImpl - UserRegistration Detail  [FAILED toString()]
2023-08-20 13:54:46.138 [http-nio-2023-exec-8] INFO  c.i.s.i.UserRegistrationServiceImpl - After set values in parameter  Parameter={active=Yes, gender=male, password=12345678, altMobileNo=8789519442, groupName=AA, firstName=Sarfaraz, lastName=Alam, mobileNo=8226854405, username=sarfarazalam, dob=1998-02-27, email=sarfarazalam2702@gmail.com, role=ADMIN, identifier=USER-E96062, middleName=-}
2023-08-20 13:54:46.237 [http-nio-2023-exec-8] INFO  c.i.s.i.UserRegistrationServiceImpl - Full file path and file name Full path =C:\Final_Room_Management\Room_Management\UserRegistrationReport\202308201354\sarfarazalam.pdf
2023-08-20 13:54:46.238 [http-nio-2023-exec-8] INFO  c.i.s.i.UserRegistrationServiceImpl - Inside the method CreateAttachment filepath=C:\Final_Room_Management\Room_Management\UserRegistrationReport\202308201354\sarfarazalam.pdf Identifier=USER-E96062
2023-08-20 13:54:46.241 [http-nio-2023-exec-8] INFO  c.i.s.i.UserRegistrationServiceImpl - Detail of files  fileName=sarfarazalam.pdf filePath=C:\Final_Room_Management\Room_Management\UserRegistrationReport\202308201354\ fileSize=510770802688
2023-08-20 13:54:46.241 [http-nio-2023-exec-8] INFO  c.i.s.i.UserRegisterationAttachmentServiceImpl - Inside the method create UserRegisterationAttachment=UserRegisterationAttachment(id=null, identifier=ATT-48FDB5, userName=null, fileName=sarfarazalam.pdf, filePath=C:\Final_Room_Management\Room_Management\UserRegistrationReport\202308201354\, fileSize=510770802688, userIdentifier=USER-E96062, extension=pdf, createdDate=null, createdTime=null, modifiedDateTime=null)
2023-08-20 13:54:46.252 [http-nio-2023-exec-8] INFO  c.i.s.i.UserRegistrationServiceImpl - Inside the method sendEmailToUser Email=sarfarazalam2702@gmail.com FilePath=C:\Final_Room_Management\Room_Management\UserRegistrationReport\202308201354\sarfarazalam.pdf
2023-08-20 13:54:46.253 [http-nio-2023-exec-8] INFO  c.i.s.impl.EmailDetailServiceImpl - Inside the method sendMailWithAttachment of EmailDetailServiceImpl Details=EmailDetails(recipient=sarfarazalam2702@gmail.com, msgBody=Your user updateion in Room Management application has been successfull.
Username : sarfarazalam
Password : 12345678

Regards.
Room Managemant, subject=Regarding User updatation in Room Management, attachment=C:\Final_Room_Management\Room_Management\UserRegistrationReport\202308201354\sarfarazalam.pdf)
2023-08-20 13:54:46.253 [http-nio-2023-exec-8] INFO  c.i.s.impl.EmailDetailServiceImpl - Value of sender and pasword :sarfarazalam1825@gmail.com yhvabyxetescsndm
2023-08-20 13:54:46.253 [http-nio-2023-exec-8] INFO  c.i.s.impl.EmailDetailServiceImpl - Iside the createSession method
2023-08-20 13:54:51.061 [http-nio-2023-exec-8] INFO  c.i.s.impl.EmailDetailServiceImpl - Email sent successfully.......
2023-08-20 14:03:39.772 [http-nio-2023-exec-10] INFO  c.i.c.i.UserRegistrationControllerImpl - Inside the method update Username=sarfarazalam UserRegistration=UserRegistration(id=null, identifier=null, userName=null, firstName=null, middleName=null, lastName=null, emailId=null, confirmEmailId=null, password=null, confirmPassword=null, mobileNo=null, alternateMobileNo=null, dob=null, gender=null, role=null, isActive=null, createdDate=null, createdTime=null, modifiedDateTime=null, groupMappings=[UserGroupMapping(id=null, groupName=AB, email=null, user=null)]) 
2023-08-20 14:03:39.773 [http-nio-2023-exec-10] INFO  c.i.s.i.UserRegistrationServiceImpl - Inside the method update Username=sarfarazalam UserRegistration=UserRegistration(id=null, identifier=null, userName=null, firstName=null, middleName=null, lastName=null, emailId=null, confirmEmailId=null, password=null, confirmPassword=null, mobileNo=null, alternateMobileNo=null, dob=null, gender=null, role=null, isActive=null, createdDate=null, createdTime=null, modifiedDateTime=null, groupMappings=[UserGroupMapping(id=null, groupName=AB, email=null, user=null)]) 
2023-08-20 14:03:39.773 [http-nio-2023-exec-10] INFO  c.i.s.i.UserRegistrationServiceImpl - Inside the method findByUsername Username=sarfarazalam
2023-08-20 14:03:39.778 [http-nio-2023-exec-10] INFO  c.i.s.impl.GroupDetailServiceImpl - Inside the method findByGroupName GroupName=AB
2023-08-20 14:03:39.783 [http-nio-2023-exec-10] ERROR c.i.s.impl.GroupDetailServiceImpl - Error occured due to Message=Invalid group Name [AB].Please create a new Group name or choose another group name.. :
2023-08-20 14:03:39.784 [http-nio-2023-exec-10] ERROR c.i.s.i.UserRegistrationServiceImpl - Error occured due to Message=Invalid group Name [AB].Please create a new Group name or choose another group name.. :
2023-08-20 14:03:39.787 [http-nio-2023-exec-10] ERROR c.i.c.i.UserRegistrationControllerImpl - Error occured due to Message=Invalid group Name [AB].Please create a new Group name or choose another group name.. :
2023-08-20 14:03:39.804 [http-nio-2023-exec-10] WARN  o.s.w.s.m.m.a.ExceptionHandlerExceptionResolver - Resolved [com.inn.customException.CustomException: Invalid group Name [AB].Please create a new Group name or choose another group name..]
2023-08-20 14:04:05.816 [http-nio-2023-exec-1] INFO  c.i.c.impl.GroupDetailControllerImpl - Inside the method create GroupDetail=GroupDetail(id=null, identifier=null, groupName=AB, createdDate=null, createdTime=null, modifiedDateTime=null)
2023-08-20 14:04:05.817 [http-nio-2023-exec-1] INFO  c.i.s.impl.GroupDetailServiceImpl - Inside the method create GroupDetail=GroupDetail(id=null, identifier=null, groupName=AB, createdDate=null, createdTime=null, modifiedDateTime=null)
2023-08-20 14:04:12.752 [http-nio-2023-exec-2] INFO  c.i.c.i.UserRegistrationControllerImpl - Inside the method update Username=sarfarazalam UserRegistration=UserRegistration(id=null, identifier=null, userName=null, firstName=null, middleName=null, lastName=null, emailId=null, confirmEmailId=null, password=null, confirmPassword=null, mobileNo=null, alternateMobileNo=null, dob=null, gender=null, role=null, isActive=null, createdDate=null, createdTime=null, modifiedDateTime=null, groupMappings=[UserGroupMapping(id=null, groupName=AB, email=null, user=null)]) 
2023-08-20 14:04:12.753 [http-nio-2023-exec-2] INFO  c.i.s.i.UserRegistrationServiceImpl - Inside the method update Username=sarfarazalam UserRegistration=UserRegistration(id=null, identifier=null, userName=null, firstName=null, middleName=null, lastName=null, emailId=null, confirmEmailId=null, password=null, confirmPassword=null, mobileNo=null, alternateMobileNo=null, dob=null, gender=null, role=null, isActive=null, createdDate=null, createdTime=null, modifiedDateTime=null, groupMappings=[UserGroupMapping(id=null, groupName=AB, email=null, user=null)]) 
2023-08-20 14:04:12.753 [http-nio-2023-exec-2] INFO  c.i.s.i.UserRegistrationServiceImpl - Inside the method findByUsername Username=sarfarazalam
2023-08-20 14:04:12.761 [http-nio-2023-exec-2] INFO  c.i.s.impl.GroupDetailServiceImpl - Inside the method findByGroupName GroupName=AB
2023-08-20 14:04:12.783 [http-nio-2023-exec-2] INFO  c.i.s.i.UserRegistrationServiceImpl - Inside the method generateUserRegistrationReport username=sarfarazalam
2023-08-20 14:04:12.784 [http-nio-2023-exec-2] INFO  c.i.s.i.UserRegistrationServiceImpl - Inside the method generateReport username=sarfarazalam
2023-08-20 14:04:12.788 [http-nio-2023-exec-2] INFO  c.i.s.i.UserRegistrationServiceImpl - Download Path DownloadPath=C:\Final_Room_Management\Room_Management\UserRegistrationReport\202308201404\
2023-08-20 14:04:12.788 [http-nio-2023-exec-2] INFO  c.i.s.i.UserRegistrationServiceImpl - sampleFilePath Detail  SampleFilePath=C:\Final_Room_Management\Room_Management\Room_Management\target\classes\Registration.jasper
2023-08-20 14:04:12.789 [http-nio-2023-exec-2] INFO  c.i.s.i.UserRegistrationServiceImpl - Inside the method findByUsername Username=sarfarazalam
2023-08-20 14:04:12.791 [http-nio-2023-exec-2] INFO  c.i.s.i.UserRegistrationServiceImpl - UserRegistration Detail  [FAILED toString()]
2023-08-20 14:04:12.880 [http-nio-2023-exec-2] INFO  c.i.s.i.UserRegistrationServiceImpl - After set values in parameter  Parameter={active=Yes, gender=male, password=12345678, altMobileNo=8789519442, groupName=AA, firstName=Sarfaraz, lastName=Alam, mobileNo=8226854405, username=sarfarazalam, dob=1998-02-27, email=sarfarazalam2702@gmail.com, role=ADMIN, identifier=USER-E96062, middleName=-}
2023-08-20 14:04:12.996 [http-nio-2023-exec-2] INFO  c.i.s.i.UserRegistrationServiceImpl - Full file path and file name Full path =C:\Final_Room_Management\Room_Management\UserRegistrationReport\202308201404\sarfarazalam.pdf
2023-08-20 14:04:12.997 [http-nio-2023-exec-2] INFO  c.i.s.i.UserRegistrationServiceImpl - Inside the method CreateAttachment filepath=C:\Final_Room_Management\Room_Management\UserRegistrationReport\202308201404\sarfarazalam.pdf Identifier=USER-E96062
2023-08-20 14:04:13.000 [http-nio-2023-exec-2] INFO  c.i.s.i.UserRegistrationServiceImpl - Detail of files  fileName=sarfarazalam.pdf filePath=C:\Final_Room_Management\Room_Management\UserRegistrationReport\202308201404\ fileSize=510770802688
2023-08-20 14:04:13.001 [http-nio-2023-exec-2] INFO  c.i.s.i.UserRegisterationAttachmentServiceImpl - Inside the method create UserRegisterationAttachment=UserRegisterationAttachment(id=null, identifier=ATT-179AA8, userName=null, fileName=sarfarazalam.pdf, filePath=C:\Final_Room_Management\Room_Management\UserRegistrationReport\202308201404\, fileSize=510770802688, userIdentifier=USER-E96062, extension=pdf, createdDate=null, createdTime=null, modifiedDateTime=null)
2023-08-20 14:04:13.012 [http-nio-2023-exec-2] INFO  c.i.s.i.UserRegistrationServiceImpl - Inside the method sendEmailToUser Email=sarfarazalam2702@gmail.com FilePath=C:\Final_Room_Management\Room_Management\UserRegistrationReport\202308201404\sarfarazalam.pdf
2023-08-20 14:04:13.013 [http-nio-2023-exec-2] INFO  c.i.s.impl.EmailDetailServiceImpl - Inside the method sendMailWithAttachment of EmailDetailServiceImpl Details=EmailDetails(recipient=sarfarazalam2702@gmail.com, msgBody=Your user updateion in Room Management application has been successfull.
Username : sarfarazalam
Password : 12345678

Regards.
Room Managemant, subject=Regarding User updatation in Room Management, attachment=C:\Final_Room_Management\Room_Management\UserRegistrationReport\202308201404\sarfarazalam.pdf)
2023-08-20 14:04:13.015 [http-nio-2023-exec-2] INFO  c.i.s.impl.EmailDetailServiceImpl - Value of sender and pasword :sarfarazalam1825@gmail.com yhvabyxetescsndm
2023-08-20 14:04:13.015 [http-nio-2023-exec-2] INFO  c.i.s.impl.EmailDetailServiceImpl - Iside the createSession method
2023-08-20 14:04:17.853 [http-nio-2023-exec-2] INFO  c.i.s.impl.EmailDetailServiceImpl - Email sent successfully.......
2023-08-20 14:05:00.817 [http-nio-2023-exec-3] INFO  c.i.c.i.UserRegistrationControllerImpl - Inside the method update Username=sarfarazalam UserRegistration=UserRegistration(id=null, identifier=null, userName=null, firstName=null, middleName=null, lastName=null, emailId=null, confirmEmailId=null, password=null, confirmPassword=null, mobileNo=null, alternateMobileNo=null, dob=null, gender=null, role=null, isActive=null, createdDate=null, createdTime=null, modifiedDateTime=null, groupMappings=[UserGroupMapping(id=null, groupName=AB, email=null, user=null)]) 
2023-08-20 14:05:00.817 [http-nio-2023-exec-3] INFO  c.i.s.i.UserRegistrationServiceImpl - Inside the method update Username=sarfarazalam UserRegistration=UserRegistration(id=null, identifier=null, userName=null, firstName=null, middleName=null, lastName=null, emailId=null, confirmEmailId=null, password=null, confirmPassword=null, mobileNo=null, alternateMobileNo=null, dob=null, gender=null, role=null, isActive=null, createdDate=null, createdTime=null, modifiedDateTime=null, groupMappings=[UserGroupMapping(id=null, groupName=AB, email=null, user=null)]) 
2023-08-20 14:05:00.817 [http-nio-2023-exec-3] INFO  c.i.s.i.UserRegistrationServiceImpl - Inside the method findByUsername Username=sarfarazalam
2023-08-20 14:05:00.823 [http-nio-2023-exec-3] INFO  c.i.s.impl.GroupDetailServiceImpl - Inside the method findByGroupName GroupName=AB
2023-08-20 14:05:00.850 [http-nio-2023-exec-3] INFO  c.i.s.i.UserRegistrationServiceImpl - Inside the method generateUserRegistrationReport username=sarfarazalam
2023-08-20 14:05:00.850 [http-nio-2023-exec-3] INFO  c.i.s.i.UserRegistrationServiceImpl - Inside the method generateReport username=sarfarazalam
2023-08-20 14:05:00.851 [http-nio-2023-exec-3] INFO  c.i.s.i.UserRegistrationServiceImpl - Download Path DownloadPath=C:\Final_Room_Management\Room_Management\UserRegistrationReport\202308201405\
2023-08-20 14:05:00.853 [http-nio-2023-exec-3] INFO  c.i.s.i.UserRegistrationServiceImpl - sampleFilePath Detail  SampleFilePath=C:\Final_Room_Management\Room_Management\Room_Management\target\classes\Registration.jasper
2023-08-20 14:05:00.855 [http-nio-2023-exec-3] INFO  c.i.s.i.UserRegistrationServiceImpl - Inside the method findByUsername Username=sarfarazalam
2023-08-20 14:05:00.857 [http-nio-2023-exec-3] INFO  c.i.s.i.UserRegistrationServiceImpl - UserRegistration Detail  [FAILED toString()]
2023-08-20 14:05:00.942 [http-nio-2023-exec-3] INFO  c.i.s.i.UserRegistrationServiceImpl - After set values in parameter  Parameter={active=Yes, gender=male, password=12345678, altMobileNo=8789519442, groupName=AA,AB, firstName=Sarfaraz, lastName=Alam, mobileNo=8226854405, username=sarfarazalam, dob=1998-02-27, email=sarfarazalam2702@gmail.com, role=ADMIN, identifier=USER-E96062, middleName=-}
2023-08-20 14:05:01.052 [http-nio-2023-exec-3] INFO  c.i.s.i.UserRegistrationServiceImpl - Full file path and file name Full path =C:\Final_Room_Management\Room_Management\UserRegistrationReport\202308201405\sarfarazalam.pdf
2023-08-20 14:05:01.052 [http-nio-2023-exec-3] INFO  c.i.s.i.UserRegistrationServiceImpl - Inside the method CreateAttachment filepath=C:\Final_Room_Management\Room_Management\UserRegistrationReport\202308201405\sarfarazalam.pdf Identifier=USER-E96062
2023-08-20 14:05:01.055 [http-nio-2023-exec-3] INFO  c.i.s.i.UserRegistrationServiceImpl - Detail of files  fileName=sarfarazalam.pdf filePath=C:\Final_Room_Management\Room_Management\UserRegistrationReport\202308201405\ fileSize=510770802688
2023-08-20 14:05:01.055 [http-nio-2023-exec-3] INFO  c.i.s.i.UserRegisterationAttachmentServiceImpl - Inside the method create UserRegisterationAttachment=UserRegisterationAttachment(id=null, identifier=ATT-F95694, userName=null, fileName=sarfarazalam.pdf, filePath=C:\Final_Room_Management\Room_Management\UserRegistrationReport\202308201405\, fileSize=510770802688, userIdentifier=USER-E96062, extension=pdf, createdDate=null, createdTime=null, modifiedDateTime=null)
2023-08-20 14:05:01.061 [http-nio-2023-exec-3] INFO  c.i.s.i.UserRegistrationServiceImpl - Inside the method sendEmailToUser Email=sarfarazalam2702@gmail.com FilePath=C:\Final_Room_Management\Room_Management\UserRegistrationReport\202308201405\sarfarazalam.pdf
2023-08-20 14:05:01.062 [http-nio-2023-exec-3] INFO  c.i.s.impl.EmailDetailServiceImpl - Inside the method sendMailWithAttachment of EmailDetailServiceImpl Details=EmailDetails(recipient=sarfarazalam2702@gmail.com, msgBody=Your user updateion in Room Management application has been successfull.
Username : sarfarazalam
Password : 12345678

Regards.
Room Managemant, subject=Regarding User updatation in Room Management, attachment=C:\Final_Room_Management\Room_Management\UserRegistrationReport\202308201405\sarfarazalam.pdf)
2023-08-20 14:05:01.062 [http-nio-2023-exec-3] INFO  c.i.s.impl.EmailDetailServiceImpl - Value of sender and pasword :sarfarazalam1825@gmail.com yhvabyxetescsndm
2023-08-20 14:05:01.062 [http-nio-2023-exec-3] INFO  c.i.s.impl.EmailDetailServiceImpl - Iside the createSession method
2023-08-20 14:05:05.602 [http-nio-2023-exec-3] INFO  c.i.s.impl.EmailDetailServiceImpl - Email sent successfully.......
2023-08-20 14:11:21.313 [SpringApplicationShutdownHook] INFO  o.s.o.j.LocalContainerEntityManagerFactoryBean - Closing JPA EntityManagerFactory for persistence unit 'default'
2023-08-20 14:11:21.318 [SpringApplicationShutdownHook] INFO  com.zaxxer.hikari.HikariDataSource - HikariPool-1 - Shutdown initiated...
2023-08-20 14:11:21.332 [SpringApplicationShutdownHook] INFO  com.zaxxer.hikari.HikariDataSource - HikariPool-1 - Shutdown completed.
