2023-08-18 00:02:48.405 [File Watcher] INFO  o.s.b.d.a.LocalDevToolsAutoConfiguration$RestartingClassPathChangeChangedEventListener - Restarting due to 1 class path change (0 additions, 0 deletions, 1 modification)
2023-08-18 00:02:55.312 [Thread-19] INFO  o.a.coyote.http11.Http11NioProtocol - Pausing ProtocolHandler ["http-nio-2023"]
2023-08-18 00:02:55.333 [Thread-19] INFO  o.a.catalina.core.StandardService - Stopping service [Tomcat]
2023-08-18 00:02:55.349 [Thread-19] INFO  o.a.c.c.C.[Tomcat].[localhost].[/] - Destroying Spring FrameworkServlet 'dispatcherServlet'
2023-08-18 00:02:55.358 [Thread-19] INFO  o.a.coyote.http11.Http11NioProtocol - Stopping ProtocolHandler ["http-nio-2023"]
2023-08-18 00:02:55.367 [Thread-19] INFO  o.a.coyote.http11.Http11NioProtocol - Destroying ProtocolHandler ["http-nio-2023"]
2023-08-18 00:02:55.403 [Thread-19] INFO  o.s.o.j.LocalContainerEntityManagerFactoryBean - Closing JPA EntityManagerFactory for persistence unit 'default'
2023-08-18 00:02:55.406 [Thread-19] INFO  com.zaxxer.hikari.HikariDataSource - HikariPool-5 - Shutdown initiated...
2023-08-18 00:02:55.435 [Thread-19] INFO  com.zaxxer.hikari.HikariDataSource - HikariPool-5 - Shutdown completed.
2023-08-18 00:02:55.692 [restartedMain] INFO  com.inn.RoomManagementApplication - Starting RoomManagementApplication using Java 11.0.12 on RINIPC583 with PID 30580 (C:\Final_Room_Management\Room_Management\Room_Management\target\classes started by sarfaraz.alam in C:\Final_Room_Management\Room_Management\Room_Management)
2023-08-18 00:02:55.692 [restartedMain] INFO  com.inn.RoomManagementApplication - No active profile set, falling back to 1 default profile: "default"
2023-08-18 00:02:57.676 [restartedMain] INFO  o.s.d.r.c.RepositoryConfigurationDelegate - Bootstrapping Spring Data JPA repositories in DEFAULT mode.
2023-08-18 00:02:58.106 [restartedMain] INFO  o.s.d.r.c.RepositoryConfigurationDelegate - Finished Spring Data repository scanning in 428 ms. Found 8 JPA repository interfaces.
2023-08-18 00:02:58.543 [restartedMain] INFO  o.s.b.w.e.tomcat.TomcatWebServer - Tomcat initialized with port(s): 2023 (http)
2023-08-18 00:02:58.544 [restartedMain] INFO  o.a.coyote.http11.Http11NioProtocol - Initializing ProtocolHandler ["http-nio-2023"]
2023-08-18 00:02:58.545 [restartedMain] INFO  o.a.catalina.core.StandardService - Starting service [Tomcat]
2023-08-18 00:02:58.546 [restartedMain] INFO  o.a.catalina.core.StandardEngine - Starting Servlet engine: [Apache Tomcat/9.0.78]
2023-08-18 00:02:58.678 [restartedMain] INFO  o.a.c.c.C.[Tomcat].[localhost].[/] - Initializing Spring embedded WebApplicationContext
2023-08-18 00:02:58.679 [restartedMain] INFO  o.s.b.w.s.c.ServletWebServerApplicationContext - Root WebApplicationContext: initialization completed in 2981 ms
2023-08-18 00:02:59.016 [restartedMain] INFO  o.h.jpa.internal.util.LogHelper - HHH000204: Processing PersistenceUnitInfo [name: default]
2023-08-18 00:02:59.073 [restartedMain] INFO  com.zaxxer.hikari.HikariDataSource - HikariPool-6 - Starting...
2023-08-18 00:02:59.225 [restartedMain] INFO  com.zaxxer.hikari.HikariDataSource - HikariPool-6 - Start completed.
2023-08-18 00:02:59.227 [restartedMain] INFO  org.hibernate.dialect.Dialect - HHH000400: Using dialect: org.hibernate.dialect.MySQL5InnoDBDialect
2023-08-18 00:02:59.796 [restartedMain] INFO  o.h.e.t.j.p.i.JtaPlatformInitiator - HHH000490: Using JtaPlatform implementation: [org.hibernate.engine.transaction.jta.platform.internal.NoJtaPlatform]
2023-08-18 00:02:59.803 [restartedMain] INFO  o.s.o.j.LocalContainerEntityManagerFactoryBean - Initialized JPA EntityManagerFactory for persistence unit 'default'
2023-08-18 00:03:00.461 [restartedMain] WARN  o.s.b.a.o.j.JpaBaseConfiguration$JpaWebConfiguration - spring.jpa.open-in-view is enabled by default. Therefore, database queries may be performed during view rendering. Explicitly configure spring.jpa.open-in-view to disable this warning
2023-08-18 00:03:00.912 [restartedMain] INFO  o.s.b.d.a.OptionalLiveReloadServer - LiveReload server is running on port 35729
2023-08-18 00:03:00.924 [restartedMain] INFO  o.s.b.a.e.web.EndpointLinksResolver - Exposing 1 endpoint(s) beneath base path '/actuator'
2023-08-18 00:03:00.964 [restartedMain] INFO  o.a.coyote.http11.Http11NioProtocol - Starting ProtocolHandler ["http-nio-2023"]
2023-08-18 00:03:00.986 [restartedMain] INFO  o.s.b.w.e.tomcat.TomcatWebServer - Tomcat started on port(s): 2023 (http) with context path ''
2023-08-18 00:03:01.017 [restartedMain] INFO  com.inn.RoomManagementApplication - Started RoomManagementApplication in 5.442 seconds (JVM running for 1826.151)
2023-08-18 00:03:01.021 [restartedMain] INFO  o.s.b.d.a.ConditionEvaluationDeltaLoggingListener - Condition evaluation unchanged
2023-08-18 01:41:46.478 [HikariPool-6 housekeeper] WARN  com.zaxxer.hikari.pool.HikariPool - HikariPool-6 - Thread starvation or clock leap detected (housekeeper delta=33m46s70ms388µs400ns).
2023-08-18 10:18:30.549 [HikariPool-6 housekeeper] WARN  com.zaxxer.hikari.pool.HikariPool - HikariPool-6 - Thread starvation or clock leap detected (housekeeper delta=8h36m19s853ms24µs).
2023-08-18 10:42:58.139 [File Watcher] INFO  o.s.b.d.a.LocalDevToolsAutoConfiguration$RestartingClassPathChangeChangedEventListener - Restarting due to 71 class path changes (0 additions, 66 deletions, 5 modifications)
2023-08-18 10:43:00.061 [Thread-23] INFO  o.a.coyote.http11.Http11NioProtocol - Pausing ProtocolHandler ["http-nio-2023"]
2023-08-18 10:43:00.061 [Thread-23] INFO  o.a.catalina.core.StandardService - Stopping service [Tomcat]
2023-08-18 10:43:00.073 [Thread-23] INFO  o.a.coyote.http11.Http11NioProtocol - Stopping ProtocolHandler ["http-nio-2023"]
2023-08-18 10:43:00.078 [Thread-23] INFO  o.a.coyote.http11.Http11NioProtocol - Destroying ProtocolHandler ["http-nio-2023"]
2023-08-18 10:43:00.090 [Thread-23] INFO  o.s.o.j.LocalContainerEntityManagerFactoryBean - Closing JPA EntityManagerFactory for persistence unit 'default'
2023-08-18 10:43:00.100 [Thread-23] INFO  com.zaxxer.hikari.HikariDataSource - HikariPool-6 - Shutdown initiated...
2023-08-18 10:43:00.115 [Thread-23] INFO  com.zaxxer.hikari.HikariDataSource - HikariPool-6 - Shutdown completed.
2023-08-18 10:43:00.333 [restartedMain] INFO  com.inn.RoomManagementApplication - Starting RoomManagementApplication using Java 11.0.12 on RINIPC583 with PID 30580 (C:\Final_Room_Management\Room_Management\Room_Management\target\classes started by sarfaraz.alam in C:\Final_Room_Management\Room_Management\Room_Management)
2023-08-18 10:43:00.333 [restartedMain] INFO  com.inn.RoomManagementApplication - No active profile set, falling back to 1 default profile: "default"
2023-08-18 10:43:00.703 [restartedMain] INFO  o.s.d.r.c.RepositoryConfigurationDelegate - Bootstrapping Spring Data JPA repositories in DEFAULT mode.
2023-08-18 10:43:00.704 [restartedMain] INFO  o.s.d.r.c.RepositoryConfigurationDelegate - Finished Spring Data repository scanning in 0 ms. Found 0 JPA repository interfaces.
2023-08-18 10:43:00.826 [restartedMain] INFO  o.s.b.w.e.tomcat.TomcatWebServer - Tomcat initialized with port(s): 2023 (http)
2023-08-18 10:43:00.826 [restartedMain] INFO  o.a.coyote.http11.Http11NioProtocol - Initializing ProtocolHandler ["http-nio-2023"]
2023-08-18 10:43:00.827 [restartedMain] INFO  o.a.catalina.core.StandardService - Starting service [Tomcat]
2023-08-18 10:43:00.827 [restartedMain] INFO  o.a.catalina.core.StandardEngine - Starting Servlet engine: [Apache Tomcat/9.0.78]
2023-08-18 10:43:00.870 [restartedMain] INFO  o.a.c.c.C.[Tomcat].[localhost].[/] - Initializing Spring embedded WebApplicationContext
2023-08-18 10:43:00.871 [restartedMain] INFO  o.s.b.w.s.c.ServletWebServerApplicationContext - Root WebApplicationContext: initialization completed in 534 ms
2023-08-18 10:43:00.955 [restartedMain] INFO  o.h.jpa.internal.util.LogHelper - HHH000204: Processing PersistenceUnitInfo [name: default]
2023-08-18 10:43:00.965 [restartedMain] INFO  com.zaxxer.hikari.HikariDataSource - HikariPool-7 - Starting...
2023-08-18 10:43:01.001 [restartedMain] INFO  com.zaxxer.hikari.HikariDataSource - HikariPool-7 - Start completed.
2023-08-18 10:43:01.002 [restartedMain] INFO  org.hibernate.dialect.Dialect - HHH000400: Using dialect: org.hibernate.dialect.MySQL5InnoDBDialect
2023-08-18 10:43:01.059 [restartedMain] INFO  o.h.e.t.j.p.i.JtaPlatformInitiator - HHH000490: Using JtaPlatform implementation: [org.hibernate.engine.transaction.jta.platform.internal.NoJtaPlatform]
2023-08-18 10:43:01.060 [restartedMain] INFO  o.s.o.j.LocalContainerEntityManagerFactoryBean - Initialized JPA EntityManagerFactory for persistence unit 'default'
2023-08-18 10:43:01.110 [restartedMain] WARN  o.s.b.a.o.j.JpaBaseConfiguration$JpaWebConfiguration - spring.jpa.open-in-view is enabled by default. Therefore, database queries may be performed during view rendering. Explicitly configure spring.jpa.open-in-view to disable this warning
2023-08-18 10:43:01.316 [restartedMain] INFO  o.s.b.d.a.OptionalLiveReloadServer - LiveReload server is running on port 35729
2023-08-18 10:43:01.323 [restartedMain] INFO  o.s.b.a.e.web.EndpointLinksResolver - Exposing 1 endpoint(s) beneath base path '/actuator'
2023-08-18 10:43:01.342 [restartedMain] INFO  o.a.coyote.http11.Http11NioProtocol - Starting ProtocolHandler ["http-nio-2023"]
2023-08-18 10:43:01.350 [restartedMain] INFO  o.s.b.w.e.tomcat.TomcatWebServer - Tomcat started on port(s): 2023 (http) with context path ''
2023-08-18 10:43:01.365 [restartedMain] INFO  com.inn.RoomManagementApplication - Started RoomManagementApplication in 1.093 seconds (JVM running for 40232.812)
2023-08-18 10:43:01.368 [restartedMain] INFO  o.s.b.d.a.ConditionEvaluationDeltaLoggingListener - Condition evaluation unchanged
2023-08-18 10:43:31.790 [File Watcher] INFO  o.s.b.d.a.LocalDevToolsAutoConfiguration$RestartingClassPathChangeChangedEventListener - Restarting due to 71 class path changes (66 additions, 5 deletions, 0 modifications)
2023-08-18 10:43:33.867 [Thread-27] INFO  o.a.coyote.http11.Http11NioProtocol - Pausing ProtocolHandler ["http-nio-2023"]
2023-08-18 10:43:33.868 [Thread-27] INFO  o.a.catalina.core.StandardService - Stopping service [Tomcat]
2023-08-18 10:43:33.873 [Thread-27] INFO  o.a.coyote.http11.Http11NioProtocol - Stopping ProtocolHandler ["http-nio-2023"]
2023-08-18 10:43:33.875 [Thread-27] INFO  o.a.coyote.http11.Http11NioProtocol - Destroying ProtocolHandler ["http-nio-2023"]
2023-08-18 10:43:33.876 [Thread-27] INFO  o.s.o.j.LocalContainerEntityManagerFactoryBean - Closing JPA EntityManagerFactory for persistence unit 'default'
2023-08-18 10:43:33.877 [Thread-27] INFO  com.zaxxer.hikari.HikariDataSource - HikariPool-7 - Shutdown initiated...
2023-08-18 10:43:33.883 [Thread-27] INFO  com.zaxxer.hikari.HikariDataSource - HikariPool-7 - Shutdown completed.
2023-08-18 10:43:33.990 [restartedMain] INFO  com.inn.RoomManagementApplication - Starting RoomManagementApplication using Java 11.0.12 on RINIPC583 with PID 30580 (C:\Final_Room_Management\Room_Management\Room_Management\target\classes started by sarfaraz.alam in C:\Final_Room_Management\Room_Management\Room_Management)
2023-08-18 10:43:33.990 [restartedMain] INFO  com.inn.RoomManagementApplication - No active profile set, falling back to 1 default profile: "default"
2023-08-18 10:43:34.314 [restartedMain] INFO  o.s.d.r.c.RepositoryConfigurationDelegate - Bootstrapping Spring Data JPA repositories in DEFAULT mode.
2023-08-18 10:43:34.380 [restartedMain] INFO  o.s.d.r.c.RepositoryConfigurationDelegate - Finished Spring Data repository scanning in 64 ms. Found 8 JPA repository interfaces.
2023-08-18 10:43:34.515 [restartedMain] INFO  o.s.b.w.e.tomcat.TomcatWebServer - Tomcat initialized with port(s): 2023 (http)
2023-08-18 10:43:34.515 [restartedMain] INFO  o.a.coyote.http11.Http11NioProtocol - Initializing ProtocolHandler ["http-nio-2023"]
2023-08-18 10:43:34.516 [restartedMain] INFO  o.a.catalina.core.StandardService - Starting service [Tomcat]
2023-08-18 10:43:34.516 [restartedMain] INFO  o.a.catalina.core.StandardEngine - Starting Servlet engine: [Apache Tomcat/9.0.78]
2023-08-18 10:43:34.561 [restartedMain] INFO  o.a.c.c.C.[Tomcat].[localhost].[/] - Initializing Spring embedded WebApplicationContext
2023-08-18 10:43:34.561 [restartedMain] INFO  o.s.b.w.s.c.ServletWebServerApplicationContext - Root WebApplicationContext: initialization completed in 568 ms
2023-08-18 10:43:34.628 [restartedMain] INFO  o.h.jpa.internal.util.LogHelper - HHH000204: Processing PersistenceUnitInfo [name: default]
2023-08-18 10:43:34.634 [restartedMain] INFO  com.zaxxer.hikari.HikariDataSource - HikariPool-8 - Starting...
2023-08-18 10:43:34.660 [restartedMain] INFO  com.zaxxer.hikari.HikariDataSource - HikariPool-8 - Start completed.
2023-08-18 10:43:34.660 [restartedMain] INFO  org.hibernate.dialect.Dialect - HHH000400: Using dialect: org.hibernate.dialect.MySQL5InnoDBDialect
2023-08-18 10:43:34.805 [restartedMain] INFO  o.h.e.t.j.p.i.JtaPlatformInitiator - HHH000490: Using JtaPlatform implementation: [org.hibernate.engine.transaction.jta.platform.internal.NoJtaPlatform]
2023-08-18 10:43:34.805 [restartedMain] INFO  o.s.o.j.LocalContainerEntityManagerFactoryBean - Initialized JPA EntityManagerFactory for persistence unit 'default'
2023-08-18 10:43:35.039 [restartedMain] WARN  o.s.b.a.o.j.JpaBaseConfiguration$JpaWebConfiguration - spring.jpa.open-in-view is enabled by default. Therefore, database queries may be performed during view rendering. Explicitly configure spring.jpa.open-in-view to disable this warning
2023-08-18 10:43:35.182 [restartedMain] INFO  o.s.b.d.a.OptionalLiveReloadServer - LiveReload server is running on port 35729
2023-08-18 10:43:35.185 [restartedMain] INFO  o.s.b.a.e.web.EndpointLinksResolver - Exposing 1 endpoint(s) beneath base path '/actuator'
2023-08-18 10:43:35.196 [restartedMain] INFO  o.a.coyote.http11.Http11NioProtocol - Starting ProtocolHandler ["http-nio-2023"]
2023-08-18 10:43:35.200 [restartedMain] INFO  o.s.b.w.e.tomcat.TomcatWebServer - Tomcat started on port(s): 2023 (http) with context path ''
2023-08-18 10:43:35.210 [restartedMain] INFO  com.inn.RoomManagementApplication - Started RoomManagementApplication in 1.264 seconds (JVM running for 40266.658)
2023-08-18 10:43:35.212 [restartedMain] INFO  o.s.b.d.a.ConditionEvaluationDeltaLoggingListener - Condition evaluation unchanged
2023-08-18 10:43:36.691 [File Watcher] INFO  o.s.b.d.a.LocalDevToolsAutoConfiguration$RestartingClassPathChangeChangedEventListener - Restarting due to 5 class path changes (5 additions, 0 deletions, 0 modifications)
2023-08-18 10:43:39.025 [Thread-31] INFO  o.a.coyote.http11.Http11NioProtocol - Pausing ProtocolHandler ["http-nio-2023"]
2023-08-18 10:43:39.025 [Thread-31] INFO  o.a.catalina.core.StandardService - Stopping service [Tomcat]
2023-08-18 10:43:39.030 [Thread-31] INFO  o.a.coyote.http11.Http11NioProtocol - Stopping ProtocolHandler ["http-nio-2023"]
2023-08-18 10:43:39.032 [Thread-31] INFO  o.a.coyote.http11.Http11NioProtocol - Destroying ProtocolHandler ["http-nio-2023"]
2023-08-18 10:43:39.034 [Thread-31] INFO  o.s.o.j.LocalContainerEntityManagerFactoryBean - Closing JPA EntityManagerFactory for persistence unit 'default'
2023-08-18 10:43:39.035 [Thread-31] INFO  com.zaxxer.hikari.HikariDataSource - HikariPool-8 - Shutdown initiated...
2023-08-18 10:43:39.045 [Thread-31] INFO  com.zaxxer.hikari.HikariDataSource - HikariPool-8 - Shutdown completed.
2023-08-18 10:43:39.154 [restartedMain] INFO  com.inn.RoomManagementApplication - Starting RoomManagementApplication using Java 11.0.12 on RINIPC583 with PID 30580 (C:\Final_Room_Management\Room_Management\Room_Management\target\classes started by sarfaraz.alam in C:\Final_Room_Management\Room_Management\Room_Management)
2023-08-18 10:43:39.155 [restartedMain] INFO  com.inn.RoomManagementApplication - No active profile set, falling back to 1 default profile: "default"
2023-08-18 10:43:39.627 [restartedMain] INFO  o.s.d.r.c.RepositoryConfigurationDelegate - Bootstrapping Spring Data JPA repositories in DEFAULT mode.
2023-08-18 10:43:39.703 [restartedMain] INFO  o.s.d.r.c.RepositoryConfigurationDelegate - Finished Spring Data repository scanning in 75 ms. Found 8 JPA repository interfaces.
2023-08-18 10:43:39.812 [restartedMain] INFO  o.s.b.w.e.tomcat.TomcatWebServer - Tomcat initialized with port(s): 2023 (http)
2023-08-18 10:43:39.813 [restartedMain] INFO  o.a.coyote.http11.Http11NioProtocol - Initializing ProtocolHandler ["http-nio-2023"]
2023-08-18 10:43:39.813 [restartedMain] INFO  o.a.catalina.core.StandardService - Starting service [Tomcat]
2023-08-18 10:43:39.813 [restartedMain] INFO  o.a.catalina.core.StandardEngine - Starting Servlet engine: [Apache Tomcat/9.0.78]
2023-08-18 10:43:39.852 [restartedMain] INFO  o.a.c.c.C.[Tomcat].[localhost].[/] - Initializing Spring embedded WebApplicationContext
2023-08-18 10:43:39.852 [restartedMain] INFO  o.s.b.w.s.c.ServletWebServerApplicationContext - Root WebApplicationContext: initialization completed in 695 ms
2023-08-18 10:43:39.923 [restartedMain] INFO  o.h.jpa.internal.util.LogHelper - HHH000204: Processing PersistenceUnitInfo [name: default]
2023-08-18 10:43:39.931 [restartedMain] INFO  com.zaxxer.hikari.HikariDataSource - HikariPool-9 - Starting...
2023-08-18 10:43:39.957 [restartedMain] INFO  com.zaxxer.hikari.HikariDataSource - HikariPool-9 - Start completed.
2023-08-18 10:43:39.957 [restartedMain] INFO  org.hibernate.dialect.Dialect - HHH000400: Using dialect: org.hibernate.dialect.MySQL5InnoDBDialect
2023-08-18 10:43:40.086 [restartedMain] INFO  o.h.e.t.j.p.i.JtaPlatformInitiator - HHH000490: Using JtaPlatform implementation: [org.hibernate.engine.transaction.jta.platform.internal.NoJtaPlatform]
2023-08-18 10:43:40.087 [restartedMain] INFO  o.s.o.j.LocalContainerEntityManagerFactoryBean - Initialized JPA EntityManagerFactory for persistence unit 'default'
2023-08-18 10:43:40.323 [restartedMain] WARN  o.s.b.a.o.j.JpaBaseConfiguration$JpaWebConfiguration - spring.jpa.open-in-view is enabled by default. Therefore, database queries may be performed during view rendering. Explicitly configure spring.jpa.open-in-view to disable this warning
2023-08-18 10:43:40.524 [restartedMain] INFO  o.s.b.d.a.OptionalLiveReloadServer - LiveReload server is running on port 35729
2023-08-18 10:43:40.527 [restartedMain] INFO  o.s.b.a.e.web.EndpointLinksResolver - Exposing 1 endpoint(s) beneath base path '/actuator'
2023-08-18 10:43:40.540 [restartedMain] INFO  o.a.coyote.http11.Http11NioProtocol - Starting ProtocolHandler ["http-nio-2023"]
2023-08-18 10:43:40.543 [restartedMain] INFO  o.s.b.w.e.tomcat.TomcatWebServer - Tomcat started on port(s): 2023 (http) with context path ''
2023-08-18 10:43:40.552 [restartedMain] INFO  com.inn.RoomManagementApplication - Started RoomManagementApplication in 1.44 seconds (JVM running for 40271.999)
2023-08-18 10:43:40.555 [restartedMain] INFO  o.s.b.d.a.ConditionEvaluationDeltaLoggingListener - Condition evaluation unchanged
2023-08-18 10:45:04.453 [SpringApplicationShutdownHook] INFO  o.s.o.j.LocalContainerEntityManagerFactoryBean - Closing JPA EntityManagerFactory for persistence unit 'default'
2023-08-18 10:45:04.454 [SpringApplicationShutdownHook] INFO  com.zaxxer.hikari.HikariDataSource - HikariPool-9 - Shutdown initiated...
2023-08-18 10:45:04.472 [SpringApplicationShutdownHook] INFO  com.zaxxer.hikari.HikariDataSource - HikariPool-9 - Shutdown completed.
