2023-08-24 00:11:49.873 [background-preinit] INFO  o.h.validator.internal.util.Version - HV000001: Hibernate Validator 6.2.5.Final
2023-08-24 00:11:49.914 [restartedMain] INFO  com.inn.RoomManagementApplication - Starting RoomManagementApplication using Java 11.0.12 on RINIPC583 with PID 22720 (C:\Final_Room_Management\Room_Management\Room_Management\target\classes started by sarfaraz.alam in C:\Final_Room_Management\Room_Management\Room_Management)
2023-08-24 00:11:49.923 [restartedMain] INFO  com.inn.RoomManagementApplication - No active profile set, falling back to 1 default profile: "default"
2023-08-24 00:11:50.068 [restartedMain] INFO  o.s.b.d.e.DevToolsPropertyDefaultsPostProcessor - Devtools property defaults active! Set 'spring.devtools.add-properties' to 'false' to disable
2023-08-24 00:11:50.070 [restartedMain] INFO  o.s.b.d.e.DevToolsPropertyDefaultsPostProcessor - For additional web related logging consider setting the 'logging.level.web' property to 'DEBUG'
2023-08-24 00:11:52.046 [restartedMain] INFO  o.s.d.r.c.RepositoryConfigurationDelegate - Bootstrapping Spring Data JPA repositories in DEFAULT mode.
2023-08-24 00:11:52.329 [restartedMain] INFO  o.s.d.r.c.RepositoryConfigurationDelegate - Finished Spring Data repository scanning in 265 ms. Found 8 JPA repository interfaces.
2023-08-24 00:12:03.721 [restartedMain] INFO  o.s.b.w.e.tomcat.TomcatWebServer - Tomcat initialized with port(s): 2023 (http)
2023-08-24 00:12:03.822 [restartedMain] INFO  o.a.coyote.http11.Http11NioProtocol - Initializing ProtocolHandler ["http-nio-2023"]
2023-08-24 00:12:03.848 [restartedMain] INFO  o.a.catalina.core.StandardService - Starting service [Tomcat]
2023-08-24 00:12:03.880 [restartedMain] INFO  o.a.catalina.core.StandardEngine - Starting Servlet engine: [Apache Tomcat/9.0.78]
2023-08-24 00:12:05.200 [restartedMain] INFO  o.a.c.c.C.[Tomcat].[localhost].[/] - Initializing Spring embedded WebApplicationContext
2023-08-24 00:12:05.215 [restartedMain] INFO  o.s.b.w.s.c.ServletWebServerApplicationContext - Root WebApplicationContext: initialization completed in 15142 ms
2023-08-24 00:12:07.641 [restartedMain] INFO  o.h.jpa.internal.util.LogHelper - HHH000204: Processing PersistenceUnitInfo [name: default]
2023-08-24 00:12:07.990 [restartedMain] INFO  org.hibernate.Version - HHH000412: Hibernate ORM core version 5.6.15.Final
2023-08-24 00:12:09.094 [restartedMain] INFO  o.h.annotations.common.Version - HCANN000001: Hibernate Commons Annotations {5.1.2.Final}
2023-08-24 00:12:09.839 [restartedMain] INFO  com.zaxxer.hikari.HikariDataSource - HikariPool-1 - Starting...
2023-08-24 00:12:11.613 [restartedMain] INFO  com.zaxxer.hikari.HikariDataSource - HikariPool-1 - Start completed.
2023-08-24 00:12:11.751 [restartedMain] INFO  org.hibernate.dialect.Dialect - HHH000400: Using dialect: org.hibernate.dialect.MySQL5InnoDBDialect
2023-08-24 00:12:17.145 [restartedMain] INFO  o.h.e.t.j.p.i.JtaPlatformInitiator - HHH000490: Using JtaPlatform implementation: [org.hibernate.engine.transaction.jta.platform.internal.NoJtaPlatform]
2023-08-24 00:12:17.171 [restartedMain] INFO  o.s.o.j.LocalContainerEntityManagerFactoryBean - Initialized JPA EntityManagerFactory for persistence unit 'default'
2023-08-24 00:12:18.086 [restartedMain] WARN  o.s.b.w.s.c.AnnotationConfigServletWebServerApplicationContext - Exception encountered during context initialization - cancelling refresh attempt: org.springframework.beans.factory.UnsatisfiedDependencyException: Error creating bean with name 'attachmentControllerImpl': Unsatisfied dependency expressed through field 'userRegisterationAttachmentService'; nested exception is org.springframework.beans.factory.UnsatisfiedDependencyException: Error creating bean with name 'attachmentServiceImpl': Unsatisfied dependency expressed through field 'userRegisterationAttachmentRepository'; nested exception is org.springframework.beans.factory.BeanCreationException: Error creating bean with name 'IAttachmentRepository' defined in com.inn.repository.IAttachmentRepository defined in @EnableJpaRepositories declared on JpaRepositoriesRegistrar.EnableJpaRepositoriesConfiguration: Invocation of init method failed; nested exception is org.springframework.data.repository.query.QueryCreationException: Could not create query for public abstract com.inn.model.Attachment com.inn.repository.IAttachmentRepository.findByIdentifier(java.lang.String); Reason: Validation failed for query for method public abstract com.inn.model.Attachment com.inn.repository.IAttachmentRepository.findByIdentifier(java.lang.String)!; nested exception is java.lang.IllegalArgumentException: Validation failed for query for method public abstract com.inn.model.Attachment com.inn.repository.IAttachmentRepository.findByIdentifier(java.lang.String)!
2023-08-24 00:12:18.088 [restartedMain] INFO  o.s.o.j.LocalContainerEntityManagerFactoryBean - Closing JPA EntityManagerFactory for persistence unit 'default'
2023-08-24 00:12:18.100 [restartedMain] INFO  com.zaxxer.hikari.HikariDataSource - HikariPool-1 - Shutdown initiated...
2023-08-24 00:12:18.155 [restartedMain] INFO  com.zaxxer.hikari.HikariDataSource - HikariPool-1 - Shutdown completed.
2023-08-24 00:12:18.164 [restartedMain] INFO  o.a.catalina.core.StandardService - Stopping service [Tomcat]
2023-08-24 00:12:18.235 [restartedMain] INFO  o.s.b.a.l.ConditionEvaluationReportLoggingListener - 

Error starting ApplicationContext. To display the conditions report re-run your application with 'debug' enabled.
2023-08-24 00:12:18.350 [restartedMain] ERROR o.s.boot.SpringApplication - Application run failed
org.springframework.beans.factory.UnsatisfiedDependencyException: Error creating bean with name 'attachmentControllerImpl': Unsatisfied dependency expressed through field 'userRegisterationAttachmentService'; nested exception is org.springframework.beans.factory.UnsatisfiedDependencyException: Error creating bean with name 'attachmentServiceImpl': Unsatisfied dependency expressed through field 'userRegisterationAttachmentRepository'; nested exception is org.springframework.beans.factory.BeanCreationException: Error creating bean with name 'IAttachmentRepository' defined in com.inn.repository.IAttachmentRepository defined in @EnableJpaRepositories declared on JpaRepositoriesRegistrar.EnableJpaRepositoriesConfiguration: Invocation of init method failed; nested exception is org.springframework.data.repository.query.QueryCreationException: Could not create query for public abstract com.inn.model.Attachment com.inn.repository.IAttachmentRepository.findByIdentifier(java.lang.String); Reason: Validation failed for query for method public abstract com.inn.model.Attachment com.inn.repository.IAttachmentRepository.findByIdentifier(java.lang.String)!; nested exception is java.lang.IllegalArgumentException: Validation failed for query for method public abstract com.inn.model.Attachment com.inn.repository.IAttachmentRepository.findByIdentifier(java.lang.String)!
	at org.springframework.beans.factory.annotation.AutowiredAnnotationBeanPostProcessor$AutowiredFieldElement.resolveFieldValue(AutowiredAnnotationBeanPostProcessor.java:662)
	at org.springframework.beans.factory.annotation.AutowiredAnnotationBeanPostProcessor$AutowiredFieldElement.inject(AutowiredAnnotationBeanPostProcessor.java:642)
	at org.springframework.beans.factory.annotation.InjectionMetadata.inject(InjectionMetadata.java:119)
	at org.springframework.beans.factory.annotation.AutowiredAnnotationBeanPostProcessor.postProcessProperties(AutowiredAnnotationBeanPostProcessor.java:399)
	at org.springframework.beans.factory.support.AbstractAutowireCapableBeanFactory.populateBean(AbstractAutowireCapableBeanFactory.java:1431)
	at org.springframework.beans.factory.support.AbstractAutowireCapableBeanFactory.doCreateBean(AbstractAutowireCapableBeanFactory.java:619)
	at org.springframework.beans.factory.support.AbstractAutowireCapableBeanFactory.createBean(AbstractAutowireCapableBeanFactory.java:542)
	at org.springframework.beans.factory.support.AbstractBeanFactory.lambda$doGetBean$0(AbstractBeanFactory.java:335)
	at org.springframework.beans.factory.support.DefaultSingletonBeanRegistry.getSingleton(DefaultSingletonBeanRegistry.java:234)
	at org.springframework.beans.factory.support.AbstractBeanFactory.doGetBean(AbstractBeanFactory.java:333)
	at org.springframework.beans.factory.support.AbstractBeanFactory.getBean(AbstractBeanFactory.java:208)
	at org.springframework.beans.factory.support.DefaultListableBeanFactory.preInstantiateSingletons(DefaultListableBeanFactory.java:955)
	at org.springframework.context.support.AbstractApplicationContext.finishBeanFactoryInitialization(AbstractApplicationContext.java:921)
	at org.springframework.context.support.AbstractApplicationContext.refresh(AbstractApplicationContext.java:583)
	at org.springframework.boot.web.servlet.context.ServletWebServerApplicationContext.refresh(ServletWebServerApplicationContext.java:147)
	at org.springframework.boot.SpringApplication.refresh(SpringApplication.java:731)
	at org.springframework.boot.SpringApplication.refreshContext(SpringApplication.java:408)
	at org.springframework.boot.SpringApplication.run(SpringApplication.java:307)
	at org.springframework.boot.SpringApplication.run(SpringApplication.java:1303)
	at org.springframework.boot.SpringApplication.run(SpringApplication.java:1292)
	at com.inn.RoomManagementApplication.main(RoomManagementApplication.java:10)
	at java.base/jdk.internal.reflect.NativeMethodAccessorImpl.invoke0(Native Method)
	at java.base/jdk.internal.reflect.NativeMethodAccessorImpl.invoke(NativeMethodAccessorImpl.java:62)
	at java.base/jdk.internal.reflect.DelegatingMethodAccessorImpl.invoke(DelegatingMethodAccessorImpl.java:43)
	at java.base/java.lang.reflect.Method.invoke(Method.java:566)
	at org.springframework.boot.devtools.restart.RestartLauncher.run(RestartLauncher.java:50)
Caused by: org.springframework.beans.factory.UnsatisfiedDependencyException: Error creating bean with name 'attachmentServiceImpl': Unsatisfied dependency expressed through field 'userRegisterationAttachmentRepository'; nested exception is org.springframework.beans.factory.BeanCreationException: Error creating bean with name 'IAttachmentRepository' defined in com.inn.repository.IAttachmentRepository defined in @EnableJpaRepositories declared on JpaRepositoriesRegistrar.EnableJpaRepositoriesConfiguration: Invocation of init method failed; nested exception is org.springframework.data.repository.query.QueryCreationException: Could not create query for public abstract com.inn.model.Attachment com.inn.repository.IAttachmentRepository.findByIdentifier(java.lang.String); Reason: Validation failed for query for method public abstract com.inn.model.Attachment com.inn.repository.IAttachmentRepository.findByIdentifier(java.lang.String)!; nested exception is java.lang.IllegalArgumentException: Validation failed for query for method public abstract com.inn.model.Attachment com.inn.repository.IAttachmentRepository.findByIdentifier(java.lang.String)!
	at org.springframework.beans.factory.annotation.AutowiredAnnotationBeanPostProcessor$AutowiredFieldElement.resolveFieldValue(AutowiredAnnotationBeanPostProcessor.java:662)
	at org.springframework.beans.factory.annotation.AutowiredAnnotationBeanPostProcessor$AutowiredFieldElement.inject(AutowiredAnnotationBeanPostProcessor.java:642)
	at org.springframework.beans.factory.annotation.InjectionMetadata.inject(InjectionMetadata.java:119)
	at org.springframework.beans.factory.annotation.AutowiredAnnotationBeanPostProcessor.postProcessProperties(AutowiredAnnotationBeanPostProcessor.java:399)
	at org.springframework.beans.factory.support.AbstractAutowireCapableBeanFactory.populateBean(AbstractAutowireCapableBeanFactory.java:1431)
	at org.springframework.beans.factory.support.AbstractAutowireCapableBeanFactory.doCreateBean(AbstractAutowireCapableBeanFactory.java:619)
	at org.springframework.beans.factory.support.AbstractAutowireCapableBeanFactory.createBean(AbstractAutowireCapableBeanFactory.java:542)
	at org.springframework.beans.factory.support.AbstractBeanFactory.lambda$doGetBean$0(AbstractBeanFactory.java:335)
	at org.springframework.beans.factory.support.DefaultSingletonBeanRegistry.getSingleton(DefaultSingletonBeanRegistry.java:234)
	at org.springframework.beans.factory.support.AbstractBeanFactory.doGetBean(AbstractBeanFactory.java:333)
	at org.springframework.beans.factory.support.AbstractBeanFactory.getBean(AbstractBeanFactory.java:208)
	at org.springframework.beans.factory.config.DependencyDescriptor.resolveCandidate(DependencyDescriptor.java:276)
	at org.springframework.beans.factory.support.DefaultListableBeanFactory.doResolveDependency(DefaultListableBeanFactory.java:1391)
	at org.springframework.beans.factory.support.DefaultListableBeanFactory.resolveDependency(DefaultListableBeanFactory.java:1311)
	at org.springframework.beans.factory.annotation.AutowiredAnnotationBeanPostProcessor$AutowiredFieldElement.resolveFieldValue(AutowiredAnnotationBeanPostProcessor.java:659)
	... 25 common frames omitted
Caused by: org.springframework.beans.factory.BeanCreationException: Error creating bean with name 'IAttachmentRepository' defined in com.inn.repository.IAttachmentRepository defined in @EnableJpaRepositories declared on JpaRepositoriesRegistrar.EnableJpaRepositoriesConfiguration: Invocation of init method failed; nested exception is org.springframework.data.repository.query.QueryCreationException: Could not create query for public abstract com.inn.model.Attachment com.inn.repository.IAttachmentRepository.findByIdentifier(java.lang.String); Reason: Validation failed for query for method public abstract com.inn.model.Attachment com.inn.repository.IAttachmentRepository.findByIdentifier(java.lang.String)!; nested exception is java.lang.IllegalArgumentException: Validation failed for query for method public abstract com.inn.model.Attachment com.inn.repository.IAttachmentRepository.findByIdentifier(java.lang.String)!
	at org.springframework.beans.factory.support.AbstractAutowireCapableBeanFactory.initializeBean(AbstractAutowireCapableBeanFactory.java:1804)
	at org.springframework.beans.factory.support.AbstractAutowireCapableBeanFactory.doCreateBean(AbstractAutowireCapableBeanFactory.java:620)
	at org.springframework.beans.factory.support.AbstractAutowireCapableBeanFactory.createBean(AbstractAutowireCapableBeanFactory.java:542)
	at org.springframework.beans.factory.support.AbstractBeanFactory.lambda$doGetBean$0(AbstractBeanFactory.java:335)
	at org.springframework.beans.factory.support.DefaultSingletonBeanRegistry.getSingleton(DefaultSingletonBeanRegistry.java:234)
	at org.springframework.beans.factory.support.AbstractBeanFactory.doGetBean(AbstractBeanFactory.java:333)
	at org.springframework.beans.factory.support.AbstractBeanFactory.getBean(AbstractBeanFactory.java:208)
	at org.springframework.beans.factory.config.DependencyDescriptor.resolveCandidate(DependencyDescriptor.java:276)
	at org.springframework.beans.factory.support.DefaultListableBeanFactory.doResolveDependency(DefaultListableBeanFactory.java:1391)
	at org.springframework.beans.factory.support.DefaultListableBeanFactory.resolveDependency(DefaultListableBeanFactory.java:1311)
	at org.springframework.beans.factory.annotation.AutowiredAnnotationBeanPostProcessor$AutowiredFieldElement.resolveFieldValue(AutowiredAnnotationBeanPostProcessor.java:659)
	... 39 common frames omitted
Caused by: org.springframework.data.repository.query.QueryCreationException: Could not create query for public abstract com.inn.model.Attachment com.inn.repository.IAttachmentRepository.findByIdentifier(java.lang.String); Reason: Validation failed for query for method public abstract com.inn.model.Attachment com.inn.repository.IAttachmentRepository.findByIdentifier(java.lang.String)!; nested exception is java.lang.IllegalArgumentException: Validation failed for query for method public abstract com.inn.model.Attachment com.inn.repository.IAttachmentRepository.findByIdentifier(java.lang.String)!
	at org.springframework.data.repository.query.QueryCreationException.create(QueryCreationException.java:101)
	at org.springframework.data.repository.core.support.QueryExecutorMethodInterceptor.lookupQuery(QueryExecutorMethodInterceptor.java:107)
	at org.springframework.data.repository.core.support.QueryExecutorMethodInterceptor.lambda$mapMethodsToQuery$1(QueryExecutorMethodInterceptor.java:95)
	at java.base/java.util.stream.ReferencePipeline$3$1.accept(ReferencePipeline.java:195)
	at java.base/java.util.Iterator.forEachRemaining(Iterator.java:133)
	at java.base/java.util.Collections$UnmodifiableCollection$1.forEachRemaining(Collections.java:1054)
	at java.base/java.util.Spliterators$IteratorSpliterator.forEachRemaining(Spliterators.java:1801)
	at java.base/java.util.stream.AbstractPipeline.copyInto(AbstractPipeline.java:484)
	at java.base/java.util.stream.AbstractPipeline.wrapAndCopyInto(AbstractPipeline.java:474)
	at java.base/java.util.stream.ReduceOps$ReduceOp.evaluateSequential(ReduceOps.java:913)
	at java.base/java.util.stream.AbstractPipeline.evaluate(AbstractPipeline.java:234)
	at java.base/java.util.stream.ReferencePipeline.collect(ReferencePipeline.java:578)
	at org.springframework.data.repository.core.support.QueryExecutorMethodInterceptor.mapMethodsToQuery(QueryExecutorMethodInterceptor.java:97)
	at org.springframework.data.repository.core.support.QueryExecutorMethodInterceptor.lambda$new$0(QueryExecutorMethodInterceptor.java:87)
	at java.base/java.util.Optional.map(Optional.java:265)
	at org.springframework.data.repository.core.support.QueryExecutorMethodInterceptor.<init>(QueryExecutorMethodInterceptor.java:87)
	at org.springframework.data.repository.core.support.RepositoryFactorySupport.getRepository(RepositoryFactorySupport.java:365)
	at org.springframework.data.repository.core.support.RepositoryFactoryBeanSupport.lambda$afterPropertiesSet$5(RepositoryFactoryBeanSupport.java:323)
	at org.springframework.data.util.Lazy.getNullable(Lazy.java:231)
	at org.springframework.data.util.Lazy.get(Lazy.java:115)
	at org.springframework.data.repository.core.support.RepositoryFactoryBeanSupport.afterPropertiesSet(RepositoryFactoryBeanSupport.java:329)
	at org.springframework.data.jpa.repository.support.JpaRepositoryFactoryBean.afterPropertiesSet(JpaRepositoryFactoryBean.java:144)
	at org.springframework.beans.factory.support.AbstractAutowireCapableBeanFactory.invokeInitMethods(AbstractAutowireCapableBeanFactory.java:1863)
	at org.springframework.beans.factory.support.AbstractAutowireCapableBeanFactory.initializeBean(AbstractAutowireCapableBeanFactory.java:1800)
	... 49 common frames omitted
Caused by: java.lang.IllegalArgumentException: Validation failed for query for method public abstract com.inn.model.Attachment com.inn.repository.IAttachmentRepository.findByIdentifier(java.lang.String)!
	at org.springframework.data.jpa.repository.query.SimpleJpaQuery.validateQuery(SimpleJpaQuery.java:96)
	at org.springframework.data.jpa.repository.query.SimpleJpaQuery.<init>(SimpleJpaQuery.java:66)
	at org.springframework.data.jpa.repository.query.JpaQueryFactory.fromMethodWithQueryString(JpaQueryFactory.java:51)
	at org.springframework.data.jpa.repository.query.JpaQueryLookupStrategy$DeclaredQueryLookupStrategy.resolveQuery(JpaQueryLookupStrategy.java:169)
	at org.springframework.data.jpa.repository.query.JpaQueryLookupStrategy$CreateIfNotFoundQueryLookupStrategy.resolveQuery(JpaQueryLookupStrategy.java:253)
	at org.springframework.data.jpa.repository.query.JpaQueryLookupStrategy$AbstractQueryLookupStrategy.resolveQuery(JpaQueryLookupStrategy.java:93)
	at org.springframework.data.repository.core.support.QueryExecutorMethodInterceptor.lookupQuery(QueryExecutorMethodInterceptor.java:103)
	... 71 common frames omitted
Caused by: java.lang.IllegalArgumentException: org.hibernate.hql.internal.ast.QuerySyntaxException: UserRegisterationAttachment is not mapped [select ur from UserRegisterationAttachment ur where ur.identifier =:idti]
	at org.hibernate.internal.ExceptionConverterImpl.convert(ExceptionConverterImpl.java:138)
	at org.hibernate.internal.ExceptionConverterImpl.convert(ExceptionConverterImpl.java:181)
	at org.hibernate.internal.ExceptionConverterImpl.convert(ExceptionConverterImpl.java:188)
	at org.hibernate.internal.AbstractSharedSessionContract.createQuery(AbstractSharedSessionContract.java:757)
	at org.hibernate.internal.AbstractSharedSessionContract.createQuery(AbstractSharedSessionContract.java:114)
	at java.base/jdk.internal.reflect.NativeMethodAccessorImpl.invoke0(Native Method)
	at java.base/jdk.internal.reflect.NativeMethodAccessorImpl.invoke(NativeMethodAccessorImpl.java:62)
	at java.base/jdk.internal.reflect.DelegatingMethodAccessorImpl.invoke(DelegatingMethodAccessorImpl.java:43)
	at java.base/java.lang.reflect.Method.invoke(Method.java:566)
	at org.springframework.orm.jpa.ExtendedEntityManagerCreator$ExtendedEntityManagerInvocationHandler.invoke(ExtendedEntityManagerCreator.java:362)
	at com.sun.proxy.$Proxy131.createQuery(Unknown Source)
	at org.springframework.data.jpa.repository.query.SimpleJpaQuery.validateQuery(SimpleJpaQuery.java:90)
	... 77 common frames omitted
Caused by: org.hibernate.hql.internal.ast.QuerySyntaxException: UserRegisterationAttachment is not mapped [select ur from UserRegisterationAttachment ur where ur.identifier =:idti]
	at org.hibernate.hql.internal.ast.QuerySyntaxException.generateQueryException(QuerySyntaxException.java:79)
	at org.hibernate.QueryException.wrapWithQueryString(QueryException.java:103)
	at org.hibernate.hql.internal.ast.QueryTranslatorImpl.doCompile(QueryTranslatorImpl.java:220)
	at org.hibernate.hql.internal.ast.QueryTranslatorImpl.compile(QueryTranslatorImpl.java:144)
	at org.hibernate.engine.query.spi.HQLQueryPlan.<init>(HQLQueryPlan.java:112)
	at org.hibernate.engine.query.spi.HQLQueryPlan.<init>(HQLQueryPlan.java:73)
	at org.hibernate.engine.query.spi.QueryPlanCache.getHQLQueryPlan(QueryPlanCache.java:162)
	at org.hibernate.internal.AbstractSharedSessionContract.getQueryPlan(AbstractSharedSessionContract.java:636)
	at org.hibernate.internal.AbstractSharedSessionContract.createQuery(AbstractSharedSessionContract.java:748)
	... 85 common frames omitted
Caused by: org.hibernate.hql.internal.ast.QuerySyntaxException: UserRegisterationAttachment is not mapped
	at org.hibernate.hql.internal.ast.util.SessionFactoryHelper.requireClassPersister(SessionFactoryHelper.java:170)
	at org.hibernate.hql.internal.ast.tree.FromElementFactory.addFromElement(FromElementFactory.java:91)
	at org.hibernate.hql.internal.ast.tree.FromClause.addFromElement(FromClause.java:77)
	at org.hibernate.hql.internal.ast.HqlSqlWalker.createFromElement(HqlSqlWalker.java:334)
	at org.hibernate.hql.internal.antlr.HqlSqlBaseWalker.fromElement(HqlSqlBaseWalker.java:3782)
	at org.hibernate.hql.internal.antlr.HqlSqlBaseWalker.fromElementList(HqlSqlBaseWalker.java:3671)
	at org.hibernate.hql.internal.antlr.HqlSqlBaseWalker.fromClause(HqlSqlBaseWalker.java:746)
	at org.hibernate.hql.internal.antlr.HqlSqlBaseWalker.query(HqlSqlBaseWalker.java:602)
	at org.hibernate.hql.internal.antlr.HqlSqlBaseWalker.selectStatement(HqlSqlBaseWalker.java:339)
	at org.hibernate.hql.internal.antlr.HqlSqlBaseWalker.statement(HqlSqlBaseWalker.java:287)
	at org.hibernate.hql.internal.ast.QueryTranslatorImpl.analyze(QueryTranslatorImpl.java:276)
	at org.hibernate.hql.internal.ast.QueryTranslatorImpl.doCompile(QueryTranslatorImpl.java:192)
	... 91 common frames omitted
2023-08-24 00:14:20.007 [background-preinit] INFO  o.h.validator.internal.util.Version - HV000001: Hibernate Validator 6.2.5.Final
2023-08-24 00:14:20.042 [restartedMain] INFO  com.inn.RoomManagementApplication - Starting RoomManagementApplication using Java 11.0.12 on RINIPC583 with PID 11936 (C:\Final_Room_Management\Room_Management\Room_Management\target\classes started by sarfaraz.alam in C:\Final_Room_Management\Room_Management\Room_Management)
2023-08-24 00:14:20.047 [restartedMain] INFO  com.inn.RoomManagementApplication - No active profile set, falling back to 1 default profile: "default"
2023-08-24 00:14:20.146 [restartedMain] INFO  o.s.b.d.e.DevToolsPropertyDefaultsPostProcessor - Devtools property defaults active! Set 'spring.devtools.add-properties' to 'false' to disable
2023-08-24 00:14:20.150 [restartedMain] INFO  o.s.b.d.e.DevToolsPropertyDefaultsPostProcessor - For additional web related logging consider setting the 'logging.level.web' property to 'DEBUG'
2023-08-24 00:14:22.277 [restartedMain] INFO  o.s.d.r.c.RepositoryConfigurationDelegate - Bootstrapping Spring Data JPA repositories in DEFAULT mode.
2023-08-24 00:14:22.680 [restartedMain] INFO  o.s.d.r.c.RepositoryConfigurationDelegate - Finished Spring Data repository scanning in 382 ms. Found 8 JPA repository interfaces.
2023-08-24 00:14:30.323 [restartedMain] INFO  o.s.b.w.e.tomcat.TomcatWebServer - Tomcat initialized with port(s): 2023 (http)
2023-08-24 00:14:30.336 [restartedMain] INFO  o.a.coyote.http11.Http11NioProtocol - Initializing ProtocolHandler ["http-nio-2023"]
2023-08-24 00:14:30.345 [restartedMain] INFO  o.a.catalina.core.StandardService - Starting service [Tomcat]
2023-08-24 00:14:30.347 [restartedMain] INFO  o.a.catalina.core.StandardEngine - Starting Servlet engine: [Apache Tomcat/9.0.78]
2023-08-24 00:14:30.747 [restartedMain] INFO  o.a.c.c.C.[Tomcat].[localhost].[/] - Initializing Spring embedded WebApplicationContext
2023-08-24 00:14:30.749 [restartedMain] INFO  o.s.b.w.s.c.ServletWebServerApplicationContext - Root WebApplicationContext: initialization completed in 10596 ms
2023-08-24 00:14:31.459 [restartedMain] INFO  o.h.jpa.internal.util.LogHelper - HHH000204: Processing PersistenceUnitInfo [name: default]
2023-08-24 00:14:31.632 [restartedMain] INFO  org.hibernate.Version - HHH000412: Hibernate ORM core version 5.6.15.Final
2023-08-24 00:14:31.994 [restartedMain] INFO  o.h.annotations.common.Version - HCANN000001: Hibernate Commons Annotations {5.1.2.Final}
2023-08-24 00:14:32.286 [restartedMain] INFO  com.zaxxer.hikari.HikariDataSource - HikariPool-1 - Starting...
2023-08-24 00:14:33.089 [restartedMain] INFO  com.zaxxer.hikari.HikariDataSource - HikariPool-1 - Start completed.
2023-08-24 00:14:33.129 [restartedMain] INFO  org.hibernate.dialect.Dialect - HHH000400: Using dialect: org.hibernate.dialect.MySQL5InnoDBDialect
2023-08-24 00:14:36.269 [restartedMain] INFO  o.h.e.t.j.p.i.JtaPlatformInitiator - HHH000490: Using JtaPlatform implementation: [org.hibernate.engine.transaction.jta.platform.internal.NoJtaPlatform]
2023-08-24 00:14:36.301 [restartedMain] INFO  o.s.o.j.LocalContainerEntityManagerFactoryBean - Initialized JPA EntityManagerFactory for persistence unit 'default'
2023-08-24 00:14:38.344 [restartedMain] WARN  o.s.b.a.o.j.JpaBaseConfiguration$JpaWebConfiguration - spring.jpa.open-in-view is enabled by default. Therefore, database queries may be performed during view rendering. Explicitly configure spring.jpa.open-in-view to disable this warning
2023-08-24 00:14:39.590 [restartedMain] INFO  o.s.b.d.a.OptionalLiveReloadServer - LiveReload server is running on port 35729
2023-08-24 00:14:39.609 [restartedMain] INFO  o.s.b.a.e.web.EndpointLinksResolver - Exposing 1 endpoint(s) beneath base path '/actuator'
2023-08-24 00:14:39.702 [restartedMain] INFO  o.a.coyote.http11.Http11NioProtocol - Starting ProtocolHandler ["http-nio-2023"]
2023-08-24 00:14:39.758 [restartedMain] INFO  o.s.b.w.e.tomcat.TomcatWebServer - Tomcat started on port(s): 2023 (http) with context path ''
2023-08-24 00:14:39.844 [restartedMain] INFO  com.inn.RoomManagementApplication - Started RoomManagementApplication in 20.803 seconds (JVM running for 22.194)
2023-08-24 00:15:35.174 [http-nio-2023-exec-1] INFO  o.a.c.c.C.[Tomcat].[localhost].[/] - Initializing Spring DispatcherServlet 'dispatcherServlet'
2023-08-24 00:15:35.175 [http-nio-2023-exec-1] INFO  o.s.web.servlet.DispatcherServlet - Initializing Servlet 'dispatcherServlet'
2023-08-24 00:15:35.178 [http-nio-2023-exec-1] INFO  o.s.web.servlet.DispatcherServlet - Completed initialization in 2 ms
2023-08-24 00:15:35.413 [http-nio-2023-exec-1] INFO  c.i.c.impl.GroupDetailControllerImpl - Inside the method create GroupDetail=GroupDetail(id=null, identifier=null, groupName=AA, createdDate=null, createdTime=null, modifiedDateTime=null)
2023-08-24 00:15:35.446 [http-nio-2023-exec-1] INFO  c.i.s.impl.GroupDetailServiceImpl - Inside the method create GroupDetail=GroupDetail(id=null, identifier=null, groupName=AA, createdDate=null, createdTime=null, modifiedDateTime=null)
2023-08-24 00:15:51.948 [http-nio-2023-exec-2] INFO  c.i.c.impl.GroupDetailControllerImpl - Inside the method create GroupDetail=GroupDetail(id=null, identifier=null, groupName=AA, createdDate=null, createdTime=null, modifiedDateTime=null)
2023-08-24 00:15:51.949 [http-nio-2023-exec-2] INFO  c.i.s.impl.GroupDetailServiceImpl - Inside the method create GroupDetail=GroupDetail(id=null, identifier=null, groupName=AA, createdDate=null, createdTime=null, modifiedDateTime=null)
2023-08-24 00:15:51.960 [http-nio-2023-exec-2] WARN  o.h.e.jdbc.spi.SqlExceptionHelper - SQL Error: 1062, SQLState: 23000
2023-08-24 00:15:51.961 [http-nio-2023-exec-2] ERROR o.h.e.jdbc.spi.SqlExceptionHelper - Duplicate entry 'AA' for key 'group_detail.UK_ly904yp2uj4ayxidbaiijh6vl'
2023-08-24 00:15:52.003 [http-nio-2023-exec-2] ERROR c.i.s.impl.GroupDetailServiceImpl - Error occured due to Message=could not execute statement; SQL [n/a]; constraint [group_detail.UK_ly904yp2uj4ayxidbaiijh6vl]; nested exception is org.hibernate.exception.ConstraintViolationException: could not execute statement :
2023-08-24 00:15:52.004 [http-nio-2023-exec-2] ERROR c.i.c.impl.GroupDetailControllerImpl - Error occured due to Message=could not execute statement; SQL [n/a]; constraint [group_detail.UK_ly904yp2uj4ayxidbaiijh6vl]; nested exception is org.hibernate.exception.ConstraintViolationException: could not execute statement :
2023-08-24 00:15:52.026 [http-nio-2023-exec-2] ERROR o.a.c.c.C.[.[.[.[dispatcherServlet] - Servlet.service() for servlet [dispatcherServlet] in context with path [] threw exception [Request processing failed; nested exception is org.springframework.dao.DataIntegrityViolationException: could not execute statement; SQL [n/a]; constraint [group_detail.UK_ly904yp2uj4ayxidbaiijh6vl]; nested exception is org.hibernate.exception.ConstraintViolationException: could not execute statement] with root cause
java.sql.SQLIntegrityConstraintViolationException: Duplicate entry 'AA' for key 'group_detail.UK_ly904yp2uj4ayxidbaiijh6vl'
	at com.mysql.cj.jdbc.exceptions.SQLError.createSQLException(SQLError.java:117)
	at com.mysql.cj.jdbc.exceptions.SQLExceptionsMapping.translateException(SQLExceptionsMapping.java:122)
	at com.mysql.cj.jdbc.ClientPreparedStatement.executeInternal(ClientPreparedStatement.java:916)
	at com.mysql.cj.jdbc.ClientPreparedStatement.executeUpdateInternal(ClientPreparedStatement.java:1061)
	at com.mysql.cj.jdbc.ClientPreparedStatement.executeUpdateInternal(ClientPreparedStatement.java:1009)
	at com.mysql.cj.jdbc.ClientPreparedStatement.executeLargeUpdate(ClientPreparedStatement.java:1320)
	at com.mysql.cj.jdbc.ClientPreparedStatement.executeUpdate(ClientPreparedStatement.java:994)
	at com.zaxxer.hikari.pool.ProxyPreparedStatement.executeUpdate(ProxyPreparedStatement.java:61)
	at com.zaxxer.hikari.pool.HikariProxyPreparedStatement.executeUpdate(HikariProxyPreparedStatement.java)
	at org.hibernate.engine.jdbc.internal.ResultSetReturnImpl.executeUpdate(ResultSetReturnImpl.java:197)
	at org.hibernate.dialect.identity.GetGeneratedKeysDelegate.executeAndExtract(GetGeneratedKeysDelegate.java:58)
	at org.hibernate.id.insert.AbstractReturningDelegate.performInsert(AbstractReturningDelegate.java:43)
	at org.hibernate.persister.entity.AbstractEntityPersister.insert(AbstractEntityPersister.java:3279)
	at org.hibernate.persister.entity.AbstractEntityPersister.insert(AbstractEntityPersister.java:3914)
	at org.hibernate.action.internal.EntityIdentityInsertAction.execute(EntityIdentityInsertAction.java:84)
	at org.hibernate.engine.spi.ActionQueue.execute(ActionQueue.java:645)
	at org.hibernate.engine.spi.ActionQueue.addResolvedEntityInsertAction(ActionQueue.java:282)
	at org.hibernate.engine.spi.ActionQueue.addInsertAction(ActionQueue.java:263)
	at org.hibernate.engine.spi.ActionQueue.addAction(ActionQueue.java:317)
	at org.hibernate.event.internal.AbstractSaveEventListener.addInsertAction(AbstractSaveEventListener.java:329)
	at org.hibernate.event.internal.AbstractSaveEventListener.performSaveOrReplicate(AbstractSaveEventListener.java:286)
	at org.hibernate.event.internal.AbstractSaveEventListener.performSave(AbstractSaveEventListener.java:192)
	at org.hibernate.event.internal.AbstractSaveEventListener.saveWithGeneratedId(AbstractSaveEventListener.java:122)
	at org.hibernate.event.internal.DefaultPersistEventListener.entityIsTransient(DefaultPersistEventListener.java:185)
	at org.hibernate.event.internal.DefaultPersistEventListener.onPersist(DefaultPersistEventListener.java:128)
	at org.hibernate.event.internal.DefaultPersistEventListener.onPersist(DefaultPersistEventListener.java:55)
	at org.hibernate.event.service.internal.EventListenerGroupImpl.fireEventOnEachListener(EventListenerGroupImpl.java:107)
	at org.hibernate.internal.SessionImpl.firePersist(SessionImpl.java:756)
	at org.hibernate.internal.SessionImpl.persist(SessionImpl.java:742)
	at java.base/jdk.internal.reflect.NativeMethodAccessorImpl.invoke0(Native Method)
	at java.base/jdk.internal.reflect.NativeMethodAccessorImpl.invoke(NativeMethodAccessorImpl.java:62)
	at java.base/jdk.internal.reflect.DelegatingMethodAccessorImpl.invoke(DelegatingMethodAccessorImpl.java:43)
	at java.base/java.lang.reflect.Method.invoke(Method.java:566)
	at org.springframework.orm.jpa.ExtendedEntityManagerCreator$ExtendedEntityManagerInvocationHandler.invoke(ExtendedEntityManagerCreator.java:362)
	at com.sun.proxy.$Proxy131.persist(Unknown Source)
	at java.base/jdk.internal.reflect.NativeMethodAccessorImpl.invoke0(Native Method)
	at java.base/jdk.internal.reflect.NativeMethodAccessorImpl.invoke(NativeMethodAccessorImpl.java:62)
	at java.base/jdk.internal.reflect.DelegatingMethodAccessorImpl.invoke(DelegatingMethodAccessorImpl.java:43)
	at java.base/java.lang.reflect.Method.invoke(Method.java:566)
	at org.springframework.orm.jpa.SharedEntityManagerCreator$SharedEntityManagerInvocationHandler.invoke(SharedEntityManagerCreator.java:315)
	at com.sun.proxy.$Proxy131.persist(Unknown Source)
	at org.springframework.data.jpa.repository.support.SimpleJpaRepository.save(SimpleJpaRepository.java:666)
	at java.base/jdk.internal.reflect.NativeMethodAccessorImpl.invoke0(Native Method)
	at java.base/jdk.internal.reflect.NativeMethodAccessorImpl.invoke(NativeMethodAccessorImpl.java:62)
	at java.base/jdk.internal.reflect.DelegatingMethodAccessorImpl.invoke(DelegatingMethodAccessorImpl.java:43)
	at java.base/java.lang.reflect.Method.invoke(Method.java:566)
	at org.springframework.data.repository.core.support.RepositoryMethodInvoker$RepositoryFragmentMethodInvoker.lambda$new$0(RepositoryMethodInvoker.java:289)
	at org.springframework.data.repository.core.support.RepositoryMethodInvoker.doInvoke(RepositoryMethodInvoker.java:137)
	at org.springframework.data.repository.core.support.RepositoryMethodInvoker.invoke(RepositoryMethodInvoker.java:121)
	at org.springframework.data.repository.core.support.RepositoryComposition$RepositoryFragments.invoke(RepositoryComposition.java:530)
	at org.springframework.data.repository.core.support.RepositoryComposition.invoke(RepositoryComposition.java:286)
	at org.springframework.data.repository.core.support.RepositoryFactorySupport$ImplementationMethodExecutionInterceptor.invoke(RepositoryFactorySupport.java:640)
	at org.springframework.aop.framework.ReflectiveMethodInvocation.proceed(ReflectiveMethodInvocation.java:186)
	at org.springframework.data.repository.core.support.QueryExecutorMethodInterceptor.doInvoke(QueryExecutorMethodInterceptor.java:164)
	at org.springframework.data.repository.core.support.QueryExecutorMethodInterceptor.invoke(QueryExecutorMethodInterceptor.java:139)
	at org.springframework.aop.framework.ReflectiveMethodInvocation.proceed(ReflectiveMethodInvocation.java:186)
	at org.springframework.data.projection.DefaultMethodInvokingMethodInterceptor.invoke(DefaultMethodInvokingMethodInterceptor.java:76)
	at org.springframework.aop.framework.ReflectiveMethodInvocation.proceed(ReflectiveMethodInvocation.java:186)
	at org.springframework.transaction.interceptor.TransactionInterceptor$1.proceedWithInvocation(TransactionInterceptor.java:123)
	at org.springframework.transaction.interceptor.TransactionAspectSupport.invokeWithinTransaction(TransactionAspectSupport.java:388)
	at org.springframework.transaction.interceptor.TransactionInterceptor.invoke(TransactionInterceptor.java:119)
	at org.springframework.aop.framework.ReflectiveMethodInvocation.proceed(ReflectiveMethodInvocation.java:186)
	at org.springframework.dao.support.PersistenceExceptionTranslationInterceptor.invoke(PersistenceExceptionTranslationInterceptor.java:137)
	at org.springframework.aop.framework.ReflectiveMethodInvocation.proceed(ReflectiveMethodInvocation.java:186)
	at org.springframework.data.jpa.repository.support.CrudMethodMetadataPostProcessor$CrudMethodMetadataPopulatingMethodInterceptor.invoke(CrudMethodMetadataPostProcessor.java:174)
	at org.springframework.aop.framework.ReflectiveMethodInvocation.proceed(ReflectiveMethodInvocation.java:186)
	at org.springframework.aop.interceptor.ExposeInvocationInterceptor.invoke(ExposeInvocationInterceptor.java:97)
	at org.springframework.aop.framework.ReflectiveMethodInvocation.proceed(ReflectiveMethodInvocation.java:186)
	at org.springframework.aop.framework.JdkDynamicAopProxy.invoke(JdkDynamicAopProxy.java:241)
	at com.sun.proxy.$Proxy141.save(Unknown Source)
	at com.inn.service.impl.GroupDetailServiceImpl.create(GroupDetailServiceImpl.java:31)
	at com.inn.controller.impl.GroupDetailControllerImpl.create(GroupDetailControllerImpl.java:30)
	at java.base/jdk.internal.reflect.NativeMethodAccessorImpl.invoke0(Native Method)
	at java.base/jdk.internal.reflect.NativeMethodAccessorImpl.invoke(NativeMethodAccessorImpl.java:62)
	at java.base/jdk.internal.reflect.DelegatingMethodAccessorImpl.invoke(DelegatingMethodAccessorImpl.java:43)
	at java.base/java.lang.reflect.Method.invoke(Method.java:566)
	at org.springframework.web.method.support.InvocableHandlerMethod.doInvoke(InvocableHandlerMethod.java:205)
	at org.springframework.web.method.support.InvocableHandlerMethod.invokeForRequest(InvocableHandlerMethod.java:150)
	at org.springframework.web.servlet.mvc.method.annotation.ServletInvocableHandlerMethod.invokeAndHandle(ServletInvocableHandlerMethod.java:117)
	at org.springframework.web.servlet.mvc.method.annotation.RequestMappingHandlerAdapter.invokeHandlerMethod(RequestMappingHandlerAdapter.java:895)
	at org.springframework.web.servlet.mvc.method.annotation.RequestMappingHandlerAdapter.handleInternal(RequestMappingHandlerAdapter.java:808)
	at org.springframework.web.servlet.mvc.method.AbstractHandlerMethodAdapter.handle(AbstractHandlerMethodAdapter.java:87)
	at org.springframework.web.servlet.DispatcherServlet.doDispatch(DispatcherServlet.java:1072)
	at org.springframework.web.servlet.DispatcherServlet.doService(DispatcherServlet.java:965)
	at org.springframework.web.servlet.FrameworkServlet.processRequest(FrameworkServlet.java:1006)
	at org.springframework.web.servlet.FrameworkServlet.doPost(FrameworkServlet.java:909)
	at javax.servlet.http.HttpServlet.service(HttpServlet.java:555)
	at org.springframework.web.servlet.FrameworkServlet.service(FrameworkServlet.java:883)
	at javax.servlet.http.HttpServlet.service(HttpServlet.java:623)
	at org.apache.catalina.core.ApplicationFilterChain.internalDoFilter(ApplicationFilterChain.java:209)
	at org.apache.catalina.core.ApplicationFilterChain.doFilter(ApplicationFilterChain.java:153)
	at org.apache.tomcat.websocket.server.WsFilter.doFilter(WsFilter.java:51)
	at org.apache.catalina.core.ApplicationFilterChain.internalDoFilter(ApplicationFilterChain.java:178)
	at org.apache.catalina.core.ApplicationFilterChain.doFilter(ApplicationFilterChain.java:153)
	at org.springframework.web.filter.RequestContextFilter.doFilterInternal(RequestContextFilter.java:100)
	at org.springframework.web.filter.OncePerRequestFilter.doFilter(OncePerRequestFilter.java:117)
	at org.apache.catalina.core.ApplicationFilterChain.internalDoFilter(ApplicationFilterChain.java:178)
	at org.apache.catalina.core.ApplicationFilterChain.doFilter(ApplicationFilterChain.java:153)
	at org.springframework.web.filter.FormContentFilter.doFilterInternal(FormContentFilter.java:93)
	at org.springframework.web.filter.OncePerRequestFilter.doFilter(OncePerRequestFilter.java:117)
	at org.apache.catalina.core.ApplicationFilterChain.internalDoFilter(ApplicationFilterChain.java:178)
	at org.apache.catalina.core.ApplicationFilterChain.doFilter(ApplicationFilterChain.java:153)
	at org.springframework.boot.actuate.metrics.web.servlet.WebMvcMetricsFilter.doFilterInternal(WebMvcMetricsFilter.java:96)
	at org.springframework.web.filter.OncePerRequestFilter.doFilter(OncePerRequestFilter.java:117)
	at org.apache.catalina.core.ApplicationFilterChain.internalDoFilter(ApplicationFilterChain.java:178)
	at org.apache.catalina.core.ApplicationFilterChain.doFilter(ApplicationFilterChain.java:153)
	at org.springframework.web.filter.CharacterEncodingFilter.doFilterInternal(CharacterEncodingFilter.java:201)
	at org.springframework.web.filter.OncePerRequestFilter.doFilter(OncePerRequestFilter.java:117)
	at org.apache.catalina.core.ApplicationFilterChain.internalDoFilter(ApplicationFilterChain.java:178)
	at org.apache.catalina.core.ApplicationFilterChain.doFilter(ApplicationFilterChain.java:153)
	at org.apache.catalina.core.StandardWrapperValve.invoke(StandardWrapperValve.java:167)
	at org.apache.catalina.core.StandardContextValve.invoke(StandardContextValve.java:90)
	at org.apache.catalina.authenticator.AuthenticatorBase.invoke(AuthenticatorBase.java:481)
	at org.apache.catalina.core.StandardHostValve.invoke(StandardHostValve.java:130)
	at org.apache.catalina.valves.ErrorReportValve.invoke(ErrorReportValve.java:93)
	at org.apache.catalina.core.StandardEngineValve.invoke(StandardEngineValve.java:74)
	at org.apache.catalina.connector.CoyoteAdapter.service(CoyoteAdapter.java:343)
	at org.apache.coyote.http11.Http11Processor.service(Http11Processor.java:390)
	at org.apache.coyote.AbstractProcessorLight.process(AbstractProcessorLight.java:63)
	at org.apache.coyote.AbstractProtocol$ConnectionHandler.process(AbstractProtocol.java:926)
	at org.apache.tomcat.util.net.NioEndpoint$SocketProcessor.doRun(NioEndpoint.java:1791)
	at org.apache.tomcat.util.net.SocketProcessorBase.run(SocketProcessorBase.java:52)
	at org.apache.tomcat.util.threads.ThreadPoolExecutor.runWorker(ThreadPoolExecutor.java:1191)
	at org.apache.tomcat.util.threads.ThreadPoolExecutor$Worker.run(ThreadPoolExecutor.java:659)
	at org.apache.tomcat.util.threads.TaskThread$WrappingRunnable.run(TaskThread.java:61)
	at java.base/java.lang.Thread.run(Thread.java:834)
2023-08-24 00:16:37.593 [http-nio-2023-exec-3] INFO  c.i.c.i.UserRegistrationControllerImpl - Inside the method create UserRegistration=UserRegistration(id=null, identifier=null, userName=sarfarazalam, firstName=Sarfaraz, middleName=null, lastName=Alam, emailId=sarfarazalam2702@gmail.com, confirmEmailId=sarfarazalam2702@gmail.com, password=12345678, confirmPassword=12345678, mobileNo=8226854405, alternateMobileNo=8789519442, dob=Fri Feb 27 05:30:00 IST 1998, gender=male, role=Admin, isActive=null, createdDate=null, createdTime=null, modifiedDateTime=null, groupMappings=[UserGroupMapping(id=null, groupName=AA, email=null, user=null)])
2023-08-24 00:16:37.761 [http-nio-2023-exec-3] INFO  c.i.s.i.UserRegistrationServiceImpl - Inside the method create UserRegistration=UserRegistration(id=null, identifier=null, userName=sarfarazalam, firstName=Sarfaraz, middleName=null, lastName=Alam, emailId=sarfarazalam2702@gmail.com, confirmEmailId=sarfarazalam2702@gmail.com, password=12345678, confirmPassword=12345678, mobileNo=8226854405, alternateMobileNo=8789519442, dob=Fri Feb 27 05:30:00 IST 1998, gender=male, role=Admin, isActive=null, createdDate=null, createdTime=null, modifiedDateTime=null, groupMappings=[UserGroupMapping(id=null, groupName=AA, email=null, user=null)])
2023-08-24 00:16:37.874 [http-nio-2023-exec-3] INFO  c.i.s.i.UserRegistrationServiceImpl - Group Mappings detail :GroupMappings=[UserGroupMapping(id=null, groupName=AA, email=null, user=null)]
2023-08-24 00:16:37.909 [http-nio-2023-exec-3] INFO  c.i.s.i.UserRegistrationServiceImpl - Group name  :groupName=AA
2023-08-24 00:16:37.913 [http-nio-2023-exec-3] INFO  c.i.s.impl.GroupDetailServiceImpl - Inside the method findByGroupName GroupName=AA
2023-08-24 00:16:37.940 [http-nio-2023-exec-3] INFO  com.inn.utils.RoomUtil - Inside the method validationForMobileNumber :8226854405
2023-08-24 00:16:37.947 [http-nio-2023-exec-3] INFO  com.inn.utils.RoomUtil - Inside the method validationForMobileNumber :8789519442
2023-08-24 00:16:38.102 [http-nio-2023-exec-3] INFO  c.i.s.i.UserRegistrationServiceImpl - Inside the method generateUserRegistrationReport username=sarfarazalam
2023-08-24 00:16:38.103 [http-nio-2023-exec-3] INFO  c.i.s.i.UserRegistrationServiceImpl - Inside the method generateReport username=sarfarazalam
2023-08-24 00:16:38.118 [http-nio-2023-exec-3] INFO  c.i.s.i.UserRegistrationServiceImpl - Download Path DownloadPath=C:\Final_Room_Management\Room_Management\UserRegistrationReport\202308240016\
2023-08-24 00:16:38.121 [http-nio-2023-exec-3] INFO  c.i.s.i.UserRegistrationServiceImpl - sampleFilePath Detail  SampleFilePath=C:\Final_Room_Management\Room_Management\Room_Management\target\classes\Registration.jasper
2023-08-24 00:16:38.122 [http-nio-2023-exec-3] INFO  c.i.s.i.UserRegistrationServiceImpl - Inside the method findByUsername Username=sarfarazalam
2023-08-24 00:16:38.145 [http-nio-2023-exec-3] INFO  c.i.s.i.UserRegistrationServiceImpl - UserRegistration Detail  [FAILED toString()]
2023-08-24 00:16:38.471 [http-nio-2023-exec-3] INFO  c.i.s.i.UserRegistrationServiceImpl - After set values in parameter  Parameter={active=Yes, gender=male, password=12345678, altMobileNo=8789519442, groupName=AA, firstName=Sarfaraz, lastName=Alam, mobileNo=8226854405, username=sarfarazalam, dob=1998-02-27, email=sarfarazalam2702@gmail.com, role=ADMIN, identifier=USER-1D02B7, middleName=-}
2023-08-24 00:16:40.888 [http-nio-2023-exec-3] INFO  c.i.s.i.UserRegistrationServiceImpl - Full file path and file name Full path =C:\Final_Room_Management\Room_Management\UserRegistrationReport\202308240016\sarfarazalam.pdf
2023-08-24 00:16:40.890 [http-nio-2023-exec-3] INFO  c.i.s.i.UserRegistrationServiceImpl - Inside the method CreateAttachment filepath=C:\Final_Room_Management\Room_Management\UserRegistrationReport\202308240016\sarfarazalam.pdf Identifier=USER-1D02B7
2023-08-24 00:16:40.903 [http-nio-2023-exec-3] INFO  c.i.s.i.UserRegistrationServiceImpl - Detail of files  fileName=sarfarazalam.pdf filePath=C:\Final_Room_Management\Room_Management\UserRegistrationReport\202308240016\ fileSize=510770802688
2023-08-24 00:16:40.904 [http-nio-2023-exec-3] INFO  c.i.s.impl.AttachmentServiceImpl - Inside the method create UserRegisterationAttachment=Attachment(id=null, identifier=ATT-3BEC52, userName=sarfarazalam, fileName=sarfarazalam.pdf, filePath=C:\Final_Room_Management\Room_Management\UserRegistrationReport\202308240016\, fileSize=510770802688, userIdentifier=USER-1D02B7, pidIdentifier=null, extension=pdf, createdDate=null, createdTime=null, modifiedDateTime=null)
2023-08-24 00:16:41.004 [http-nio-2023-exec-3] INFO  c.i.s.i.UserRegistrationServiceImpl - Inside the method sendEmailToUser Email=sarfarazalam2702@gmail.com FilePath=C:\Final_Room_Management\Room_Management\UserRegistrationReport\202308240016\sarfarazalam.pdf
2023-08-24 00:16:41.008 [http-nio-2023-exec-3] INFO  c.i.s.impl.EmailDetailServiceImpl - Inside the method sendMailWithAttachment of EmailDetailServiceImpl Details=EmailDetails(recipient=sarfarazalam2702@gmail.com, msgBody=Your user creation over Room Management application has been successfull.
Username : sarfarazalam
Password : 12345678

Regards.
Room Managemant, subject=Regarding New User Registration., attachment=C:\Final_Room_Management\Room_Management\UserRegistrationReport\202308240016\sarfarazalam.pdf)
2023-08-24 00:16:41.010 [http-nio-2023-exec-3] INFO  c.i.s.impl.EmailDetailServiceImpl - Value of sender and pasword :sarfarazalam1825@gmail.com yhvabyxetescsndm
2023-08-24 00:16:41.010 [http-nio-2023-exec-3] INFO  c.i.s.impl.EmailDetailServiceImpl - Iside the createSession method
2023-08-24 00:16:47.522 [http-nio-2023-exec-3] INFO  c.i.s.impl.EmailDetailServiceImpl - Email sent successfully.......
2023-08-24 00:20:32.242 [http-nio-2023-exec-7] INFO  c.i.c.i.PurchaseItemDetailControllerImpl - Inside the method create PurchaseItemDetail=PurchaseItemDetail(id=null, identifier=null, userName=sarfarazalam, emailId=null, userIdentifier=null, createdDate=null, createdTime=null, modifiedDate=null, modifiedTime=null, month=null, day=null, modeOfPayment=CASH, paymentStatus=DONE, status=null, groupName=AA, purchaseDate=2023-08-17, itemDetail=[ItemDetail(id=null, itemName=Sugar, price=50.0, quantity=1.0, unitPrice=50.0, unitOfMeasurement=kg, purchaseItemDetail=null)])
2023-08-24 00:20:32.335 [http-nio-2023-exec-7] INFO  c.i.s.i.PurchaseItemDetailServiceImpl - Inside the method create PurchaseItemDetail=PurchaseItemDetail(id=null, identifier=null, userName=sarfarazalam, emailId=null, userIdentifier=null, createdDate=null, createdTime=null, modifiedDate=null, modifiedTime=null, month=null, day=null, modeOfPayment=CASH, paymentStatus=DONE, status=null, groupName=AA, purchaseDate=2023-08-17, itemDetail=[ItemDetail(id=null, itemName=Sugar, price=50.0, quantity=1.0, unitPrice=50.0, unitOfMeasurement=kg, purchaseItemDetail=null)])
2023-08-24 00:20:32.337 [http-nio-2023-exec-7] INFO  c.i.s.i.UserRegistrationServiceImpl - Inside the method findByUsername Username=sarfarazalam
2023-08-24 00:20:32.397 [http-nio-2023-exec-7] INFO  c.i.s.impl.GroupDetailServiceImpl - Inside the method findByGroupName GroupName=AA
2023-08-24 00:20:32.505 [http-nio-2023-exec-7] INFO  c.i.s.i.PurchaseItemDetailServiceImpl - Inside the method generateReport identifier=PID-0C6358
2023-08-24 00:20:32.514 [http-nio-2023-exec-7] INFO  c.i.s.i.PurchaseItemDetailServiceImpl - Download Path DownloadPath=C:\Final_Room_Management\Room_Management\DownloadPurchaseItemReport\202308240020\
2023-08-24 00:20:32.515 [http-nio-2023-exec-7] INFO  c.i.s.i.PurchaseItemDetailServiceImpl - sampleFilePath Detail  SampleFilePath=C:\Final_Room_Management\Room_Management\Room_Management\target\classes\PurchaseItemDetail.jasper
2023-08-24 00:20:32.516 [http-nio-2023-exec-7] INFO  c.i.s.i.PurchaseItemDetailServiceImpl - Inside the method findByIdentifier Identifier=PID-0C6358
2023-08-24 00:20:32.527 [http-nio-2023-exec-7] INFO  c.i.s.i.PurchaseItemDetailServiceImpl - After set values in parameter  Parameter={userId=USER-1D02B7, modeOfPayment=CASH, purchaseId=PID-0C6358, username=sarfarazalam, purchaseDate=2023-08-17, paymentStatus=DONE, email=sarfarazalam2702@gmail.com, groupName=AA, status=Pending}
2023-08-24 00:20:32.971 [http-nio-2023-exec-7] INFO  c.i.s.i.PurchaseItemDetailServiceImpl - Full file path and file name Full path =C:\Final_Room_Management\Room_Management\DownloadPurchaseItemReport\202308240020\sarfarazalam.pdf
2023-08-24 00:20:32.972 [http-nio-2023-exec-7] INFO  c.i.s.i.PurchaseItemDetailServiceImpl - Inside the method createAttachment filepath=C:\Final_Room_Management\Room_Management\DownloadPurchaseItemReport\202308240020\sarfarazalam.pdf identifier=PID-0C6358 
2023-08-24 00:20:32.983 [http-nio-2023-exec-7] INFO  c.i.s.i.PurchaseItemDetailServiceImpl - Detail of files  fileName=sarfarazalam.pdf filePath=C:\Final_Room_Management\Room_Management\DownloadPurchaseItemReport\202308240020\ fileSize=510770802688
2023-08-24 00:20:32.983 [http-nio-2023-exec-7] INFO  c.i.s.impl.AttachmentServiceImpl - Inside the method create UserRegisterationAttachment=Attachment(id=null, identifier=null, userName=sarfarazalam, fileName=sarfarazalam.pdf, filePath=C:\Final_Room_Management\Room_Management\DownloadPurchaseItemReport\202308240020\, fileSize=510770802688, userIdentifier=USER-1D02B7, pidIdentifier=PID-0C6358, extension=pdf, createdDate=null, createdTime=null, modifiedDateTime=null)
2023-08-24 00:20:32.989 [http-nio-2023-exec-7] WARN  o.h.e.jdbc.spi.SqlExceptionHelper - SQL Error: 1062, SQLState: 23000
2023-08-24 00:20:32.990 [http-nio-2023-exec-7] ERROR o.h.e.jdbc.spi.SqlExceptionHelper - Duplicate entry 'sarfarazalam' for key 'attachment.UK_5iw1bnm103ymo5kr6d4bcnp3c'
2023-08-24 00:20:33.001 [http-nio-2023-exec-7] ERROR c.i.s.impl.AttachmentServiceImpl - Error occured due to Message=could not execute statement; SQL [n/a]; constraint [attachment.UK_5iw1bnm103ymo5kr6d4bcnp3c]; nested exception is org.hibernate.exception.ConstraintViolationException: could not execute statement :
2023-08-24 00:20:33.004 [http-nio-2023-exec-7] ERROR c.i.s.i.PurchaseItemDetailServiceImpl - Error occured due to Message=could not execute statement; SQL [n/a]; constraint [attachment.UK_5iw1bnm103ymo5kr6d4bcnp3c]; nested exception is org.hibernate.exception.ConstraintViolationException: could not execute statement :
2023-08-24 00:20:33.005 [http-nio-2023-exec-7] ERROR c.i.c.i.PurchaseItemDetailControllerImpl - Error occured due to Message=could not execute statement; SQL [n/a]; constraint [attachment.UK_5iw1bnm103ymo5kr6d4bcnp3c]; nested exception is org.hibernate.exception.ConstraintViolationException: could not execute statement :
2023-08-24 00:20:33.009 [http-nio-2023-exec-7] ERROR o.a.c.c.C.[.[.[.[dispatcherServlet] - Servlet.service() for servlet [dispatcherServlet] in context with path [] threw exception [Request processing failed; nested exception is org.springframework.dao.DataIntegrityViolationException: could not execute statement; SQL [n/a]; constraint [attachment.UK_5iw1bnm103ymo5kr6d4bcnp3c]; nested exception is org.hibernate.exception.ConstraintViolationException: could not execute statement] with root cause
java.sql.SQLIntegrityConstraintViolationException: Duplicate entry 'sarfarazalam' for key 'attachment.UK_5iw1bnm103ymo5kr6d4bcnp3c'
	at com.mysql.cj.jdbc.exceptions.SQLError.createSQLException(SQLError.java:117)
	at com.mysql.cj.jdbc.exceptions.SQLExceptionsMapping.translateException(SQLExceptionsMapping.java:122)
	at com.mysql.cj.jdbc.ClientPreparedStatement.executeInternal(ClientPreparedStatement.java:916)
	at com.mysql.cj.jdbc.ClientPreparedStatement.executeUpdateInternal(ClientPreparedStatement.java:1061)
	at com.mysql.cj.jdbc.ClientPreparedStatement.executeUpdateInternal(ClientPreparedStatement.java:1009)
	at com.mysql.cj.jdbc.ClientPreparedStatement.executeLargeUpdate(ClientPreparedStatement.java:1320)
	at com.mysql.cj.jdbc.ClientPreparedStatement.executeUpdate(ClientPreparedStatement.java:994)
	at com.zaxxer.hikari.pool.ProxyPreparedStatement.executeUpdate(ProxyPreparedStatement.java:61)
	at com.zaxxer.hikari.pool.HikariProxyPreparedStatement.executeUpdate(HikariProxyPreparedStatement.java)
	at org.hibernate.engine.jdbc.internal.ResultSetReturnImpl.executeUpdate(ResultSetReturnImpl.java:197)
	at org.hibernate.dialect.identity.GetGeneratedKeysDelegate.executeAndExtract(GetGeneratedKeysDelegate.java:58)
	at org.hibernate.id.insert.AbstractReturningDelegate.performInsert(AbstractReturningDelegate.java:43)
	at org.hibernate.persister.entity.AbstractEntityPersister.insert(AbstractEntityPersister.java:3279)
	at org.hibernate.persister.entity.AbstractEntityPersister.insert(AbstractEntityPersister.java:3914)
	at org.hibernate.action.internal.EntityIdentityInsertAction.execute(EntityIdentityInsertAction.java:84)
	at org.hibernate.engine.spi.ActionQueue.execute(ActionQueue.java:645)
	at org.hibernate.engine.spi.ActionQueue.addResolvedEntityInsertAction(ActionQueue.java:282)
	at org.hibernate.engine.spi.ActionQueue.addInsertAction(ActionQueue.java:263)
	at org.hibernate.engine.spi.ActionQueue.addAction(ActionQueue.java:317)
	at org.hibernate.event.internal.AbstractSaveEventListener.addInsertAction(AbstractSaveEventListener.java:329)
	at org.hibernate.event.internal.AbstractSaveEventListener.performSaveOrReplicate(AbstractSaveEventListener.java:286)
	at org.hibernate.event.internal.AbstractSaveEventListener.performSave(AbstractSaveEventListener.java:192)
	at org.hibernate.event.internal.AbstractSaveEventListener.saveWithGeneratedId(AbstractSaveEventListener.java:122)
	at org.hibernate.event.internal.DefaultPersistEventListener.entityIsTransient(DefaultPersistEventListener.java:185)
	at org.hibernate.event.internal.DefaultPersistEventListener.onPersist(DefaultPersistEventListener.java:128)
	at org.hibernate.event.internal.DefaultPersistEventListener.onPersist(DefaultPersistEventListener.java:55)
	at org.hibernate.event.service.internal.EventListenerGroupImpl.fireEventOnEachListener(EventListenerGroupImpl.java:107)
	at org.hibernate.internal.SessionImpl.firePersist(SessionImpl.java:756)
	at org.hibernate.internal.SessionImpl.persist(SessionImpl.java:742)
	at java.base/jdk.internal.reflect.NativeMethodAccessorImpl.invoke0(Native Method)
	at java.base/jdk.internal.reflect.NativeMethodAccessorImpl.invoke(NativeMethodAccessorImpl.java:62)
	at java.base/jdk.internal.reflect.DelegatingMethodAccessorImpl.invoke(DelegatingMethodAccessorImpl.java:43)
	at java.base/java.lang.reflect.Method.invoke(Method.java:566)
	at org.springframework.orm.jpa.ExtendedEntityManagerCreator$ExtendedEntityManagerInvocationHandler.invoke(ExtendedEntityManagerCreator.java:362)
	at com.sun.proxy.$Proxy131.persist(Unknown Source)
	at java.base/jdk.internal.reflect.NativeMethodAccessorImpl.invoke0(Native Method)
	at java.base/jdk.internal.reflect.NativeMethodAccessorImpl.invoke(NativeMethodAccessorImpl.java:62)
	at java.base/jdk.internal.reflect.DelegatingMethodAccessorImpl.invoke(DelegatingMethodAccessorImpl.java:43)
	at java.base/java.lang.reflect.Method.invoke(Method.java:566)
	at org.springframework.orm.jpa.SharedEntityManagerCreator$SharedEntityManagerInvocationHandler.invoke(SharedEntityManagerCreator.java:315)
	at com.sun.proxy.$Proxy131.persist(Unknown Source)
	at org.springframework.data.jpa.repository.support.SimpleJpaRepository.save(SimpleJpaRepository.java:666)
	at java.base/jdk.internal.reflect.NativeMethodAccessorImpl.invoke0(Native Method)
	at java.base/jdk.internal.reflect.NativeMethodAccessorImpl.invoke(NativeMethodAccessorImpl.java:62)
	at java.base/jdk.internal.reflect.DelegatingMethodAccessorImpl.invoke(DelegatingMethodAccessorImpl.java:43)
	at java.base/java.lang.reflect.Method.invoke(Method.java:566)
	at org.springframework.data.repository.core.support.RepositoryMethodInvoker$RepositoryFragmentMethodInvoker.lambda$new$0(RepositoryMethodInvoker.java:289)
	at org.springframework.data.repository.core.support.RepositoryMethodInvoker.doInvoke(RepositoryMethodInvoker.java:137)
	at org.springframework.data.repository.core.support.RepositoryMethodInvoker.invoke(RepositoryMethodInvoker.java:121)
	at org.springframework.data.repository.core.support.RepositoryComposition$RepositoryFragments.invoke(RepositoryComposition.java:530)
	at org.springframework.data.repository.core.support.RepositoryComposition.invoke(RepositoryComposition.java:286)
	at org.springframework.data.repository.core.support.RepositoryFactorySupport$ImplementationMethodExecutionInterceptor.invoke(RepositoryFactorySupport.java:640)
	at org.springframework.aop.framework.ReflectiveMethodInvocation.proceed(ReflectiveMethodInvocation.java:186)
	at org.springframework.data.repository.core.support.QueryExecutorMethodInterceptor.doInvoke(QueryExecutorMethodInterceptor.java:164)
	at org.springframework.data.repository.core.support.QueryExecutorMethodInterceptor.invoke(QueryExecutorMethodInterceptor.java:139)
	at org.springframework.aop.framework.ReflectiveMethodInvocation.proceed(ReflectiveMethodInvocation.java:186)
	at org.springframework.data.projection.DefaultMethodInvokingMethodInterceptor.invoke(DefaultMethodInvokingMethodInterceptor.java:76)
	at org.springframework.aop.framework.ReflectiveMethodInvocation.proceed(ReflectiveMethodInvocation.java:186)
	at org.springframework.transaction.interceptor.TransactionInterceptor$1.proceedWithInvocation(TransactionInterceptor.java:123)
	at org.springframework.transaction.interceptor.TransactionAspectSupport.invokeWithinTransaction(TransactionAspectSupport.java:388)
	at org.springframework.transaction.interceptor.TransactionInterceptor.invoke(TransactionInterceptor.java:119)
	at org.springframework.aop.framework.ReflectiveMethodInvocation.proceed(ReflectiveMethodInvocation.java:186)
	at org.springframework.dao.support.PersistenceExceptionTranslationInterceptor.invoke(PersistenceExceptionTranslationInterceptor.java:137)
	at org.springframework.aop.framework.ReflectiveMethodInvocation.proceed(ReflectiveMethodInvocation.java:186)
	at org.springframework.data.jpa.repository.support.CrudMethodMetadataPostProcessor$CrudMethodMetadataPopulatingMethodInterceptor.invoke(CrudMethodMetadataPostProcessor.java:174)
	at org.springframework.aop.framework.ReflectiveMethodInvocation.proceed(ReflectiveMethodInvocation.java:186)
	at org.springframework.aop.interceptor.ExposeInvocationInterceptor.invoke(ExposeInvocationInterceptor.java:97)
	at org.springframework.aop.framework.ReflectiveMethodInvocation.proceed(ReflectiveMethodInvocation.java:186)
	at org.springframework.aop.framework.JdkDynamicAopProxy.invoke(JdkDynamicAopProxy.java:241)
	at com.sun.proxy.$Proxy136.save(Unknown Source)
	at com.inn.service.impl.AttachmentServiceImpl.create(AttachmentServiceImpl.java:32)
	at com.inn.service.impl.PurchaseItemDetailServiceImpl.createAttachment(PurchaseItemDetailServiceImpl.java:112)
	at com.inn.service.impl.PurchaseItemDetailServiceImpl.create(PurchaseItemDetailServiceImpl.java:85)
	at com.inn.controller.impl.PurchaseItemDetailControllerImpl.create(PurchaseItemDetailControllerImpl.java:29)
	at java.base/jdk.internal.reflect.NativeMethodAccessorImpl.invoke0(Native Method)
	at java.base/jdk.internal.reflect.NativeMethodAccessorImpl.invoke(NativeMethodAccessorImpl.java:62)
	at java.base/jdk.internal.reflect.DelegatingMethodAccessorImpl.invoke(DelegatingMethodAccessorImpl.java:43)
	at java.base/java.lang.reflect.Method.invoke(Method.java:566)
	at org.springframework.web.method.support.InvocableHandlerMethod.doInvoke(InvocableHandlerMethod.java:205)
	at org.springframework.web.method.support.InvocableHandlerMethod.invokeForRequest(InvocableHandlerMethod.java:150)
	at org.springframework.web.servlet.mvc.method.annotation.ServletInvocableHandlerMethod.invokeAndHandle(ServletInvocableHandlerMethod.java:117)
	at org.springframework.web.servlet.mvc.method.annotation.RequestMappingHandlerAdapter.invokeHandlerMethod(RequestMappingHandlerAdapter.java:895)
	at org.springframework.web.servlet.mvc.method.annotation.RequestMappingHandlerAdapter.handleInternal(RequestMappingHandlerAdapter.java:808)
	at org.springframework.web.servlet.mvc.method.AbstractHandlerMethodAdapter.handle(AbstractHandlerMethodAdapter.java:87)
	at org.springframework.web.servlet.DispatcherServlet.doDispatch(DispatcherServlet.java:1072)
	at org.springframework.web.servlet.DispatcherServlet.doService(DispatcherServlet.java:965)
	at org.springframework.web.servlet.FrameworkServlet.processRequest(FrameworkServlet.java:1006)
	at org.springframework.web.servlet.FrameworkServlet.doPost(FrameworkServlet.java:909)
	at javax.servlet.http.HttpServlet.service(HttpServlet.java:555)
	at org.springframework.web.servlet.FrameworkServlet.service(FrameworkServlet.java:883)
	at javax.servlet.http.HttpServlet.service(HttpServlet.java:623)
	at org.apache.catalina.core.ApplicationFilterChain.internalDoFilter(ApplicationFilterChain.java:209)
	at org.apache.catalina.core.ApplicationFilterChain.doFilter(ApplicationFilterChain.java:153)
	at org.apache.tomcat.websocket.server.WsFilter.doFilter(WsFilter.java:51)
	at org.apache.catalina.core.ApplicationFilterChain.internalDoFilter(ApplicationFilterChain.java:178)
	at org.apache.catalina.core.ApplicationFilterChain.doFilter(ApplicationFilterChain.java:153)
	at org.springframework.web.filter.RequestContextFilter.doFilterInternal(RequestContextFilter.java:100)
	at org.springframework.web.filter.OncePerRequestFilter.doFilter(OncePerRequestFilter.java:117)
	at org.apache.catalina.core.ApplicationFilterChain.internalDoFilter(ApplicationFilterChain.java:178)
	at org.apache.catalina.core.ApplicationFilterChain.doFilter(ApplicationFilterChain.java:153)
	at org.springframework.web.filter.FormContentFilter.doFilterInternal(FormContentFilter.java:93)
	at org.springframework.web.filter.OncePerRequestFilter.doFilter(OncePerRequestFilter.java:117)
	at org.apache.catalina.core.ApplicationFilterChain.internalDoFilter(ApplicationFilterChain.java:178)
	at org.apache.catalina.core.ApplicationFilterChain.doFilter(ApplicationFilterChain.java:153)
	at org.springframework.boot.actuate.metrics.web.servlet.WebMvcMetricsFilter.doFilterInternal(WebMvcMetricsFilter.java:96)
	at org.springframework.web.filter.OncePerRequestFilter.doFilter(OncePerRequestFilter.java:117)
	at org.apache.catalina.core.ApplicationFilterChain.internalDoFilter(ApplicationFilterChain.java:178)
	at org.apache.catalina.core.ApplicationFilterChain.doFilter(ApplicationFilterChain.java:153)
	at org.springframework.web.filter.CharacterEncodingFilter.doFilterInternal(CharacterEncodingFilter.java:201)
	at org.springframework.web.filter.OncePerRequestFilter.doFilter(OncePerRequestFilter.java:117)
	at org.apache.catalina.core.ApplicationFilterChain.internalDoFilter(ApplicationFilterChain.java:178)
	at org.apache.catalina.core.ApplicationFilterChain.doFilter(ApplicationFilterChain.java:153)
	at org.apache.catalina.core.StandardWrapperValve.invoke(StandardWrapperValve.java:167)
	at org.apache.catalina.core.StandardContextValve.invoke(StandardContextValve.java:90)
	at org.apache.catalina.authenticator.AuthenticatorBase.invoke(AuthenticatorBase.java:481)
	at org.apache.catalina.core.StandardHostValve.invoke(StandardHostValve.java:130)
	at org.apache.catalina.valves.ErrorReportValve.invoke(ErrorReportValve.java:93)
	at org.apache.catalina.core.StandardEngineValve.invoke(StandardEngineValve.java:74)
	at org.apache.catalina.connector.CoyoteAdapter.service(CoyoteAdapter.java:343)
	at org.apache.coyote.http11.Http11Processor.service(Http11Processor.java:390)
	at org.apache.coyote.AbstractProcessorLight.process(AbstractProcessorLight.java:63)
	at org.apache.coyote.AbstractProtocol$ConnectionHandler.process(AbstractProtocol.java:926)
	at org.apache.tomcat.util.net.NioEndpoint$SocketProcessor.doRun(NioEndpoint.java:1791)
	at org.apache.tomcat.util.net.SocketProcessorBase.run(SocketProcessorBase.java:52)
	at org.apache.tomcat.util.threads.ThreadPoolExecutor.runWorker(ThreadPoolExecutor.java:1191)
	at org.apache.tomcat.util.threads.ThreadPoolExecutor$Worker.run(ThreadPoolExecutor.java:659)
	at org.apache.tomcat.util.threads.TaskThread$WrappingRunnable.run(TaskThread.java:61)
	at java.base/java.lang.Thread.run(Thread.java:834)
2023-08-24 00:21:29.747 [File Watcher] INFO  o.s.b.d.a.LocalDevToolsAutoConfiguration$RestartingClassPathChangeChangedEventListener - Restarting due to 6 class path changes (0 additions, 0 deletions, 6 modifications)
2023-08-24 00:21:34.967 [Thread-5] INFO  o.a.coyote.http11.Http11NioProtocol - Pausing ProtocolHandler ["http-nio-2023"]
2023-08-24 00:21:34.968 [Thread-5] INFO  o.a.catalina.core.StandardService - Stopping service [Tomcat]
2023-08-24 00:21:34.972 [Thread-5] INFO  o.a.c.c.C.[Tomcat].[localhost].[/] - Destroying Spring FrameworkServlet 'dispatcherServlet'
2023-08-24 00:21:34.980 [Thread-5] INFO  o.a.coyote.http11.Http11NioProtocol - Stopping ProtocolHandler ["http-nio-2023"]
2023-08-24 00:21:34.985 [Thread-5] INFO  o.a.coyote.http11.Http11NioProtocol - Destroying ProtocolHandler ["http-nio-2023"]
2023-08-24 00:21:35.026 [Thread-5] INFO  o.s.o.j.LocalContainerEntityManagerFactoryBean - Closing JPA EntityManagerFactory for persistence unit 'default'
2023-08-24 00:21:35.036 [Thread-5] INFO  com.zaxxer.hikari.HikariDataSource - HikariPool-1 - Shutdown initiated...
2023-08-24 00:21:35.063 [Thread-5] INFO  com.zaxxer.hikari.HikariDataSource - HikariPool-1 - Shutdown completed.
2023-08-24 00:21:35.315 [restartedMain] INFO  com.inn.RoomManagementApplication - Starting RoomManagementApplication using Java 11.0.12 on RINIPC583 with PID 11936 (C:\Final_Room_Management\Room_Management\Room_Management\target\classes started by sarfaraz.alam in C:\Final_Room_Management\Room_Management\Room_Management)
2023-08-24 00:21:35.317 [restartedMain] INFO  com.inn.RoomManagementApplication - No active profile set, falling back to 1 default profile: "default"
2023-08-24 00:21:36.401 [restartedMain] INFO  o.s.d.r.c.RepositoryConfigurationDelegate - Bootstrapping Spring Data JPA repositories in DEFAULT mode.
2023-08-24 00:21:36.584 [restartedMain] INFO  o.s.d.r.c.RepositoryConfigurationDelegate - Finished Spring Data repository scanning in 182 ms. Found 8 JPA repository interfaces.
2023-08-24 00:21:36.834 [restartedMain] INFO  o.s.b.w.e.tomcat.TomcatWebServer - Tomcat initialized with port(s): 2023 (http)
2023-08-24 00:21:36.835 [restartedMain] INFO  o.a.coyote.http11.Http11NioProtocol - Initializing ProtocolHandler ["http-nio-2023"]
2023-08-24 00:21:36.836 [restartedMain] INFO  o.a.catalina.core.StandardService - Starting service [Tomcat]
2023-08-24 00:21:36.837 [restartedMain] INFO  o.a.catalina.core.StandardEngine - Starting Servlet engine: [Apache Tomcat/9.0.78]
2023-08-24 00:21:36.927 [restartedMain] INFO  o.a.c.c.C.[Tomcat].[localhost].[/] - Initializing Spring embedded WebApplicationContext
2023-08-24 00:21:36.929 [restartedMain] INFO  o.s.b.w.s.c.ServletWebServerApplicationContext - Root WebApplicationContext: initialization completed in 1603 ms
2023-08-24 00:21:37.103 [restartedMain] INFO  o.h.jpa.internal.util.LogHelper - HHH000204: Processing PersistenceUnitInfo [name: default]
2023-08-24 00:21:37.123 [restartedMain] INFO  com.zaxxer.hikari.HikariDataSource - HikariPool-2 - Starting...
2023-08-24 00:21:37.190 [restartedMain] INFO  com.zaxxer.hikari.HikariDataSource - HikariPool-2 - Start completed.
2023-08-24 00:21:37.191 [restartedMain] INFO  org.hibernate.dialect.Dialect - HHH000400: Using dialect: org.hibernate.dialect.MySQL5InnoDBDialect
2023-08-24 00:21:37.688 [restartedMain] INFO  o.h.e.t.j.p.i.JtaPlatformInitiator - HHH000490: Using JtaPlatform implementation: [org.hibernate.engine.transaction.jta.platform.internal.NoJtaPlatform]
2023-08-24 00:21:37.689 [restartedMain] INFO  o.s.o.j.LocalContainerEntityManagerFactoryBean - Initialized JPA EntityManagerFactory for persistence unit 'default'
2023-08-24 00:21:38.373 [restartedMain] WARN  o.s.b.a.o.j.JpaBaseConfiguration$JpaWebConfiguration - spring.jpa.open-in-view is enabled by default. Therefore, database queries may be performed during view rendering. Explicitly configure spring.jpa.open-in-view to disable this warning
2023-08-24 00:21:38.831 [restartedMain] INFO  o.s.b.d.a.OptionalLiveReloadServer - LiveReload server is running on port 35729
2023-08-24 00:21:38.842 [restartedMain] INFO  o.s.b.a.e.web.EndpointLinksResolver - Exposing 1 endpoint(s) beneath base path '/actuator'
2023-08-24 00:21:38.876 [restartedMain] INFO  o.a.coyote.http11.Http11NioProtocol - Starting ProtocolHandler ["http-nio-2023"]
2023-08-24 00:21:38.885 [restartedMain] INFO  o.s.b.w.e.tomcat.TomcatWebServer - Tomcat started on port(s): 2023 (http) with context path ''
2023-08-24 00:21:38.912 [restartedMain] INFO  com.inn.RoomManagementApplication - Started RoomManagementApplication in 3.713 seconds (JVM running for 441.262)
2023-08-24 00:21:38.918 [restartedMain] INFO  o.s.b.d.a.ConditionEvaluationDeltaLoggingListener - Condition evaluation unchanged
2023-08-24 00:27:53.496 [http-nio-2023-exec-1] INFO  o.a.c.c.C.[Tomcat].[localhost].[/] - Initializing Spring DispatcherServlet 'dispatcherServlet'
2023-08-24 00:27:53.500 [http-nio-2023-exec-1] INFO  o.s.web.servlet.DispatcherServlet - Initializing Servlet 'dispatcherServlet'
2023-08-24 00:27:53.507 [http-nio-2023-exec-1] INFO  o.s.web.servlet.DispatcherServlet - Completed initialization in 5 ms
2023-08-24 00:27:53.533 [http-nio-2023-exec-1] INFO  c.i.c.i.PurchaseItemDetailControllerImpl - Inside the method create PurchaseItemDetail=PurchaseItemDetail(id=null, identifier=null, userName=sarfarazalam, emailId=null, userIdentifier=null, createdDate=null, createdTime=null, modifiedDate=null, modifiedTime=null, month=null, day=null, modeOfPayment=CASH, paymentStatus=DONE, status=null, groupName=AA, purchaseDate=2023-08-17, itemDetail=[ItemDetail(id=null, itemName=Sugar, price=50.0, quantity=1.0, unitPrice=50.0, unitOfMeasurement=kg, purchaseItemDetail=null)])
2023-08-24 00:27:53.540 [http-nio-2023-exec-1] INFO  c.i.s.i.PurchaseItemDetailServiceImpl - Inside the method create PurchaseItemDetail=PurchaseItemDetail(id=null, identifier=null, userName=sarfarazalam, emailId=null, userIdentifier=null, createdDate=null, createdTime=null, modifiedDate=null, modifiedTime=null, month=null, day=null, modeOfPayment=CASH, paymentStatus=DONE, status=null, groupName=AA, purchaseDate=2023-08-17, itemDetail=[ItemDetail(id=null, itemName=Sugar, price=50.0, quantity=1.0, unitPrice=50.0, unitOfMeasurement=kg, purchaseItemDetail=null)])
2023-08-24 00:27:53.561 [http-nio-2023-exec-1] INFO  c.i.s.i.UserRegistrationServiceImpl - Inside the method findByUsername Username=sarfarazalam
2023-08-24 00:27:53.585 [http-nio-2023-exec-1] INFO  c.i.s.impl.GroupDetailServiceImpl - Inside the method findByGroupName GroupName=AA
2023-08-24 00:27:53.673 [http-nio-2023-exec-1] INFO  c.i.s.i.PurchaseItemDetailServiceImpl - Inside the method generateReport identifier=PID-9C7A24
2023-08-24 00:27:53.678 [http-nio-2023-exec-1] INFO  c.i.s.i.PurchaseItemDetailServiceImpl - Download Path DownloadPath=C:\Final_Room_Management\Room_Management\DownloadPurchaseItemReport\202308240027\
2023-08-24 00:27:53.681 [http-nio-2023-exec-1] INFO  c.i.s.i.PurchaseItemDetailServiceImpl - sampleFilePath Detail  SampleFilePath=C:\Final_Room_Management\Room_Management\Room_Management\target\classes\PurchaseItemDetail.jasper
2023-08-24 00:27:53.683 [http-nio-2023-exec-1] INFO  c.i.s.i.PurchaseItemDetailServiceImpl - Inside the method findByIdentifier Identifier=PID-9C7A24
2023-08-24 00:27:53.692 [http-nio-2023-exec-1] INFO  c.i.s.i.PurchaseItemDetailServiceImpl - After set values in parameter  Parameter={userId=USER-1D02B7, modeOfPayment=CASH, purchaseId=PID-9C7A24, username=sarfarazalam, purchaseDate=2023-08-17, paymentStatus=DONE, email=sarfarazalam2702@gmail.com, groupName=AA, status=Pending}
2023-08-24 00:27:54.065 [http-nio-2023-exec-1] INFO  c.i.s.i.PurchaseItemDetailServiceImpl - Full file path and file name Full path =C:\Final_Room_Management\Room_Management\DownloadPurchaseItemReport\202308240027\sarfarazalam.pdf
2023-08-24 00:27:54.066 [http-nio-2023-exec-1] INFO  c.i.s.i.PurchaseItemDetailServiceImpl - Inside the method createAttachment filepath=C:\Final_Room_Management\Room_Management\DownloadPurchaseItemReport\202308240027\sarfarazalam.pdf identifier=PID-9C7A24 
2023-08-24 00:27:54.076 [http-nio-2023-exec-1] INFO  c.i.s.i.PurchaseItemDetailServiceImpl - Detail of files  fileName=sarfarazalam.pdf filePath=C:\Final_Room_Management\Room_Management\DownloadPurchaseItemReport\202308240027\ fileSize=510770802688
2023-08-24 00:27:54.077 [http-nio-2023-exec-1] INFO  c.i.s.impl.AttachmentServiceImpl - Inside the method create UserRegisterationAttachment=Attachment(id=null, identifier=null, userName=sarfarazalam, fileName=sarfarazalam.pdf, filePath=C:\Final_Room_Management\Room_Management\DownloadPurchaseItemReport\202308240027\, fileSize=510770802688, userIdentifier=USER-1D02B7, pidIdentifier=PID-9C7A24, extension=pdf, createdDate=null, createdTime=null, modifiedDateTime=null)
2023-08-24 00:32:23.459 [http-nio-2023-exec-3] INFO  c.i.c.i.PurchaseItemDetailControllerImpl - Inside the method create PurchaseItemDetail=PurchaseItemDetail(id=null, identifier=null, userName=sarfarazalam, emailId=null, userIdentifier=null, createdDate=null, createdTime=null, modifiedDate=null, modifiedTime=null, month=null, day=null, modeOfPayment=CASH, paymentStatus=DONE, status=null, groupName=AA, purchaseDate=2023-08-17, itemDetail=[ItemDetail(id=null, itemName=Sugar, price=50.0, quantity=1.0, unitPrice=50.0, unitOfMeasurement=kg, purchaseItemDetail=null), ItemDetail(id=null, itemName=BISCUIT, price=50.0, quantity=5.0, unitPrice=10.0, unitOfMeasurement=Packet, purchaseItemDetail=null), ItemDetail(id=null, itemName=Oil, price=150.0, quantity=1.0, unitPrice=150.0, unitOfMeasurement=litre, purchaseItemDetail=null)])
2023-08-24 00:32:23.464 [http-nio-2023-exec-3] INFO  c.i.s.i.PurchaseItemDetailServiceImpl - Inside the method create PurchaseItemDetail=PurchaseItemDetail(id=null, identifier=null, userName=sarfarazalam, emailId=null, userIdentifier=null, createdDate=null, createdTime=null, modifiedDate=null, modifiedTime=null, month=null, day=null, modeOfPayment=CASH, paymentStatus=DONE, status=null, groupName=AA, purchaseDate=2023-08-17, itemDetail=[ItemDetail(id=null, itemName=Sugar, price=50.0, quantity=1.0, unitPrice=50.0, unitOfMeasurement=kg, purchaseItemDetail=null), ItemDetail(id=null, itemName=BISCUIT, price=50.0, quantity=5.0, unitPrice=10.0, unitOfMeasurement=Packet, purchaseItemDetail=null), ItemDetail(id=null, itemName=Oil, price=150.0, quantity=1.0, unitPrice=150.0, unitOfMeasurement=litre, purchaseItemDetail=null)])
2023-08-24 00:32:23.465 [http-nio-2023-exec-3] INFO  c.i.s.i.UserRegistrationServiceImpl - Inside the method findByUsername Username=sarfarazalam
2023-08-24 00:32:23.477 [http-nio-2023-exec-3] INFO  c.i.s.impl.GroupDetailServiceImpl - Inside the method findByGroupName GroupName=AA
2023-08-24 00:32:23.523 [http-nio-2023-exec-3] INFO  c.i.s.i.PurchaseItemDetailServiceImpl - Inside the method generateReport identifier=PID-CFB1BE
2023-08-24 00:32:23.526 [http-nio-2023-exec-3] INFO  c.i.s.i.PurchaseItemDetailServiceImpl - Download Path DownloadPath=C:\Final_Room_Management\Room_Management\DownloadPurchaseItemReport\202308240032\
2023-08-24 00:32:23.527 [http-nio-2023-exec-3] INFO  c.i.s.i.PurchaseItemDetailServiceImpl - sampleFilePath Detail  SampleFilePath=C:\Final_Room_Management\Room_Management\Room_Management\target\classes\PurchaseItemDetail.jasper
2023-08-24 00:32:23.527 [http-nio-2023-exec-3] INFO  c.i.s.i.PurchaseItemDetailServiceImpl - Inside the method findByIdentifier Identifier=PID-CFB1BE
2023-08-24 00:32:23.531 [http-nio-2023-exec-3] INFO  c.i.s.i.PurchaseItemDetailServiceImpl - After set values in parameter  Parameter={userId=USER-1D02B7, modeOfPayment=CASH, purchaseId=PID-CFB1BE, username=sarfarazalam, purchaseDate=2023-08-17, paymentStatus=DONE, email=sarfarazalam2702@gmail.com, groupName=AA, status=Pending}
2023-08-24 00:32:23.805 [http-nio-2023-exec-3] INFO  c.i.s.i.PurchaseItemDetailServiceImpl - Full file path and file name Full path =C:\Final_Room_Management\Room_Management\DownloadPurchaseItemReport\202308240032\sarfarazalam.pdf
2023-08-24 00:32:23.806 [http-nio-2023-exec-3] INFO  c.i.s.i.PurchaseItemDetailServiceImpl - Inside the method createAttachment filepath=C:\Final_Room_Management\Room_Management\DownloadPurchaseItemReport\202308240032\sarfarazalam.pdf identifier=PID-CFB1BE 
2023-08-24 00:32:23.813 [http-nio-2023-exec-3] INFO  c.i.s.i.PurchaseItemDetailServiceImpl - Detail of files  fileName=sarfarazalam.pdf filePath=C:\Final_Room_Management\Room_Management\DownloadPurchaseItemReport\202308240032\ fileSize=510770802688
2023-08-24 00:32:23.814 [http-nio-2023-exec-3] INFO  c.i.s.impl.AttachmentServiceImpl - Inside the method create UserRegisterationAttachment=Attachment(id=null, identifier=null, userName=sarfarazalam, fileName=sarfarazalam.pdf, filePath=C:\Final_Room_Management\Room_Management\DownloadPurchaseItemReport\202308240032\, fileSize=510770802688, userIdentifier=USER-1D02B7, pidIdentifier=PID-CFB1BE, extension=pdf, createdDate=null, createdTime=null, modifiedDateTime=null)
2023-08-24 21:32:12.727 [background-preinit] INFO  o.h.validator.internal.util.Version - HV000001: Hibernate Validator 6.2.5.Final
2023-08-24 21:32:12.770 [restartedMain] INFO  com.inn.RoomManagementApplication - Starting RoomManagementApplication using Java 11.0.12 on RINIPC583 with PID 18260 (C:\Final_Room_Management\Room_Management\Room_Management\target\classes started by sarfaraz.alam in C:\Final_Room_Management\Room_Management\Room_Management)
2023-08-24 21:32:12.774 [restartedMain] INFO  com.inn.RoomManagementApplication - No active profile set, falling back to 1 default profile: "default"
2023-08-24 21:32:12.896 [restartedMain] INFO  o.s.b.d.e.DevToolsPropertyDefaultsPostProcessor - Devtools property defaults active! Set 'spring.devtools.add-properties' to 'false' to disable
2023-08-24 21:32:12.897 [restartedMain] INFO  o.s.b.d.e.DevToolsPropertyDefaultsPostProcessor - For additional web related logging consider setting the 'logging.level.web' property to 'DEBUG'
2023-08-24 21:32:15.239 [restartedMain] INFO  o.s.d.r.c.RepositoryConfigurationDelegate - Bootstrapping Spring Data JPA repositories in DEFAULT mode.
2023-08-24 21:32:15.569 [restartedMain] INFO  o.s.d.r.c.RepositoryConfigurationDelegate - Finished Spring Data repository scanning in 308 ms. Found 8 JPA repository interfaces.
2023-08-24 21:32:24.506 [restartedMain] INFO  o.s.b.w.e.tomcat.TomcatWebServer - Tomcat initialized with port(s): 2023 (http)
2023-08-24 21:32:24.543 [restartedMain] INFO  o.a.coyote.http11.Http11NioProtocol - Initializing ProtocolHandler ["http-nio-2023"]
2023-08-24 21:32:24.565 [restartedMain] INFO  o.a.catalina.core.StandardService - Starting service [Tomcat]
2023-08-24 21:32:24.567 [restartedMain] INFO  o.a.catalina.core.StandardEngine - Starting Servlet engine: [Apache Tomcat/9.0.78]
2023-08-24 21:32:24.952 [restartedMain] INFO  o.a.c.c.C.[Tomcat].[localhost].[/] - Initializing Spring embedded WebApplicationContext
2023-08-24 21:32:24.953 [restartedMain] INFO  o.s.b.w.s.c.ServletWebServerApplicationContext - Root WebApplicationContext: initialization completed in 12055 ms
2023-08-24 21:32:25.541 [restartedMain] INFO  o.h.jpa.internal.util.LogHelper - HHH000204: Processing PersistenceUnitInfo [name: default]
2023-08-24 21:32:25.767 [restartedMain] INFO  org.hibernate.Version - HHH000412: Hibernate ORM core version 5.6.15.Final
2023-08-24 21:32:26.133 [restartedMain] INFO  o.h.annotations.common.Version - HCANN000001: Hibernate Commons Annotations {5.1.2.Final}
2023-08-24 21:32:26.427 [restartedMain] INFO  com.zaxxer.hikari.HikariDataSource - HikariPool-1 - Starting...
2023-08-24 21:32:27.292 [restartedMain] INFO  com.zaxxer.hikari.HikariDataSource - HikariPool-1 - Start completed.
2023-08-24 21:32:27.356 [restartedMain] INFO  org.hibernate.dialect.Dialect - HHH000400: Using dialect: org.hibernate.dialect.MySQL5InnoDBDialect
2023-08-24 21:32:29.747 [restartedMain] INFO  o.h.e.t.j.p.i.JtaPlatformInitiator - HHH000490: Using JtaPlatform implementation: [org.hibernate.engine.transaction.jta.platform.internal.NoJtaPlatform]
2023-08-24 21:32:29.777 [restartedMain] INFO  o.s.o.j.LocalContainerEntityManagerFactoryBean - Initialized JPA EntityManagerFactory for persistence unit 'default'
2023-08-24 21:32:31.888 [restartedMain] WARN  o.s.b.a.o.j.JpaBaseConfiguration$JpaWebConfiguration - spring.jpa.open-in-view is enabled by default. Therefore, database queries may be performed during view rendering. Explicitly configure spring.jpa.open-in-view to disable this warning
2023-08-24 21:32:33.192 [restartedMain] INFO  o.s.b.d.a.OptionalLiveReloadServer - LiveReload server is running on port 35729
2023-08-24 21:32:33.209 [restartedMain] INFO  o.s.b.a.e.web.EndpointLinksResolver - Exposing 1 endpoint(s) beneath base path '/actuator'
2023-08-24 21:32:33.265 [restartedMain] INFO  o.a.coyote.http11.Http11NioProtocol - Starting ProtocolHandler ["http-nio-2023"]
2023-08-24 21:32:33.346 [restartedMain] INFO  o.s.b.w.e.tomcat.TomcatWebServer - Tomcat started on port(s): 2023 (http) with context path ''
2023-08-24 21:32:33.389 [restartedMain] INFO  com.inn.RoomManagementApplication - Started RoomManagementApplication in 21.904 seconds (JVM running for 24.236)
2023-08-24 21:32:51.548 [http-nio-2023-exec-1] INFO  o.a.c.c.C.[Tomcat].[localhost].[/] - Initializing Spring DispatcherServlet 'dispatcherServlet'
2023-08-24 21:32:51.549 [http-nio-2023-exec-1] INFO  o.s.web.servlet.DispatcherServlet - Initializing Servlet 'dispatcherServlet'
2023-08-24 21:32:51.554 [http-nio-2023-exec-1] INFO  o.s.web.servlet.DispatcherServlet - Completed initialization in 5 ms
2023-08-24 21:32:51.839 [http-nio-2023-exec-1] WARN  o.s.w.s.m.s.DefaultHandlerExceptionResolver - Resolved [org.springframework.http.converter.HttpMessageNotReadableException: JSON parse error: Cannot deserialize value of type `java.lang.Double` from String "asss": not a valid `Double` value; nested exception is com.fasterxml.jackson.databind.exc.InvalidFormatException: Cannot deserialize value of type `java.lang.Double` from String "asss": not a valid `Double` value<EOL> at [Source: (org.springframework.util.StreamUtils$NonClosingInputStream); line: 10, column: 9] (through reference chain: com.inn.model.PurchaseItemDetail["itemDetail"]->java.util.ArrayList[0]->com.inn.model.ItemDetail["price"])]
2023-08-24 21:34:24.469 [http-nio-2023-exec-2] INFO  c.i.c.i.PurchaseItemDetailControllerImpl - Inside the method create PurchaseItemDetail=PurchaseItemDetail(id=null, identifier=null, userName=sarfarazalam, emailId=null, userIdentifier=null, createdDate=null, createdTime=null, modifiedDate=null, modifiedTime=null, month=null, day=null, modeOfPayment=CASH, paymentStatus=DONE, status=null, groupName=AA, purchaseDate=2023-08-17, itemDetail=[ItemDetail(id=null, itemName=Sugar, price=50.0, quantity=1.0, unitPrice=50.0, unitOfMeasurement=kg, purchaseItemDetail=null), ItemDetail(id=null, itemName=BISCUIT, price=50.0, quantity=5.0, unitPrice=10.0, unitOfMeasurement=Packet, purchaseItemDetail=null), ItemDetail(id=null, itemName=Oil, price=150.0, quantity=1.0, unitPrice=150.0, unitOfMeasurement=litre, purchaseItemDetail=null)])
2023-08-24 21:34:24.560 [http-nio-2023-exec-2] INFO  c.i.s.i.PurchaseItemDetailServiceImpl - Inside the method create PurchaseItemDetail=PurchaseItemDetail(id=null, identifier=null, userName=sarfarazalam, emailId=null, userIdentifier=null, createdDate=null, createdTime=null, modifiedDate=null, modifiedTime=null, month=null, day=null, modeOfPayment=CASH, paymentStatus=DONE, status=null, groupName=AA, purchaseDate=2023-08-17, itemDetail=[ItemDetail(id=null, itemName=Sugar, price=50.0, quantity=1.0, unitPrice=50.0, unitOfMeasurement=kg, purchaseItemDetail=null), ItemDetail(id=null, itemName=BISCUIT, price=50.0, quantity=5.0, unitPrice=10.0, unitOfMeasurement=Packet, purchaseItemDetail=null), ItemDetail(id=null, itemName=Oil, price=150.0, quantity=1.0, unitPrice=150.0, unitOfMeasurement=litre, purchaseItemDetail=null)])
2023-08-24 21:34:24.591 [http-nio-2023-exec-2] INFO  c.i.s.i.UserRegistrationServiceImpl - Inside the method findByUsername Username=sarfarazalam
2023-08-24 21:34:24.725 [http-nio-2023-exec-2] INFO  c.i.s.impl.GroupDetailServiceImpl - Inside the method findByGroupName GroupName=AA
2023-08-24 21:34:24.988 [http-nio-2023-exec-2] INFO  c.i.s.i.PurchaseItemDetailServiceImpl - Inside the method generateReport identifier=PID-8D380F
2023-08-24 21:34:24.992 [http-nio-2023-exec-2] INFO  c.i.s.i.PurchaseItemDetailServiceImpl - Download Path DownloadPath=C:\Final_Room_Management\Room_Management\DownloadPurchaseItemReport\202308242134\
2023-08-24 21:34:24.994 [http-nio-2023-exec-2] INFO  c.i.s.i.PurchaseItemDetailServiceImpl - sampleFilePath Detail  SampleFilePath=C:\Final_Room_Management\Room_Management\Room_Management\target\classes\PurchaseItemDetail.jasper
2023-08-24 21:34:24.994 [http-nio-2023-exec-2] INFO  c.i.s.i.PurchaseItemDetailServiceImpl - Inside the method findByIdentifier Identifier=PID-8D380F
2023-08-24 21:34:25.007 [http-nio-2023-exec-2] INFO  c.i.s.i.PurchaseItemDetailServiceImpl - After set values in parameter  Parameter={userId=USER-1D02B7, modeOfPayment=CASH, purchaseId=PID-8D380F, username=sarfarazalam, purchaseDate=2023-08-17, paymentStatus=DONE, email=sarfarazalam2702@gmail.com, groupName=AA, status=Pending}
2023-08-24 21:34:28.087 [http-nio-2023-exec-2] INFO  c.i.s.i.PurchaseItemDetailServiceImpl - Full file path and file name Full path =C:\Final_Room_Management\Room_Management\DownloadPurchaseItemReport\202308242134\sarfarazalam.pdf
2023-08-24 21:34:28.088 [http-nio-2023-exec-2] INFO  c.i.s.i.PurchaseItemDetailServiceImpl - Inside the method createAttachment filepath=C:\Final_Room_Management\Room_Management\DownloadPurchaseItemReport\202308242134\sarfarazalam.pdf identifier=PID-8D380F 
2023-08-24 21:34:28.114 [http-nio-2023-exec-2] INFO  c.i.s.i.PurchaseItemDetailServiceImpl - Detail of files  fileName=sarfarazalam.pdf filePath=C:\Final_Room_Management\Room_Management\DownloadPurchaseItemReport\202308242134\ fileSize=510770802688
2023-08-24 21:34:28.116 [http-nio-2023-exec-2] INFO  c.i.s.impl.AttachmentServiceImpl - Inside the method create UserRegisterationAttachment=Attachment(id=null, identifier=null, userName=sarfarazalam, fileName=sarfarazalam.pdf, filePath=C:\Final_Room_Management\Room_Management\DownloadPurchaseItemReport\202308242134\, fileSize=510770802688, userIdentifier=USER-1D02B7, pidIdentifier=PID-8D380F, extension=pdf, createdDate=null, createdTime=null, modifiedDateTime=null)
2023-08-24 21:59:14.389 [HikariPool-1 housekeeper] WARN  com.zaxxer.hikari.pool.HikariPool - HikariPool-1 - Thread starvation or clock leap detected (housekeeper delta=19m46s863ms796s800ns).
2023-08-24 22:00:14.081 [http-nio-2023-exec-4] INFO  c.i.c.i.PurchaseItemDetailControllerImpl - Inside the method create PurchaseItemDetail=PurchaseItemDetail(id=null, identifier=null, userName=sarfarazalam, emailId=null, userIdentifier=null, createdDate=null, createdTime=null, modifiedDate=null, modifiedTime=null, month=null, day=null, modeOfPayment=CASH, paymentStatus=DONE, status=null, groupName=AA, purchaseDate=2023-08-17, itemDetail=[ItemDetail(id=null, itemName=Sugar, price=50.0, quantity=1.0, unitPrice=50.0, unitOfMeasurement=kg, purchaseItemDetail=null), ItemDetail(id=null, itemName=BISCUIT, price=50.0, quantity=5.0, unitPrice=10.0, unitOfMeasurement=Packet, purchaseItemDetail=null), ItemDetail(id=null, itemName=Oil, price=150.0, quantity=1.0, unitPrice=150.0, unitOfMeasurement=litre, purchaseItemDetail=null)])
2023-08-24 22:00:14.083 [http-nio-2023-exec-4] INFO  c.i.s.i.PurchaseItemDetailServiceImpl - Inside the method create PurchaseItemDetail=PurchaseItemDetail(id=null, identifier=null, userName=sarfarazalam, emailId=null, userIdentifier=null, createdDate=null, createdTime=null, modifiedDate=null, modifiedTime=null, month=null, day=null, modeOfPayment=CASH, paymentStatus=DONE, status=null, groupName=AA, purchaseDate=2023-08-17, itemDetail=[ItemDetail(id=null, itemName=Sugar, price=50.0, quantity=1.0, unitPrice=50.0, unitOfMeasurement=kg, purchaseItemDetail=null), ItemDetail(id=null, itemName=BISCUIT, price=50.0, quantity=5.0, unitPrice=10.0, unitOfMeasurement=Packet, purchaseItemDetail=null), ItemDetail(id=null, itemName=Oil, price=150.0, quantity=1.0, unitPrice=150.0, unitOfMeasurement=litre, purchaseItemDetail=null)])
2023-08-24 22:00:14.084 [http-nio-2023-exec-4] INFO  c.i.s.i.UserRegistrationServiceImpl - Inside the method findByUsername Username=sarfarazalam
2023-08-24 22:00:14.101 [http-nio-2023-exec-4] INFO  c.i.s.impl.GroupDetailServiceImpl - Inside the method findByGroupName GroupName=AA
2023-08-24 22:00:14.187 [http-nio-2023-exec-4] INFO  c.i.s.i.PurchaseItemDetailServiceImpl - Inside the method generateReport identifier=PID-4867FA
2023-08-24 22:00:14.190 [http-nio-2023-exec-4] INFO  c.i.s.i.PurchaseItemDetailServiceImpl - Download Path DownloadPath=C:\Final_Room_Management\Room_Management\DownloadPurchaseItemReport\202308242200\
2023-08-24 22:00:14.191 [http-nio-2023-exec-4] INFO  c.i.s.i.PurchaseItemDetailServiceImpl - sampleFilePath Detail  SampleFilePath=C:\Final_Room_Management\Room_Management\Room_Management\target\classes\PurchaseItemDetail.jasper
2023-08-24 22:00:14.192 [http-nio-2023-exec-4] INFO  c.i.s.i.PurchaseItemDetailServiceImpl - Inside the method findByIdentifier Identifier=PID-4867FA
2023-08-24 22:00:14.198 [http-nio-2023-exec-4] INFO  c.i.s.i.PurchaseItemDetailServiceImpl - After set values in parameter  Parameter={userId=USER-1D02B7, modeOfPayment=CASH, purchaseId=PID-4867FA, username=sarfarazalam, purchaseDate=2023-08-17, paymentStatus=DONE, email=sarfarazalam2702@gmail.com, groupName=AA, status=Pending}
2023-08-24 22:00:14.516 [http-nio-2023-exec-4] INFO  c.i.s.i.PurchaseItemDetailServiceImpl - Full file path and file name Full path =C:\Final_Room_Management\Room_Management\DownloadPurchaseItemReport\202308242200\sarfarazalam.pdf
2023-08-24 22:00:14.517 [http-nio-2023-exec-4] INFO  c.i.s.i.PurchaseItemDetailServiceImpl - Inside the method createAttachment filepath=C:\Final_Room_Management\Room_Management\DownloadPurchaseItemReport\202308242200\sarfarazalam.pdf identifier=PID-4867FA 
2023-08-24 22:00:14.527 [http-nio-2023-exec-4] INFO  c.i.s.i.PurchaseItemDetailServiceImpl - Detail of files  fileName=sarfarazalam.pdf filePath=C:\Final_Room_Management\Room_Management\DownloadPurchaseItemReport\202308242200\ fileSize=510770802688
2023-08-24 22:00:14.527 [http-nio-2023-exec-4] INFO  c.i.s.impl.AttachmentServiceImpl - Inside the method create UserRegisterationAttachment=Attachment(id=null, identifier=null, userName=sarfarazalam, fileName=sarfarazalam.pdf, filePath=C:\Final_Room_Management\Room_Management\DownloadPurchaseItemReport\202308242200\, fileSize=510770802688, userIdentifier=USER-1D02B7, pidIdentifier=PID-4867FA, extension=pdf, createdDate=null, createdTime=null, modifiedDateTime=null)
